#
# There is insufficient memory for the Java Runtime Environment to continue.
# Native memory allocation (mmap) failed to map 260046848 bytes for G1 virtual space
# Possible reasons:
#   The system is out of physical RAM or swap space
#   The process is running with CompressedOops enabled, and the Java Heap may be blocking the growth of the native heap
# Possible solutions:
#   Reduce memory load on the system
#   Increase physical memory or swap space
#   Check if swap backing store is full
#   Decrease Java heap size (-Xmx/-Xms)
#   Decrease number of Java threads
#   Decrease Java thread stack sizes (-Xss)
#   Set larger code cache with -XX:ReservedCodeCacheSize=
#   JVM is running with Zero Based Compressed Oops mode in which the Java heap is
#     placed in the first 32GB address space. The Java Heap base address is the
#     maximum limit for the native heap growth. Please use -XX:HeapBaseMinAddress
#     to set the Java Heap base and to place the Java Heap above 32GB virtual address.
# This output file may be truncated or incomplete.
#
#  Out of Memory Error (os_windows.cpp:3600), pid=2092, tid=23640
#
# JRE version:  (21.0.1+12) (build )
# Java VM: OpenJDK 64-Bit Server VM (21.0.1+12-29, mixed mode, sharing, tiered, compressed oops, compressed class ptrs, g1 gc, windows-amd64)
# No core dump will be written. Minidumps are not enabled by default on client versions of Windows
#

---------------  S U M M A R Y ------------

Command Line: -javaagent:C:\Program Files\JetBrains\IntelliJ IDEA Community Edition 2023.3.4\lib\idea_rt.jar=52465:C:\Program Files\JetBrains\IntelliJ IDEA Community Edition 2023.3.4\bin -Dfile.encoding=UTF-8 -Dsun.stdout.encoding=UTF-8 -Dsun.stderr.encoding=UTF-8 MainApp

Host: AMD Ryzen 7 5800H with Radeon Graphics         , 16 cores, 15G,  Windows 11 , 64 bit Build 22621 (10.0.22621.5415)
Time: Sat Nov 29 23:05:30 2025 SE Asia Standard Time elapsed time: 0.009388 seconds (0d 0h 0m 0s)

---------------  T H R E A D  ---------------

Current thread (0x00000295e0292750):  JavaThread "Unknown thread" [_thread_in_vm, id=23640, stack(0x0000009769700000,0x0000009769800000) (1024K)]

Stack: [0x0000009769700000,0x0000009769800000]
Native frames: (J=compiled Java code, j=interpreted, Vv=VM code, C=native code)
V  [jvm.dll+0x6c9029]
V  [jvm.dll+0x854b81]
V  [jvm.dll+0x856e5e]
V  [jvm.dll+0x857543]
V  [jvm.dll+0x280c06]
V  [jvm.dll+0x6c5715]
V  [jvm.dll+0x6ba10a]
V  [jvm.dll+0x3557ea]
V  [jvm.dll+0x35d436]
V  [jvm.dll+0x3ae1be]
V  [jvm.dll+0x3ae468]
V  [jvm.dll+0x3291fc]
V  [jvm.dll+0x329d8b]
V  [jvm.dll+0x81d179]
V  [jvm.dll+0x3bb4f1]
V  [jvm.dll+0x805ae8]
V  [jvm.dll+0x44effe]
V  [jvm.dll+0x450901]
C  [jli.dll+0x52a3]
C  [ucrtbase.dll+0x29333]
C  [KERNEL32.DLL+0x1259d]
C  [ntdll.dll+0x5af78]


---------------  P R O C E S S  ---------------

Threads class SMR info:
_java_thread_list=0x00007ffa905a9b88, length=0, elements={
}

Java Threads: ( => current thread )
Total: 0

Other Threads:
  0x00000295e24fc4f0 WorkerThread "GC Thread#0"                     [id=10224, stack(0x0000009769800000,0x0000009769900000) (1024K)]
  0x00000295e250cc10 ConcurrentGCThread "G1 Main Marker"            [id=24468, stack(0x0000009769900000,0x0000009769a00000) (1024K)]
  0x00000295e250ddc0 WorkerThread "G1 Conc#0"                       [id=6952, stack(0x0000009769a00000,0x0000009769b00000) (1024K)]

[error occurred during error reporting (printing all threads), id 0xc0000005, EXCEPTION_ACCESS_VIOLATION (0xc0000005) at pc=0x00007ffa8fd1c2c7]
VM state: not at safepoint (not fully initialized)

VM Mutex/Monitor currently owned by a thread:  ([mutex/lock_event])
[0x00007ffa9061a6f8] Heap_lock - owner thread: 0x00000295e0292750

Heap address: 0x0000000709800000, size: 3944 MB, Compressed Oops mode: Zero based, Oop shift amount: 3

CDS archive(s) mapped at: [0x0000000000000000-0x0000000000000000-0x0000000000000000), size 0, SharedBaseAddress: 0x0000000800000000, ArchiveRelocationMode: 1.
Narrow klass base: 0x0000000000000000, Narrow klass shift: 0, Narrow klass range: 0x0

GC Precious Log:
 CardTable entry size: 512
 Card Set container configuration: InlinePtr #cards 4 size 8 Array Of Cards #cards 16 size 48 Howl #buckets 8 coarsen threshold 3686 Howl Bitmap #cards 512 size 80 coarsen threshold 460 Card regions per heap region 1 cards per card region 4096

Heap:
 garbage-first heap   total 0K, used 0K [0x0000000709800000, 0x0000000800000000)
  region size 2048K, 0 young (0K), 0 survivors (0K)

[error occurred during error reporting (printing heap information), id 0xc0000005, EXCEPTION_ACCESS_VIOLATION (0xc0000005) at pc=0x00007ffa90101be9]
GC Heap History (0 events):
No events

Dll operation events (1 events):
Event: 0.006 Loaded shared library C:\Program Files\Java\jdk-21.0.1\bin\java.dll

Deoptimization events (0 events):
No events

Classes loaded (0 events):
No events

Classes unloaded (0 events):
No events

Classes redefined (0 events):
No events

Internal exceptions (0 events):
No events

ZGC Phase Switch (0 events):
No events

VM Operations (0 events):
No events

Events (0 events):
No events


Dynamic libraries:
0x00007ff680a10000 - 0x00007ff680a1e000 	C:\Program Files\Java\jdk-21.0.1\bin\java.exe
0x00007ffb1e2b0000 - 0x00007ffb1e4c7000 	C:\WINDOWS\SYSTEM32\ntdll.dll
0x00007ffb1d910000 - 0x00007ffb1d9d4000 	C:\WINDOWS\System32\KERNEL32.DLL
0x00007ffb1b8e0000 - 0x00007ffb1bcb2000 	C:\WINDOWS\System32\KERNELBASE.dll
0x00007ffb1be20000 - 0x00007ffb1bf31000 	C:\WINDOWS\System32\ucrtbase.dll
0x00007ffaf89e0000 - 0x00007ffaf89f8000 	C:\Program Files\Java\jdk-21.0.1\bin\jli.dll
0x00007ffaf9b20000 - 0x00007ffaf9b3b000 	C:\Program Files\Java\jdk-21.0.1\bin\VCRUNTIME140.dll
0x00007ffb1de00000 - 0x00007ffb1dfb1000 	C:\WINDOWS\System32\USER32.dll
0x00007ffb11cc0000 - 0x00007ffb11f5b000 	C:\WINDOWS\WinSxS\amd64_microsoft.windows.common-controls_6595b64144ccf1df_6.0.22621.5547_none_27104afb73855772\COMCTL32.dll
0x00007ffb1b5c0000 - 0x00007ffb1b5e6000 	C:\WINDOWS\System32\win32u.dll
0x00007ffb1bf40000 - 0x00007ffb1bfe7000 	C:\WINDOWS\System32\msvcrt.dll
0x00007ffb1ca60000 - 0x00007ffb1ca89000 	C:\WINDOWS\System32\GDI32.dll
0x00007ffb1b7b0000 - 0x00007ffb1b8d3000 	C:\WINDOWS\System32\gdi32full.dll
0x00007ffb1bcc0000 - 0x00007ffb1bd5a000 	C:\WINDOWS\System32\msvcp_win.dll
0x00007ffb1e230000 - 0x00007ffb1e261000 	C:\WINDOWS\System32\IMM32.DLL
0x00007ffafe640000 - 0x00007ffafe64c000 	C:\Program Files\Java\jdk-21.0.1\bin\vcruntime140_1.dll
0x00007ffabc620000 - 0x00007ffabc6ae000 	C:\Program Files\Java\jdk-21.0.1\bin\msvcp140.dll
0x00007ffa8f9e0000 - 0x00007ffa906f5000 	C:\Program Files\Java\jdk-21.0.1\bin\server\jvm.dll
0x00007ffb1d9e0000 - 0x00007ffb1da91000 	C:\WINDOWS\System32\ADVAPI32.dll
0x00007ffb1e030000 - 0x00007ffb1e0d8000 	C:\WINDOWS\System32\sechost.dll
0x00007ffb1b420000 - 0x00007ffb1b448000 	C:\WINDOWS\System32\bcrypt.dll
0x00007ffb1e0f0000 - 0x00007ffb1e204000 	C:\WINDOWS\System32\RPCRT4.dll
0x00007ffb1bff0000 - 0x00007ffb1c061000 	C:\WINDOWS\System32\WS2_32.dll
0x00007ffb1b270000 - 0x00007ffb1b2bd000 	C:\WINDOWS\SYSTEM32\POWRPROF.dll
0x00007ffb166c0000 - 0x00007ffb166f4000 	C:\WINDOWS\SYSTEM32\WINMM.dll
0x00007ffb12770000 - 0x00007ffb1277a000 	C:\WINDOWS\SYSTEM32\VERSION.dll
0x00007ffb1b250000 - 0x00007ffb1b263000 	C:\WINDOWS\SYSTEM32\UMPDC.dll
0x00007ffb1a3d0000 - 0x00007ffb1a3e8000 	C:\WINDOWS\SYSTEM32\kernel.appcore.dll
0x00007ffaf89b0000 - 0x00007ffaf89ba000 	C:\Program Files\Java\jdk-21.0.1\bin\jimage.dll
0x00007ffb18c80000 - 0x00007ffb18eb3000 	C:\WINDOWS\SYSTEM32\DBGHELP.DLL
0x00007ffb1c240000 - 0x00007ffb1c5d3000 	C:\WINDOWS\System32\combase.dll
0x00007ffb1dc50000 - 0x00007ffb1dd27000 	C:\WINDOWS\System32\OLEAUT32.dll
0x00007ffb0d970000 - 0x00007ffb0d9a2000 	C:\WINDOWS\SYSTEM32\dbgcore.DLL
0x00007ffb1b3a0000 - 0x00007ffb1b41b000 	C:\WINDOWS\System32\bcryptPrimitives.dll
0x00007ffaf89a0000 - 0x00007ffaf89af000 	C:\Program Files\Java\jdk-21.0.1\bin\instrument.dll
0x00007ffaf7790000 - 0x00007ffaf77af000 	C:\Program Files\Java\jdk-21.0.1\bin\java.dll

dbghelp: loaded successfully - version: 4.0.5 - missing functions: none
symbol engine: initialized successfully - sym options: 0x614 - pdb path: .;C:\Program Files\Java\jdk-21.0.1\bin;C:\WINDOWS\SYSTEM32;C:\WINDOWS\WinSxS\amd64_microsoft.windows.common-controls_6595b64144ccf1df_6.0.22621.5547_none_27104afb73855772;C:\Program Files\Java\jdk-21.0.1\bin\server

VM Arguments:
jvm_args: -javaagent:C:\Program Files\JetBrains\IntelliJ IDEA Community Edition 2023.3.4\lib\idea_rt.jar=52465:C:\Program Files\JetBrains\IntelliJ IDEA Community Edition 2023.3.4\bin -Dfile.encoding=UTF-8 -Dsun.stdout.encoding=UTF-8 -Dsun.stderr.encoding=UTF-8 
java_command: MainApp
java_class_path (initial): C:\Users\User-PC\IdeaProjects\UlarNode\out\production\UlarNode
Launcher Type: SUN_STANDARD

[Global flags]
     intx CICompilerCount                          = 12                                        {product} {ergonomic}
     uint ConcGCThreads                            = 3                                         {product} {ergonomic}
     uint G1ConcRefinementThreads                  = 13                                        {product} {ergonomic}
   size_t G1HeapRegionSize                         = 2097152                                   {product} {ergonomic}
    uintx GCDrainStackTargetSize                   = 64                                        {product} {ergonomic}
   size_t InitialHeapSize                          = 260046848                                 {product} {ergonomic}
   size_t MarkStackSize                            = 4194304                                   {product} {ergonomic}
   size_t MaxHeapSize                              = 4135583744                                {product} {ergonomic}
   size_t MinHeapDeltaBytes                        = 2097152                                   {product} {ergonomic}
   size_t MinHeapSize                              = 8388608                                   {product} {ergonomic}
    uintx NonNMethodCodeHeapSize                   = 7602480                                {pd product} {ergonomic}
    uintx NonProfiledCodeHeapSize                  = 122027880                              {pd product} {ergonomic}
    uintx ProfiledCodeHeapSize                     = 122027880                              {pd product} {ergonomic}
    uintx ReservedCodeCacheSize                    = 251658240                              {pd product} {ergonomic}
     bool SegmentedCodeCache                       = true                                      {product} {ergonomic}
   size_t SoftMaxHeapSize                          = 4135583744                             {manageable} {ergonomic}
     bool UseCompressedOops                        = true                           {product lp64_product} {ergonomic}
     bool UseG1GC                                  = true                                      {product} {ergonomic}
     bool UseLargePagesIndividualAllocation        = false                                  {pd product} {ergonomic}

Logging:
Log output configuration:
 #0: stdout all=warning uptime,level,tags foldmultilines=false
 #1: stderr all=off uptime,level,tags foldmultilines=false

Environment Variables:
PATH=C:\Ruby33-x64\bin;C:\Program Files\Common Files\Oracle\Java\javapath;C:\WINDOWS\system32;C:\WINDOWS;C:\WINDOWS\System32\Wbem;C:\WINDOWS\System32\WindowsPowerShell\v1.0\;C:\WINDOWS\System32\OpenSSH\;C:\Program Files\dotnet\;C:\Program Files\PostgreSQL\16\bin;C:\Program Files\Docker\Docker\resources\bin;C:\Program Files (x86)\Microsoft SQL Server\160\DTS\Binn\;C:\xampp\php;C:\ProgramData\ComposerSetup\bin;C:\Program Files\Git\cmd;C:\Users\User-PC\AppData\Local\Programs\Eclipse Adoptium\jdk-21.0.8.9-hotspot\bin;C:\Users\User-PC\AppData\Local\Programs\Python\Python311\Scripts\;C:\Users\User-PC\AppData\Local\Programs\Python\Python311\;C:\Users\User-PC\AppData\Local\Microsoft\WindowsApps;C:\Users\User-PC\AppData\Local\Programs\Microsoft VS Code\bin;C:\Users\User-PC\.dotnet\tools;C:\Users\User-PC\AppData\Roaming\Composer\vendor\bin;D:\flutter\bin
USERNAME=User-PC
OS=Windows_NT
PROCESSOR_IDENTIFIER=AMD64 Family 25 Model 80 Stepping 0, AuthenticAMD
TMP=C:\Users\User-PC\AppData\Local\Temp
TEMP=C:\Users\User-PC\AppData\Local\Temp




Periodic native trim disabled

---------------  S Y S T E M  ---------------

OS:
 Windows 11 , 64 bit Build 22621 (10.0.22621.5415)
OS uptime: 0 days 6:42 hours

CPU: total 16 (initial active 16) (16 cores per cpu, 2 threads per core) family 25 model 80 stepping 0 microcode 0x0, cx8, cmov, fxsr, ht, mmx, 3dnowpref, sse, sse2, sse3, ssse3, sse4a, sse4.1, sse4.2, popcnt, lzcnt, tsc, tscinvbit, avx, avx2, aes, erms, clmul, bmi1, bmi2, adx, sha, fma, vzeroupper, clflush, clflushopt, rdtscp, rdpid, fsrm, f16c, pku, cet_ss
Processor Information for processor 0
  Max Mhz: 3201, Current Mhz: 3201, Mhz Limit: 3201
Processor Information for processor 1
  Max Mhz: 3201, Current Mhz: 1990, Mhz Limit: 3201
Processor Information for processor 2
  Max Mhz: 3201, Current Mhz: 3201, Mhz Limit: 3201
Processor Information for processor 3
  Max Mhz: 3201, Current Mhz: 1990, Mhz Limit: 3201
Processor Information for processor 4
  Max Mhz: 3201, Current Mhz: 1990, Mhz Limit: 3201
Processor Information for processor 5
  Max Mhz: 3201, Current Mhz: 3201, Mhz Limit: 3201
Processor Information for processor 6
  Max Mhz: 3201, Current Mhz: 1990, Mhz Limit: 3201
Processor Information for processor 7
  Max Mhz: 3201, Current Mhz: 3201, Mhz Limit: 3201
Processor Information for processor 8
  Max Mhz: 3201, Current Mhz: 1990, Mhz Limit: 3201
Processor Information for processor 9
  Max Mhz: 3201, Current Mhz: 1990, Mhz Limit: 3201
Processor Information for processor 10
  Max Mhz: 3201, Current Mhz: 3201, Mhz Limit: 3201
Processor Information for processor 11
  Max Mhz: 3201, Current Mhz: 1990, Mhz Limit: 3201
Processor Information for processor 12
  Max Mhz: 3201, Current Mhz: 3201, Mhz Limit: 3201
Processor Information for processor 13
  Max Mhz: 3201, Current Mhz: 1990, Mhz Limit: 3201
Processor Information for processor 14
  Max Mhz: 3201, Current Mhz: 1990, Mhz Limit: 3201
Processor Information for processor 15
  Max Mhz: 3201, Current Mhz: 3201, Mhz Limit: 3201

Memory: 4k page, system-wide physical 15773M (4602M free)
TotalPageFile size 15773M (AvailPageFile size 201M)
current process WorkingSet (physical memory assigned to process): 11M, peak: 11M
current process commit charge ("private bytes"): 70M, peak: 318M

vm_info: OpenJDK 64-Bit Server VM (21.0.1+12-29) for windows-amd64 JRE (21.0.1+12-29), built on 2023-10-05T13:27:09Z by "mach5one" with MS VC++ 17.1 (VS2022)

END.
