#
# There is insufficient memory for the Java Runtime Environment to continue.
# Native memory allocation (malloc) failed to allocate 966432 bytes for Chunk::new
# Possible reasons:
#   The system is out of physical RAM or swap space
#   The process is running with CompressedOops enabled, and the Java Heap may be blocking the growth of the native heap
# Possible solutions:
#   Reduce memory load on the system
#   Increase physical memory or swap space
#   Check if swap backing store is full
#   Decrease Java heap size (-Xmx/-Xms)
#   Decrease number of Java threads
#   Decrease Java thread stack sizes (-Xss)
#   Set larger code cache with -XX:ReservedCodeCacheSize=
#   JVM is running with Zero Based Compressed Oops mode in which the Java heap is
#     placed in the first 32GB address space. The Java Heap base address is the
#     maximum limit for the native heap growth. Please use -XX:HeapBaseMinAddress
#     to set the Java Heap base and to place the Java Heap above 32GB virtual address.
# This output file may be truncated or incomplete.
#
#  Out of Memory Error (arena.cpp:168), pid=6992, tid=25432
#
# JRE version: OpenJDK Runtime Environment (21.0.1+12) (build 21.0.1+12-29)
# Java VM: OpenJDK 64-Bit Server VM (21.0.1+12-29, mixed mode, sharing, tiered, compressed oops, compressed class ptrs, g1 gc, windows-amd64)
# No core dump will be written. Minidumps are not enabled by default on client versions of Windows
#

---------------  S U M M A R Y ------------

Command Line: -javaagent:C:\Program Files\JetBrains\IntelliJ IDEA Community Edition 2023.3.4\lib\idea_rt.jar=60245:C:\Program Files\JetBrains\IntelliJ IDEA Community Edition 2023.3.4\bin -Dfile.encoding=UTF-8 -Dsun.stdout.encoding=UTF-8 -Dsun.stderr.encoding=UTF-8 MainApp

Host: AMD Ryzen 7 5800H with Radeon Graphics         , 16 cores, 15G,  Windows 11 , 64 bit Build 22621 (10.0.22621.5415)
Time: Thu Nov 27 20:24:29 2025 SE Asia Standard Time elapsed time: 4.715015 seconds (0d 0h 0m 4s)

---------------  T H R E A D  ---------------

Current thread (0x000001d2245ea900):  JavaThread "C2 CompilerThread0" daemon [_thread_in_native, id=25432, stack(0x00000022af900000,0x00000022afa00000) (1024K)]


Current CompileTask:
C2:   4715 1899 %     4       sun.java2d.marlin.Renderer::_endRendering @ 808 (2646 bytes)

Stack: [0x00000022af900000,0x00000022afa00000]
Native frames: (J=compiled Java code, j=interpreted, Vv=VM code, C=native code)
V  [jvm.dll+0x6c9029]
V  [jvm.dll+0x854b81]
V  [jvm.dll+0x856e5e]
V  [jvm.dll+0x857543]
V  [jvm.dll+0x280c06]
V  [jvm.dll+0xc3ead]
V  [jvm.dll+0xc43c3]
V  [jvm.dll+0x3b576c]
V  [jvm.dll+0x1e1ec3]
V  [jvm.dll+0x249c22]
V  [jvm.dll+0x2490b1]
V  [jvm.dll+0x1c9ca1]
V  [jvm.dll+0x2586b9]
V  [jvm.dll+0x256c9a]
V  [jvm.dll+0x3ef1b6]
V  [jvm.dll+0x7fd728]
V  [jvm.dll+0x6c777d]
C  [ucrtbase.dll+0x29333]
C  [KERNEL32.DLL+0x1259d]
C  [ntdll.dll+0x5af78]


---------------  P R O C E S S  ---------------

Threads class SMR info:
_java_thread_list=0x000001d27046fd30, length=24, elements={
0x000001d2245bbae0, 0x000001d2245bc6f0, 0x000001d2245be830, 0x000001d2245df730,
0x000001d2245e0c90, 0x000001d2245e3fd0, 0x000001d2245ea900, 0x000001d2245eccd0,
0x000001d2245efc80, 0x000001d2247ddfc0, 0x000001d22492f820, 0x000001d2248e3630,
0x000001d224aa04d0, 0x000001d224a9ea90, 0x000001d224a9f7b0, 0x000001d224a9d6e0,
0x000001d224a9dd70, 0x000001d2245eda70, 0x000001d224aa0b60, 0x000001d224a9e400,
0x000001d2705138b0, 0x000001d270515980, 0x000001d270516010, 0x000001d27050fda0
}

Java Threads: ( => current thread )
  0x000001d2245bbae0 JavaThread "Reference Handler"          daemon [_thread_blocked, id=24504, stack(0x00000022af300000,0x00000022af400000) (1024K)]
  0x000001d2245bc6f0 JavaThread "Finalizer"                  daemon [_thread_blocked, id=26620, stack(0x00000022af400000,0x00000022af500000) (1024K)]
  0x000001d2245be830 JavaThread "Signal Dispatcher"          daemon [_thread_blocked, id=3680, stack(0x00000022af500000,0x00000022af600000) (1024K)]
  0x000001d2245df730 JavaThread "Attach Listener"            daemon [_thread_blocked, id=19996, stack(0x00000022af600000,0x00000022af700000) (1024K)]
  0x000001d2245e0c90 JavaThread "Service Thread"             daemon [_thread_blocked, id=25032, stack(0x00000022af700000,0x00000022af800000) (1024K)]
  0x000001d2245e3fd0 JavaThread "Monitor Deflation Thread"   daemon [_thread_blocked, id=17056, stack(0x00000022af800000,0x00000022af900000) (1024K)]
=>0x000001d2245ea900 JavaThread "C2 CompilerThread0"         daemon [_thread_in_native, id=25432, stack(0x00000022af900000,0x00000022afa00000) (1024K)]
  0x000001d2245eccd0 JavaThread "C1 CompilerThread0"         daemon [_thread_blocked, id=25596, stack(0x00000022afa00000,0x00000022afb00000) (1024K)]
  0x000001d2245efc80 JavaThread "C1 CompilerThread1"         daemon [_thread_blocked, id=23872, stack(0x00000022afb00000,0x00000022afc00000) (1024K)]
  0x000001d2247ddfc0 JavaThread "Common-Cleaner"             daemon [_thread_blocked, id=23892, stack(0x00000022afc00000,0x00000022afd00000) (1024K)]
  0x000001d22492f820 JavaThread "Monitor Ctrl-Break"         daemon [_thread_in_native, id=1920, stack(0x00000022afd00000,0x00000022afe00000) (1024K)]
  0x000001d2248e3630 JavaThread "Notification Thread"        daemon [_thread_blocked, id=21160, stack(0x00000022afe00000,0x00000022aff00000) (1024K)]
  0x000001d224aa04d0 JavaThread "Java2D Disposer"            daemon [_thread_blocked, id=23492, stack(0x00000022aff00000,0x00000022b0000000) (1024K)]
  0x000001d224a9ea90 JavaThread "AWT-Shutdown"                      [_thread_blocked, id=23948, stack(0x00000022b0000000,0x00000022b0100000) (1024K)]
  0x000001d224a9f7b0 JavaThread "AWT-Windows"                daemon [_thread_in_native, id=3696, stack(0x00000022b0100000,0x00000022b0200000) (1024K)]
  0x000001d224a9d6e0 JavaThread "AWT-EventQueue-0"                  [_thread_blocked, id=13768, stack(0x00000022b0200000,0x00000022b0300000) (1024K)]
  0x000001d224a9dd70 JavaThread "DestroyJavaVM"                     [_thread_blocked, id=23052, stack(0x00000022aeb00000,0x00000022aec00000) (1024K)]
  0x000001d2245eda70 JavaThread "C1 CompilerThread2"         daemon [_thread_blocked, id=18164, stack(0x00000022b0f00000,0x00000022b1000000) (1024K)]
  0x000001d224aa0b60 JavaThread "TimerQueue"                 daemon [_thread_blocked, id=25428, stack(0x00000022b1400000,0x00000022b1500000) (1024K)]
  0x000001d224a9e400 JavaThread "D3D Screen Updater"         daemon [_thread_blocked, id=16080, stack(0x00000022b1700000,0x00000022b1800000) (1024K)]
  0x000001d2705138b0 JavaThread "Java Sound Event Dispatcher" daemon [_thread_blocked, id=25180, stack(0x00000022b1200000,0x00000022b1300000) (1024K)]
  0x000001d270515980 JavaThread "Direct Clip"                daemon [_thread_blocked, id=24260, stack(0x00000022b1b00000,0x00000022b1c00000) (1024K)]
  0x000001d270516010 JavaThread "Direct Clip"                daemon [_thread_blocked, id=15408, stack(0x00000022b1e00000,0x00000022b1f00000) (1024K)]
  0x000001d27050fda0 JavaThread "Direct Clip"                daemon [_thread_blocked, id=9508, stack(0x00000022b1f00000,0x00000022b2000000) (1024K)]
Total: 24

Other Threads:
  0x000001d22459fdc0 VMThread "VM Thread"                           [id=10984, stack(0x00000022af200000,0x00000022af300000) (1024K)]
  0x000001d224588160 WatcherThread "VM Periodic Task Thread"        [id=5528, stack(0x00000022af100000,0x00000022af200000) (1024K)]
  0x000001d202cbd370 WorkerThread "GC Thread#0"                     [id=26500, stack(0x00000022aec00000,0x00000022aed00000) (1024K)]
  0x000001d202ccd990 ConcurrentGCThread "G1 Main Marker"            [id=26056, stack(0x00000022aed00000,0x00000022aee00000) (1024K)]
  0x000001d202ccec30 WorkerThread "G1 Conc#0"                       [id=26032, stack(0x00000022aee00000,0x00000022aef00000) (1024K)]
  0x000001d202d1e9c0 ConcurrentGCThread "G1 Refine#0"               [id=25416, stack(0x00000022aef00000,0x00000022af000000) (1024K)]
  0x000001d2244587f0 ConcurrentGCThread "G1 Service"                [id=1192, stack(0x00000022af000000,0x00000022af100000) (1024K)]
Total: 7

Threads with active compile tasks:
C2 CompilerThread0     4731 1899 %     4       sun.java2d.marlin.Renderer::_endRendering @ 808 (2646 bytes)
Total: 1

VM state: not at safepoint (normal execution)

VM Mutex/Monitor currently owned by a thread: None

Heap address: 0x0000000709800000, size: 3944 MB, Compressed Oops mode: Zero based, Oop shift amount: 3

CDS archive(s) mapped at: [0x000001d225000000-0x000001d225c90000-0x000001d225c90000), size 13172736, SharedBaseAddress: 0x000001d225000000, ArchiveRelocationMode: 1.
Compressed class space mapped at: 0x000001d226000000-0x000001d266000000, reserved size: 1073741824
Narrow klass base: 0x000001d225000000, Narrow klass shift: 0, Narrow klass range: 0x100000000

GC Precious Log:
 CardTable entry size: 512
 Card Set container configuration: InlinePtr #cards 4 size 8 Array Of Cards #cards 16 size 48 Howl #buckets 8 coarsen threshold 3686 Howl Bitmap #cards 512 size 80 coarsen threshold 460 Card regions per heap region 1 cards per card region 4096
 CPUs: 16 total, 16 available
 Memory: 15773M
 Large Page Support: Disabled
 NUMA Support: Disabled
 Compressed Oops: Enabled (Zero based)
 Heap Region Size: 2M
 Heap Min Capacity: 8M
 Heap Initial Capacity: 248M
 Heap Max Capacity: 3944M
 Pre-touch: Disabled
 Parallel Workers: 13
 Concurrent Workers: 3
 Concurrent Refinement Workers: 13
 Periodic GC: Disabled

Heap:
 garbage-first heap   total 253952K, used 18432K [0x0000000709800000, 0x0000000800000000)
  region size 2048K, 10 young (20480K), 0 survivors (0K)
 Metaspace       used 12457K, committed 12736K, reserved 1114112K
  class space    used 1339K, committed 1472K, reserved 1048576K

Heap Regions: E=young(eden), S=young(survivor), O=old, HS=humongous(starts), HC=humongous(continues), CS=collection set, F=free, TAMS=top-at-mark-start, PB=parsable bottom
|   0|0x0000000709800000, 0x0000000709800000, 0x0000000709a00000|  0%| F|  |TAMS 0x0000000709800000| PB 0x0000000709800000| Untracked 
|   1|0x0000000709a00000, 0x0000000709a00000, 0x0000000709c00000|  0%| F|  |TAMS 0x0000000709a00000| PB 0x0000000709a00000| Untracked 
|   2|0x0000000709c00000, 0x0000000709c00000, 0x0000000709e00000|  0%| F|  |TAMS 0x0000000709c00000| PB 0x0000000709c00000| Untracked 
|   3|0x0000000709e00000, 0x0000000709e00000, 0x000000070a000000|  0%| F|  |TAMS 0x0000000709e00000| PB 0x0000000709e00000| Untracked 
|   4|0x000000070a000000, 0x000000070a000000, 0x000000070a200000|  0%| F|  |TAMS 0x000000070a000000| PB 0x000000070a000000| Untracked 
|   5|0x000000070a200000, 0x000000070a200000, 0x000000070a400000|  0%| F|  |TAMS 0x000000070a200000| PB 0x000000070a200000| Untracked 
|   6|0x000000070a400000, 0x000000070a400000, 0x000000070a600000|  0%| F|  |TAMS 0x000000070a400000| PB 0x000000070a400000| Untracked 
|   7|0x000000070a600000, 0x000000070a600000, 0x000000070a800000|  0%| F|  |TAMS 0x000000070a600000| PB 0x000000070a600000| Untracked 
|   8|0x000000070a800000, 0x000000070a800000, 0x000000070aa00000|  0%| F|  |TAMS 0x000000070a800000| PB 0x000000070a800000| Untracked 
|   9|0x000000070aa00000, 0x000000070aa00000, 0x000000070ac00000|  0%| F|  |TAMS 0x000000070aa00000| PB 0x000000070aa00000| Untracked 
|  10|0x000000070ac00000, 0x000000070ac00000, 0x000000070ae00000|  0%| F|  |TAMS 0x000000070ac00000| PB 0x000000070ac00000| Untracked 
|  11|0x000000070ae00000, 0x000000070ae00000, 0x000000070b000000|  0%| F|  |TAMS 0x000000070ae00000| PB 0x000000070ae00000| Untracked 
|  12|0x000000070b000000, 0x000000070b000000, 0x000000070b200000|  0%| F|  |TAMS 0x000000070b000000| PB 0x000000070b000000| Untracked 
|  13|0x000000070b200000, 0x000000070b200000, 0x000000070b400000|  0%| F|  |TAMS 0x000000070b200000| PB 0x000000070b200000| Untracked 
|  14|0x000000070b400000, 0x000000070b400000, 0x000000070b600000|  0%| F|  |TAMS 0x000000070b400000| PB 0x000000070b400000| Untracked 
|  15|0x000000070b600000, 0x000000070b600000, 0x000000070b800000|  0%| F|  |TAMS 0x000000070b600000| PB 0x000000070b600000| Untracked 
|  16|0x000000070b800000, 0x000000070b800000, 0x000000070ba00000|  0%| F|  |TAMS 0x000000070b800000| PB 0x000000070b800000| Untracked 
|  17|0x000000070ba00000, 0x000000070ba00000, 0x000000070bc00000|  0%| F|  |TAMS 0x000000070ba00000| PB 0x000000070ba00000| Untracked 
|  18|0x000000070bc00000, 0x000000070bc00000, 0x000000070be00000|  0%| F|  |TAMS 0x000000070bc00000| PB 0x000000070bc00000| Untracked 
|  19|0x000000070be00000, 0x000000070be00000, 0x000000070c000000|  0%| F|  |TAMS 0x000000070be00000| PB 0x000000070be00000| Untracked 
|  20|0x000000070c000000, 0x000000070c000000, 0x000000070c200000|  0%| F|  |TAMS 0x000000070c000000| PB 0x000000070c000000| Untracked 
|  21|0x000000070c200000, 0x000000070c200000, 0x000000070c400000|  0%| F|  |TAMS 0x000000070c200000| PB 0x000000070c200000| Untracked 
|  22|0x000000070c400000, 0x000000070c400000, 0x000000070c600000|  0%| F|  |TAMS 0x000000070c400000| PB 0x000000070c400000| Untracked 
|  23|0x000000070c600000, 0x000000070c600000, 0x000000070c800000|  0%| F|  |TAMS 0x000000070c600000| PB 0x000000070c600000| Untracked 
|  24|0x000000070c800000, 0x000000070c800000, 0x000000070ca00000|  0%| F|  |TAMS 0x000000070c800000| PB 0x000000070c800000| Untracked 
|  25|0x000000070ca00000, 0x000000070ca00000, 0x000000070cc00000|  0%| F|  |TAMS 0x000000070ca00000| PB 0x000000070ca00000| Untracked 
|  26|0x000000070cc00000, 0x000000070cc00000, 0x000000070ce00000|  0%| F|  |TAMS 0x000000070cc00000| PB 0x000000070cc00000| Untracked 
|  27|0x000000070ce00000, 0x000000070ce00000, 0x000000070d000000|  0%| F|  |TAMS 0x000000070ce00000| PB 0x000000070ce00000| Untracked 
|  28|0x000000070d000000, 0x000000070d000000, 0x000000070d200000|  0%| F|  |TAMS 0x000000070d000000| PB 0x000000070d000000| Untracked 
|  29|0x000000070d200000, 0x000000070d200000, 0x000000070d400000|  0%| F|  |TAMS 0x000000070d200000| PB 0x000000070d200000| Untracked 
|  30|0x000000070d400000, 0x000000070d400000, 0x000000070d600000|  0%| F|  |TAMS 0x000000070d400000| PB 0x000000070d400000| Untracked 
|  31|0x000000070d600000, 0x000000070d600000, 0x000000070d800000|  0%| F|  |TAMS 0x000000070d600000| PB 0x000000070d600000| Untracked 
|  32|0x000000070d800000, 0x000000070d800000, 0x000000070da00000|  0%| F|  |TAMS 0x000000070d800000| PB 0x000000070d800000| Untracked 
|  33|0x000000070da00000, 0x000000070da00000, 0x000000070dc00000|  0%| F|  |TAMS 0x000000070da00000| PB 0x000000070da00000| Untracked 
|  34|0x000000070dc00000, 0x000000070dc00000, 0x000000070de00000|  0%| F|  |TAMS 0x000000070dc00000| PB 0x000000070dc00000| Untracked 
|  35|0x000000070de00000, 0x000000070de00000, 0x000000070e000000|  0%| F|  |TAMS 0x000000070de00000| PB 0x000000070de00000| Untracked 
|  36|0x000000070e000000, 0x000000070e000000, 0x000000070e200000|  0%| F|  |TAMS 0x000000070e000000| PB 0x000000070e000000| Untracked 
|  37|0x000000070e200000, 0x000000070e200000, 0x000000070e400000|  0%| F|  |TAMS 0x000000070e200000| PB 0x000000070e200000| Untracked 
|  38|0x000000070e400000, 0x000000070e400000, 0x000000070e600000|  0%| F|  |TAMS 0x000000070e400000| PB 0x000000070e400000| Untracked 
|  39|0x000000070e600000, 0x000000070e600000, 0x000000070e800000|  0%| F|  |TAMS 0x000000070e600000| PB 0x000000070e600000| Untracked 
|  40|0x000000070e800000, 0x000000070e800000, 0x000000070ea00000|  0%| F|  |TAMS 0x000000070e800000| PB 0x000000070e800000| Untracked 
|  41|0x000000070ea00000, 0x000000070ea00000, 0x000000070ec00000|  0%| F|  |TAMS 0x000000070ea00000| PB 0x000000070ea00000| Untracked 
|  42|0x000000070ec00000, 0x000000070ec00000, 0x000000070ee00000|  0%| F|  |TAMS 0x000000070ec00000| PB 0x000000070ec00000| Untracked 
|  43|0x000000070ee00000, 0x000000070ee00000, 0x000000070f000000|  0%| F|  |TAMS 0x000000070ee00000| PB 0x000000070ee00000| Untracked 
|  44|0x000000070f000000, 0x000000070f000000, 0x000000070f200000|  0%| F|  |TAMS 0x000000070f000000| PB 0x000000070f000000| Untracked 
|  45|0x000000070f200000, 0x000000070f200000, 0x000000070f400000|  0%| F|  |TAMS 0x000000070f200000| PB 0x000000070f200000| Untracked 
|  46|0x000000070f400000, 0x000000070f400000, 0x000000070f600000|  0%| F|  |TAMS 0x000000070f400000| PB 0x000000070f400000| Untracked 
|  47|0x000000070f600000, 0x000000070f600000, 0x000000070f800000|  0%| F|  |TAMS 0x000000070f600000| PB 0x000000070f600000| Untracked 
|  48|0x000000070f800000, 0x000000070f800000, 0x000000070fa00000|  0%| F|  |TAMS 0x000000070f800000| PB 0x000000070f800000| Untracked 
|  49|0x000000070fa00000, 0x000000070fa00000, 0x000000070fc00000|  0%| F|  |TAMS 0x000000070fa00000| PB 0x000000070fa00000| Untracked 
|  50|0x000000070fc00000, 0x000000070fc00000, 0x000000070fe00000|  0%| F|  |TAMS 0x000000070fc00000| PB 0x000000070fc00000| Untracked 
|  51|0x000000070fe00000, 0x000000070fe00000, 0x0000000710000000|  0%| F|  |TAMS 0x000000070fe00000| PB 0x000000070fe00000| Untracked 
|  52|0x0000000710000000, 0x0000000710000000, 0x0000000710200000|  0%| F|  |TAMS 0x0000000710000000| PB 0x0000000710000000| Untracked 
|  53|0x0000000710200000, 0x0000000710200000, 0x0000000710400000|  0%| F|  |TAMS 0x0000000710200000| PB 0x0000000710200000| Untracked 
|  54|0x0000000710400000, 0x0000000710400000, 0x0000000710600000|  0%| F|  |TAMS 0x0000000710400000| PB 0x0000000710400000| Untracked 
|  55|0x0000000710600000, 0x0000000710600000, 0x0000000710800000|  0%| F|  |TAMS 0x0000000710600000| PB 0x0000000710600000| Untracked 
|  56|0x0000000710800000, 0x0000000710800000, 0x0000000710a00000|  0%| F|  |TAMS 0x0000000710800000| PB 0x0000000710800000| Untracked 
|  57|0x0000000710a00000, 0x0000000710a00000, 0x0000000710c00000|  0%| F|  |TAMS 0x0000000710a00000| PB 0x0000000710a00000| Untracked 
|  58|0x0000000710c00000, 0x0000000710c00000, 0x0000000710e00000|  0%| F|  |TAMS 0x0000000710c00000| PB 0x0000000710c00000| Untracked 
|  59|0x0000000710e00000, 0x0000000710e00000, 0x0000000711000000|  0%| F|  |TAMS 0x0000000710e00000| PB 0x0000000710e00000| Untracked 
|  60|0x0000000711000000, 0x0000000711000000, 0x0000000711200000|  0%| F|  |TAMS 0x0000000711000000| PB 0x0000000711000000| Untracked 
|  61|0x0000000711200000, 0x0000000711200000, 0x0000000711400000|  0%| F|  |TAMS 0x0000000711200000| PB 0x0000000711200000| Untracked 
|  62|0x0000000711400000, 0x0000000711400000, 0x0000000711600000|  0%| F|  |TAMS 0x0000000711400000| PB 0x0000000711400000| Untracked 
|  63|0x0000000711600000, 0x0000000711600000, 0x0000000711800000|  0%| F|  |TAMS 0x0000000711600000| PB 0x0000000711600000| Untracked 
|  64|0x0000000711800000, 0x0000000711800000, 0x0000000711a00000|  0%| F|  |TAMS 0x0000000711800000| PB 0x0000000711800000| Untracked 
|  65|0x0000000711a00000, 0x0000000711a00000, 0x0000000711c00000|  0%| F|  |TAMS 0x0000000711a00000| PB 0x0000000711a00000| Untracked 
|  66|0x0000000711c00000, 0x0000000711c00000, 0x0000000711e00000|  0%| F|  |TAMS 0x0000000711c00000| PB 0x0000000711c00000| Untracked 
|  67|0x0000000711e00000, 0x0000000711e00000, 0x0000000712000000|  0%| F|  |TAMS 0x0000000711e00000| PB 0x0000000711e00000| Untracked 
|  68|0x0000000712000000, 0x0000000712000000, 0x0000000712200000|  0%| F|  |TAMS 0x0000000712000000| PB 0x0000000712000000| Untracked 
|  69|0x0000000712200000, 0x0000000712200000, 0x0000000712400000|  0%| F|  |TAMS 0x0000000712200000| PB 0x0000000712200000| Untracked 
|  70|0x0000000712400000, 0x0000000712400000, 0x0000000712600000|  0%| F|  |TAMS 0x0000000712400000| PB 0x0000000712400000| Untracked 
|  71|0x0000000712600000, 0x0000000712600000, 0x0000000712800000|  0%| F|  |TAMS 0x0000000712600000| PB 0x0000000712600000| Untracked 
|  72|0x0000000712800000, 0x0000000712800000, 0x0000000712a00000|  0%| F|  |TAMS 0x0000000712800000| PB 0x0000000712800000| Untracked 
|  73|0x0000000712a00000, 0x0000000712a00000, 0x0000000712c00000|  0%| F|  |TAMS 0x0000000712a00000| PB 0x0000000712a00000| Untracked 
|  74|0x0000000712c00000, 0x0000000712c00000, 0x0000000712e00000|  0%| F|  |TAMS 0x0000000712c00000| PB 0x0000000712c00000| Untracked 
|  75|0x0000000712e00000, 0x0000000712e00000, 0x0000000713000000|  0%| F|  |TAMS 0x0000000712e00000| PB 0x0000000712e00000| Untracked 
|  76|0x0000000713000000, 0x0000000713000000, 0x0000000713200000|  0%| F|  |TAMS 0x0000000713000000| PB 0x0000000713000000| Untracked 
|  77|0x0000000713200000, 0x0000000713200000, 0x0000000713400000|  0%| F|  |TAMS 0x0000000713200000| PB 0x0000000713200000| Untracked 
|  78|0x0000000713400000, 0x0000000713400000, 0x0000000713600000|  0%| F|  |TAMS 0x0000000713400000| PB 0x0000000713400000| Untracked 
|  79|0x0000000713600000, 0x0000000713600000, 0x0000000713800000|  0%| F|  |TAMS 0x0000000713600000| PB 0x0000000713600000| Untracked 
|  80|0x0000000713800000, 0x0000000713800000, 0x0000000713a00000|  0%| F|  |TAMS 0x0000000713800000| PB 0x0000000713800000| Untracked 
|  81|0x0000000713a00000, 0x0000000713a00000, 0x0000000713c00000|  0%| F|  |TAMS 0x0000000713a00000| PB 0x0000000713a00000| Untracked 
|  82|0x0000000713c00000, 0x0000000713c00000, 0x0000000713e00000|  0%| F|  |TAMS 0x0000000713c00000| PB 0x0000000713c00000| Untracked 
|  83|0x0000000713e00000, 0x0000000713e00000, 0x0000000714000000|  0%| F|  |TAMS 0x0000000713e00000| PB 0x0000000713e00000| Untracked 
|  84|0x0000000714000000, 0x0000000714000000, 0x0000000714200000|  0%| F|  |TAMS 0x0000000714000000| PB 0x0000000714000000| Untracked 
|  85|0x0000000714200000, 0x0000000714200000, 0x0000000714400000|  0%| F|  |TAMS 0x0000000714200000| PB 0x0000000714200000| Untracked 
|  86|0x0000000714400000, 0x0000000714400000, 0x0000000714600000|  0%| F|  |TAMS 0x0000000714400000| PB 0x0000000714400000| Untracked 
|  87|0x0000000714600000, 0x0000000714600000, 0x0000000714800000|  0%| F|  |TAMS 0x0000000714600000| PB 0x0000000714600000| Untracked 
|  88|0x0000000714800000, 0x0000000714800000, 0x0000000714a00000|  0%| F|  |TAMS 0x0000000714800000| PB 0x0000000714800000| Untracked 
|  89|0x0000000714a00000, 0x0000000714a00000, 0x0000000714c00000|  0%| F|  |TAMS 0x0000000714a00000| PB 0x0000000714a00000| Untracked 
|  90|0x0000000714c00000, 0x0000000714c00000, 0x0000000714e00000|  0%| F|  |TAMS 0x0000000714c00000| PB 0x0000000714c00000| Untracked 
|  91|0x0000000714e00000, 0x0000000714e00000, 0x0000000715000000|  0%| F|  |TAMS 0x0000000714e00000| PB 0x0000000714e00000| Untracked 
|  92|0x0000000715000000, 0x0000000715000000, 0x0000000715200000|  0%| F|  |TAMS 0x0000000715000000| PB 0x0000000715000000| Untracked 
|  93|0x0000000715200000, 0x0000000715200000, 0x0000000715400000|  0%| F|  |TAMS 0x0000000715200000| PB 0x0000000715200000| Untracked 
|  94|0x0000000715400000, 0x0000000715400000, 0x0000000715600000|  0%| F|  |TAMS 0x0000000715400000| PB 0x0000000715400000| Untracked 
|  95|0x0000000715600000, 0x0000000715600000, 0x0000000715800000|  0%| F|  |TAMS 0x0000000715600000| PB 0x0000000715600000| Untracked 
|  96|0x0000000715800000, 0x0000000715800000, 0x0000000715a00000|  0%| F|  |TAMS 0x0000000715800000| PB 0x0000000715800000| Untracked 
|  97|0x0000000715a00000, 0x0000000715a00000, 0x0000000715c00000|  0%| F|  |TAMS 0x0000000715a00000| PB 0x0000000715a00000| Untracked 
|  98|0x0000000715c00000, 0x0000000715c00000, 0x0000000715e00000|  0%| F|  |TAMS 0x0000000715c00000| PB 0x0000000715c00000| Untracked 
|  99|0x0000000715e00000, 0x0000000715e00000, 0x0000000716000000|  0%| F|  |TAMS 0x0000000715e00000| PB 0x0000000715e00000| Untracked 
| 100|0x0000000716000000, 0x0000000716000000, 0x0000000716200000|  0%| F|  |TAMS 0x0000000716000000| PB 0x0000000716000000| Untracked 
| 101|0x0000000716200000, 0x0000000716200000, 0x0000000716400000|  0%| F|  |TAMS 0x0000000716200000| PB 0x0000000716200000| Untracked 
| 102|0x0000000716400000, 0x0000000716400000, 0x0000000716600000|  0%| F|  |TAMS 0x0000000716400000| PB 0x0000000716400000| Untracked 
| 103|0x0000000716600000, 0x0000000716600000, 0x0000000716800000|  0%| F|  |TAMS 0x0000000716600000| PB 0x0000000716600000| Untracked 
| 104|0x0000000716800000, 0x0000000716800000, 0x0000000716a00000|  0%| F|  |TAMS 0x0000000716800000| PB 0x0000000716800000| Untracked 
| 105|0x0000000716a00000, 0x0000000716a00000, 0x0000000716c00000|  0%| F|  |TAMS 0x0000000716a00000| PB 0x0000000716a00000| Untracked 
| 106|0x0000000716c00000, 0x0000000716c00000, 0x0000000716e00000|  0%| F|  |TAMS 0x0000000716c00000| PB 0x0000000716c00000| Untracked 
| 107|0x0000000716e00000, 0x0000000716e00000, 0x0000000717000000|  0%| F|  |TAMS 0x0000000716e00000| PB 0x0000000716e00000| Untracked 
| 108|0x0000000717000000, 0x0000000717000000, 0x0000000717200000|  0%| F|  |TAMS 0x0000000717000000| PB 0x0000000717000000| Untracked 
| 109|0x0000000717200000, 0x0000000717200000, 0x0000000717400000|  0%| F|  |TAMS 0x0000000717200000| PB 0x0000000717200000| Untracked 
| 110|0x0000000717400000, 0x0000000717400000, 0x0000000717600000|  0%| F|  |TAMS 0x0000000717400000| PB 0x0000000717400000| Untracked 
| 111|0x0000000717600000, 0x0000000717600000, 0x0000000717800000|  0%| F|  |TAMS 0x0000000717600000| PB 0x0000000717600000| Untracked 
| 112|0x0000000717800000, 0x0000000717800000, 0x0000000717a00000|  0%| F|  |TAMS 0x0000000717800000| PB 0x0000000717800000| Untracked 
| 113|0x0000000717a00000, 0x0000000717a00000, 0x0000000717c00000|  0%| F|  |TAMS 0x0000000717a00000| PB 0x0000000717a00000| Untracked 
| 114|0x0000000717c00000, 0x0000000717d5cf28, 0x0000000717e00000| 68%| E|  |TAMS 0x0000000717c00000| PB 0x0000000717c00000| Complete 
| 115|0x0000000717e00000, 0x0000000718000000, 0x0000000718000000|100%| E|CS|TAMS 0x0000000717e00000| PB 0x0000000717e00000| Complete 
| 116|0x0000000718000000, 0x0000000718200000, 0x0000000718200000|100%| E|CS|TAMS 0x0000000718000000| PB 0x0000000718000000| Complete 
| 117|0x0000000718200000, 0x0000000718400000, 0x0000000718400000|100%| E|CS|TAMS 0x0000000718200000| PB 0x0000000718200000| Complete 
| 118|0x0000000718400000, 0x0000000718600000, 0x0000000718600000|100%| E|CS|TAMS 0x0000000718400000| PB 0x0000000718400000| Complete 
| 119|0x0000000718600000, 0x0000000718800000, 0x0000000718800000|100%| E|CS|TAMS 0x0000000718600000| PB 0x0000000718600000| Complete 
| 120|0x0000000718800000, 0x0000000718a00000, 0x0000000718a00000|100%| E|CS|TAMS 0x0000000718800000| PB 0x0000000718800000| Complete 
| 121|0x0000000718a00000, 0x0000000718c00000, 0x0000000718c00000|100%| E|CS|TAMS 0x0000000718a00000| PB 0x0000000718a00000| Complete 
| 122|0x0000000718c00000, 0x0000000718e00000, 0x0000000718e00000|100%| E|CS|TAMS 0x0000000718c00000| PB 0x0000000718c00000| Complete 
| 123|0x0000000718e00000, 0x0000000719000000, 0x0000000719000000|100%| E|CS|TAMS 0x0000000718e00000| PB 0x0000000718e00000| Complete 

Card table byte_map: [0x000001d21d000000,0x000001d21d7c0000] _byte_map_base: 0x000001d2197b4000

Marking Bits: (CMBitMap*) 0x000001d202cbd880
 Bits: [0x000001d21d7c0000, 0x000001d221560000)

Polling page: 0x000001d20c850000

Metaspace:

Usage:
  Non-class:     10.86 MB used.
      Class:      1.31 MB used.
       Both:     12.17 MB used.

Virtual space:
  Non-class space:       64.00 MB reserved,      11.00 MB ( 17%) committed,  1 nodes.
      Class space:        1.00 GB reserved,       1.44 MB ( <1%) committed,  1 nodes.
             Both:        1.06 GB reserved,      12.44 MB (  1%) committed. 

Chunk freelists:
   Non-Class:  5.00 MB
       Class:  14.61 MB
        Both:  19.61 MB

MaxMetaspaceSize: unlimited
CompressedClassSpaceSize: 1.00 GB
Initial GC threshold: 21.00 MB
Current GC threshold: 21.00 MB
CDS: on
 - commit_granule_bytes: 65536.
 - commit_granule_words: 8192.
 - virtual_space_node_default_size: 8388608.
 - enlarge_chunks_in_place: 1.
 - use_allocation_guard: 0.


Internal statistics:

num_allocs_failed_limit: 0.
num_arena_births: 168.
num_arena_deaths: 0.
num_vsnodes_births: 2.
num_vsnodes_deaths: 0.
num_space_committed: 199.
num_space_uncommitted: 0.
num_chunks_returned_to_freelist: 0.
num_chunks_taken_from_freelist: 224.
num_chunk_merges: 0.
num_chunk_splits: 133.
num_chunks_enlarged: 62.
num_inconsistent_stats: 0.

CodeHeap 'non-profiled nmethods': size=119168Kb used=627Kb max_used=627Kb free=118540Kb
 bounds [0x000001d214410000, 0x000001d214680000, 0x000001d21b870000]
CodeHeap 'profiled nmethods': size=119104Kb used=3930Kb max_used=3930Kb free=115173Kb
 bounds [0x000001d20c870000, 0x000001d20cc50000, 0x000001d213cc0000]
CodeHeap 'non-nmethods': size=7488Kb used=2793Kb max_used=3356Kb free=4694Kb
 bounds [0x000001d213cc0000, 0x000001d214010000, 0x000001d214410000]
 total_blobs=2617 nmethods=1903 adapters=617
 compilation: enabled
              stopped_count=0, restarted_count=0
 full_count=0

Compilation events (20 events):
Event: 4.675 Thread 0x000001d2245eda70 nmethod 1894 0x000001d20cc39490 code [0x000001d20cc39640, 0x000001d20cc39808]
Event: 4.675 Thread 0x000001d2245efc80 1896       3       java.awt.Font::getFont2D (41 bytes)
Event: 4.675 Thread 0x000001d2245eda70 1892       3       java.lang.invoke.DelegatingMethodHandle$Holder::reinvoke_L (18 bytes)
Event: 4.675 Thread 0x000001d2245eccd0 nmethod 1895 0x000001d20cc39890 code [0x000001d20cc39a40, 0x000001d20cc39b80]
Event: 4.675 Thread 0x000001d2245eccd0 1897       3       sun.font.SunFontManager::findFont2D (993 bytes)
Event: 4.675 Thread 0x000001d2245eda70 nmethod 1892 0x000001d20cc39c90 code [0x000001d20cc39e60, 0x000001d20cc3a368]
Event: 4.675 Thread 0x000001d2245eda70 1898       3       sun.font.SunFontManager::dotStyleStr (44 bytes)
Event: 4.675 Thread 0x000001d2245efc80 nmethod 1896 0x000001d20cc3a490 code [0x000001d20cc3a660, 0x000001d20cc3a978]
Event: 4.675 Thread 0x000001d2245eda70 nmethod 1898 0x000001d20cc3ab10 code [0x000001d20cc3acc0, 0x000001d20cc3aed0]
Event: 4.676 Thread 0x000001d2245efc80 1900   !   3       sun.java2d.SunGraphics2D::drawString (132 bytes)
Event: 4.676 Thread 0x000001d2245eda70 1901       3       sun.java2d.marlin.Helpers::quadraticRoots (145 bytes)
Event: 4.676 Thread 0x000001d2245efc80 nmethod 1900 0x000001d20cc3af90 code [0x000001d20cc3b240, 0x000001d20cc3be48]
Event: 4.676 Thread 0x000001d2245efc80 1902       3       sun.java2d.marlin.Curve::ROCsq (130 bytes)
Event: 4.676 Thread 0x000001d2245eda70 nmethod 1901 0x000001d20cc3c390 code [0x000001d20cc3c5a0, 0x000001d20cc3ca20]
Event: 4.676 Thread 0x000001d2245efc80 nmethod 1902 0x000001d20cc3cc10 code [0x000001d20cc3cde0, 0x000001d20cc3cfb0]
Event: 4.676 Thread 0x000001d2245efc80 1903       1       sun.java2d.SurfaceData::getSurfaceType (5 bytes)
Event: 4.676 Thread 0x000001d2245efc80 nmethod 1903 0x000001d2144ab290 code [0x000001d2144ab420, 0x000001d2144ab4f0]
Event: 4.678 Thread 0x000001d2245eccd0 nmethod 1897 0x000001d20cc3d090 code [0x000001d20cc3dcc0, 0x000001d20cc44890]
Event: 4.684 Thread 0x000001d2245ea900 nmethod 1887% 0x000001d2144ab590 code [0x000001d2144ab780, 0x000001d2144ac230]
Event: 4.684 Thread 0x000001d2245ea900 1899 %     4       sun.java2d.marlin.Renderer::_endRendering @ 808 (2646 bytes)

GC Heap History (0 events):
No events

Dll operation events (15 events):
Event: 0.006 Loaded shared library C:\Program Files\Java\jdk-21.0.1\bin\java.dll
Event: 0.031 Loaded shared library C:\Program Files\Java\jdk-21.0.1\bin\jsvml.dll
Event: 0.062 Loaded shared library C:\Program Files\Java\jdk-21.0.1\bin\zip.dll
Event: 0.066 Loaded shared library C:\Program Files\Java\jdk-21.0.1\bin\instrument.dll
Event: 0.070 Loaded shared library C:\Program Files\Java\jdk-21.0.1\bin\net.dll
Event: 0.072 Loaded shared library C:\Program Files\Java\jdk-21.0.1\bin\nio.dll
Event: 0.077 Loaded shared library C:\Program Files\Java\jdk-21.0.1\bin\zip.dll
Event: 0.085 Loaded shared library C:\Program Files\JetBrains\IntelliJ IDEA Community Edition 2023.3.4\bin\breakgen64.dll
Event: 0.091 Loaded shared library C:\Program Files\Java\jdk-21.0.1\bin\extnet.dll
Event: 0.098 Loaded shared library C:\Program Files\Java\jdk-21.0.1\bin\jimage.dll
Event: 0.109 Loaded shared library C:\Program Files\Java\jdk-21.0.1\bin\awt.dll
Event: 0.329 Loaded shared library C:\Program Files\Java\jdk-21.0.1\bin\freetype.dll
Event: 0.330 Loaded shared library C:\Program Files\Java\jdk-21.0.1\bin\fontmanager.dll
Event: 1.473 Loaded shared library C:\Program Files\Java\jdk-21.0.1\bin\javajpeg.dll
Event: 2.711 Loaded shared library C:\Program Files\Java\jdk-21.0.1\bin\jsound.dll

Deoptimization events (20 events):
Event: 1.492 Thread 0x000001d224a9d6e0 DEOPT PACKING pc=0x000001d21444efa0 sp=0x00000022b02fd920
Event: 1.492 Thread 0x000001d224a9d6e0 DEOPT UNPACKING pc=0x000001d213d146a2 sp=0x00000022b02fd888 mode 2
Event: 2.705 Thread 0x000001d224a9d6e0 Uncommon trap: trap_request=0xffffff45 fr.pc=0x000001d214473828 relative=0x0000000000000e48
Event: 2.705 Thread 0x000001d224a9d6e0 Uncommon trap: reason=unstable_if action=reinterpret pc=0x000001d214473828 method=java.awt.Container.findComponentAtImpl(IIZ)Ljava/awt/Component; @ 24 c2
Event: 2.705 Thread 0x000001d224a9d6e0 DEOPT PACKING pc=0x000001d214473828 sp=0x00000022b02fda60
Event: 2.705 Thread 0x000001d224a9d6e0 DEOPT UNPACKING pc=0x000001d213d146a2 sp=0x00000022b02fd8f0 mode 2
Event: 3.502 Thread 0x000001d224a9d6e0 DEOPT PACKING pc=0x000001d20cbf6756 sp=0x00000022b02fd7f0
Event: 3.502 Thread 0x000001d224a9d6e0 DEOPT UNPACKING pc=0x000001d213d14e42 sp=0x00000022b02fcbe8 mode 0
Event: 3.744 Thread 0x000001d224a9d6e0 DEOPT PACKING pc=0x000001d20cbf00d8 sp=0x00000022b02fd9b0
Event: 3.744 Thread 0x000001d224a9d6e0 DEOPT UNPACKING pc=0x000001d213d14e42 sp=0x00000022b02fcd40 mode 0
Event: 4.372 Thread 0x000001d224a9d6e0 Uncommon trap: trap_request=0xffffff45 fr.pc=0x000001d2144a1c7c relative=0x0000000000001b5c
Event: 4.372 Thread 0x000001d224a9d6e0 Uncommon trap: reason=unstable_if action=reinterpret pc=0x000001d2144a1c7c method=sun.java2d.marlin.Renderer._endRendering(II)V @ 22 c2
Event: 4.372 Thread 0x000001d224a9d6e0 DEOPT PACKING pc=0x000001d2144a1c7c sp=0x00000022b02fd8b0
Event: 4.372 Thread 0x000001d224a9d6e0 DEOPT UNPACKING pc=0x000001d213d146a2 sp=0x00000022b02fd690 mode 2
Event: 4.374 Thread 0x000001d224a9d6e0 Uncommon trap: trap_request=0xffffff45 fr.pc=0x000001d214499a90 relative=0x0000000000002150
Event: 4.374 Thread 0x000001d224a9d6e0 Uncommon trap: reason=unstable_if action=reinterpret pc=0x000001d214499a90 method=sun.java2d.marlin.Renderer._endRendering(II)V @ 1805 c2
Event: 4.374 Thread 0x000001d224a9d6e0 DEOPT PACKING pc=0x000001d214499a90 sp=0x00000022b02fd730
Event: 4.374 Thread 0x000001d224a9d6e0 DEOPT UNPACKING pc=0x000001d213d146a2 sp=0x00000022b02fd5d0 mode 2
Event: 4.673 Thread 0x000001d224a9d6e0 DEOPT PACKING pc=0x000001d20cc12d4b sp=0x00000022b02fd900
Event: 4.673 Thread 0x000001d224a9d6e0 DEOPT UNPACKING pc=0x000001d213d14e42 sp=0x00000022b02fcd20 mode 0

Classes loaded (20 events):
Event: 2.733 Loading class com/sun/media/sound/DirectAudioDevice$DirectDL$Gain
Event: 2.733 Loading class javax/sound/sampled/FloatControl
Event: 2.734 Loading class javax/sound/sampled/FloatControl done
Event: 2.734 Loading class com/sun/media/sound/DirectAudioDevice$DirectDL$Gain done
Event: 2.734 Loading class com/sun/media/sound/DirectAudioDevice$DirectDL$Mute
Event: 2.734 Loading class javax/sound/sampled/BooleanControl
Event: 2.734 Loading class javax/sound/sampled/BooleanControl done
Event: 2.734 Loading class com/sun/media/sound/DirectAudioDevice$DirectDL$Mute done
Event: 2.734 Loading class javax/sound/sampled/BooleanControl$Type
Event: 2.734 Loading class javax/sound/sampled/BooleanControl$Type done
Event: 2.734 Loading class com/sun/media/sound/DirectAudioDevice$DirectDL$Balance
Event: 2.734 Loading class com/sun/media/sound/DirectAudioDevice$DirectDL$Balance done
Event: 2.734 Loading class com/sun/media/sound/DirectAudioDevice$DirectDL$Pan
Event: 2.734 Loading class com/sun/media/sound/DirectAudioDevice$DirectDL$Pan done
Event: 2.734 Loading class javax/sound/sampled/LineEvent
Event: 2.734 Loading class javax/sound/sampled/LineEvent done
Event: 2.734 Loading class javax/sound/sampled/LineEvent$Type
Event: 2.734 Loading class javax/sound/sampled/LineEvent$Type done
Event: 2.734 Loading class com/sun/media/sound/EventDispatcher
Event: 2.734 Loading class com/sun/media/sound/EventDispatcher done

Classes unloaded (0 events):
No events

Classes redefined (0 events):
No events

Internal exceptions (18 events):
Event: 0.078 Thread 0x000001d202c5bfb0 Exception <a 'java/lang/NoSuchMethodError'{0x0000000718d379d0}: 'void java.lang.invoke.DirectMethodHandle$Holder.invokeStatic(java.lang.Object, java.lang.Object, java.lang.Object)'> (0x0000000718d379d0) 
thrown [s\open\src\hotspot\share\interpreter\linkResolver.cpp, line 773]
Event: 0.082 Thread 0x000001d202c5bfb0 Exception <a 'java/lang/NoSuchMethodError'{0x0000000718d4eed8}: 'java.lang.Object java.lang.invoke.Invokers$Holder.invokeExact_MT(java.lang.Object, java.lang.Object, java.lang.Object, java.lang.Object, java.lang.Object)'> (0x0000000718d4eed8) 
thrown [s\open\src\hotspot\share\interpreter\linkResolver.cpp, line 773]
Event: 0.092 Thread 0x000001d22492f820 Exception <a 'java/lang/NoSuchMethodError'{0x0000000718dcbcf8}: 'void java.lang.invoke.DirectMethodHandle$Holder.invokeStatic(java.lang.Object, java.lang.Object)'> (0x0000000718dcbcf8) 
thrown [s\open\src\hotspot\share\interpreter\linkResolver.cpp, line 773]
Event: 0.101 Thread 0x000001d202c5bfb0 Exception <a 'java/lang/ClassNotFoundException'{0x0000000718d81da8}: sun/awt/resources/spi/awtProvider> (0x0000000718d81da8) 
thrown [s\open\src\hotspot\share\classfile\systemDictionary.cpp, line 312]
Event: 0.116 Thread 0x000001d202c5bfb0 Exception <a 'java/io/FileNotFoundException'{0x0000000718a11368}> (0x0000000718a11368) 
thrown [s\open\src\hotspot\share\prims\jni.cpp, line 520]
Event: 0.119 Thread 0x000001d202c5bfb0 Exception <a 'java/io/FileNotFoundException'{0x0000000718a3b178}> (0x0000000718a3b178) 
thrown [s\open\src\hotspot\share\prims\jni.cpp, line 520]
Event: 0.204 Thread 0x000001d224a9d6e0 Exception <a 'java/lang/NoSuchMethodError'{0x0000000718bf68a0}: 'void java.lang.invoke.DirectMethodHandle$Holder.invokeSpecial(java.lang.Object, java.lang.Object, java.lang.Object)'> (0x0000000718bf68a0) 
thrown [s\open\src\hotspot\share\interpreter\linkResolver.cpp, line 773]
Event: 0.209 Thread 0x000001d224a9d6e0 Exception <a 'java/lang/NoSuchMethodError'{0x000000071881c790}: 'java.lang.Object java.lang.invoke.DirectMethodHandle$Holder.newInvokeSpecial(java.lang.Object, java.lang.Object, java.lang.Object, java.lang.Object, java.lang.Object)'> (0x000000071881c790) 
thrown [s\open\src\hotspot\share\interpreter\linkResolver.cpp, line 773]
Event: 0.212 Thread 0x000001d224a9d6e0 Exception <a 'java/lang/NoSuchMethodError'{0x0000000718848118}: 'java.lang.Object java.lang.invoke.DirectMethodHandle$Holder.invokeStatic(java.lang.Object, int, java.lang.Object)'> (0x0000000718848118) 
thrown [s\open\src\hotspot\share\interpreter\linkResolver.cpp, line 773]
Event: 0.226 Thread 0x000001d224a9d6e0 Exception <a 'java/lang/ClassNotFoundException'{0x00000007188e7938}: com/sun/swing/internal/plaf/metal/resources/spi/metalProvider> (0x00000007188e7938) 
thrown [s\open\src\hotspot\share\classfile\systemDictionary.cpp, line 312]
Event: 0.227 Thread 0x000001d224a9d6e0 Exception <a 'java/lang/ClassNotFoundException'{0x00000007188eb898}: com/sun/swing/internal/plaf/basic/resources/spi/basicProvider> (0x00000007188eb898) 
thrown [s\open\src\hotspot\share\classfile\systemDictionary.cpp, line 312]
Event: 0.234 Thread 0x000001d224a9d6e0 Exception <a 'java/lang/NoSuchMethodError'{0x0000000718907948}: 'int java.lang.invoke.Invokers$Holder.invokeExact_MT(java.lang.Object, java.lang.Object)'> (0x0000000718907948) 
thrown [s\open\src\hotspot\share\interpreter\linkResolver.cpp, line 773]
Event: 0.356 Thread 0x000001d224a9d6e0 Exception <a 'java/lang/NoSuchMethodError'{0x00000007184fd520}: 'void java.lang.invoke.DirectMethodHandle$Holder.invokeSpecial(java.lang.Object, java.lang.Object, java.lang.Object, java.lang.Object, java.lang.Object)'> (0x00000007184fd520) 
thrown [s\open\src\hotspot\share\interpreter\linkResolver.cpp, line 773]
Event: 0.371 Thread 0x000001d224a9f7b0 Exception <a 'java/lang/NoSuchMethodError'{0x0000000718b610a0}: 'void java.lang.invoke.DirectMethodHandle$Holder.invokeVirtual(java.lang.Object, java.lang.Object)'> (0x0000000718b610a0) 
thrown [s\open\src\hotspot\share\interpreter\linkResolver.cpp, line 773]
Event: 0.384 Thread 0x000001d224a9d6e0 Exception <a 'java/lang/NoSuchMethodError'{0x000000071854bbc8}: 'void java.lang.invoke.DirectMethodHandle$Holder.invokeStaticInit(java.lang.Object)'> (0x000000071854bbc8) 
thrown [s\open\src\hotspot\share\interpreter\linkResolver.cpp, line 773]
Event: 1.067 Thread 0x000001d2245df730 Exception <a 'java/lang/NoSuchMethodError'{0x0000000718029968}: 'java.lang.Object java.lang.invoke.Invokers$Holder.invokeExact_MT(java.lang.Object, java.lang.Object, java.lang.Object, java.lang.Object, java.lang.Object, java.lang.Object)'> (0x0000000718029968) 
thrown [s\open\src\hotspot\share\interpreter\linkResolver.cpp, line 773]
Event: 2.743 Thread 0x000001d224a9d6e0 Exception <a 'java/lang/NoSuchMethodError'{0x0000000717f46058}: 'void java.lang.invoke.DirectMethodHandle$Holder.invokeSpecial(java.lang.Object, java.lang.Object, int)'> (0x0000000717f46058) 
thrown [s\open\src\hotspot\share\interpreter\linkResolver.cpp, line 773]
Event: 2.744 Thread 0x000001d224a9d6e0 Exception <a 'java/lang/NoSuchMethodError'{0x0000000717f4b280}: 'java.lang.Object java.lang.invoke.DirectMethodHandle$Holder.newInvokeSpecial(java.lang.Object, java.lang.Object, int)'> (0x0000000717f4b280) 
thrown [s\open\src\hotspot\share\interpreter\linkResolver.cpp, line 773]

ZGC Phase Switch (0 events):
No events

VM Operations (20 events):
Event: 0.366 Executing VM operation: HandshakeAllThreads (Deoptimize)
Event: 0.366 Executing VM operation: HandshakeAllThreads (Deoptimize) done
Event: 0.472 Executing VM operation: HandshakeAllThreads (Deoptimize)
Event: 0.472 Executing VM operation: HandshakeAllThreads (Deoptimize) done
Event: 0.480 Executing VM operation: ICBufferFull
Event: 0.480 Executing VM operation: ICBufferFull done
Event: 0.487 Executing VM operation: HandshakeAllThreads (Deoptimize)
Event: 0.487 Executing VM operation: HandshakeAllThreads (Deoptimize) done
Event: 1.470 Executing VM operation: HandshakeAllThreads (Deoptimize)
Event: 1.470 Executing VM operation: HandshakeAllThreads (Deoptimize) done
Event: 1.500 Executing VM operation: HandshakeAllThreads (Deoptimize)
Event: 1.500 Executing VM operation: HandshakeAllThreads (Deoptimize) done
Event: 1.500 Executing VM operation: Cleanup
Event: 1.500 Executing VM operation: Cleanup done
Event: 2.504 Executing VM operation: Cleanup
Event: 2.504 Executing VM operation: Cleanup done
Event: 3.519 Executing VM operation: Cleanup
Event: 3.519 Executing VM operation: Cleanup done
Event: 4.519 Executing VM operation: Cleanup
Event: 4.519 Executing VM operation: Cleanup done

Events (20 events):
Event: 0.155 Thread 0x000001d224a9dd70 Thread added: 0x000001d224a9dd70
Event: 0.297 Thread 0x000001d2245eda70 Thread added: 0x000001d2245eda70
Event: 0.297 Thread 0x000001d2245eeee0 Thread added: 0x000001d2245eeee0
Event: 0.321 Thread 0x000001d2245f0350 Thread added: 0x000001d2245f0350
Event: 0.321 Thread 0x000001d2245ed3a0 Thread added: 0x000001d2245ed3a0
Event: 0.321 Thread 0x000001d2245ee140 Thread added: 0x000001d2245ee140
Event: 0.352 Thread 0x000001d224aa0b60 Thread added: 0x000001d224aa0b60
Event: 0.446 Thread 0x000001d224a9e400 Thread added: 0x000001d224a9e400
Event: 0.591 Thread 0x000001d2245ee140 Thread exited: 0x000001d2245ee140
Event: 0.591 Thread 0x000001d2245ed3a0 Thread exited: 0x000001d2245ed3a0
Event: 0.598 Thread 0x000001d2245f0350 Thread exited: 0x000001d2245f0350
Event: 1.061 Thread 0x000001d2245ef5b0 Thread added: 0x000001d2245ef5b0
Event: 1.068 Thread 0x000001d2245f0350 Thread added: 0x000001d2245f0350
Event: 1.352 Thread 0x000001d2245f0350 Thread exited: 0x000001d2245f0350
Event: 1.352 Thread 0x000001d2245ef5b0 Thread exited: 0x000001d2245ef5b0
Event: 2.102 Thread 0x000001d2245eeee0 Thread exited: 0x000001d2245eeee0
Event: 2.734 Thread 0x000001d2705138b0 Thread added: 0x000001d2705138b0
Event: 2.743 Thread 0x000001d270515980 Thread added: 0x000001d270515980
Event: 4.371 Thread 0x000001d270516010 Thread added: 0x000001d270516010
Event: 4.672 Thread 0x000001d27050fda0 Thread added: 0x000001d27050fda0


Dynamic libraries:
0x00007ff6300a0000 - 0x00007ff6300ae000 	C:\Program Files\Java\jdk-21.0.1\bin\java.exe
0x00007ffb9b2b0000 - 0x00007ffb9b4c7000 	C:\WINDOWS\SYSTEM32\ntdll.dll
0x00007ffb991e0000 - 0x00007ffb992a4000 	C:\WINDOWS\System32\KERNEL32.DLL
0x00007ffb98620000 - 0x00007ffb989f2000 	C:\WINDOWS\System32\KERNELBASE.dll
0x00007ffb98500000 - 0x00007ffb98611000 	C:\WINDOWS\System32\ucrtbase.dll
0x00007ffb7f710000 - 0x00007ffb7f728000 	C:\Program Files\Java\jdk-21.0.1\bin\jli.dll
0x00007ffb91c60000 - 0x00007ffb91c7b000 	C:\Program Files\Java\jdk-21.0.1\bin\VCRUNTIME140.dll
0x00007ffb98fa0000 - 0x00007ffb99151000 	C:\WINDOWS\System32\USER32.dll
0x00007ffb984d0000 - 0x00007ffb984f6000 	C:\WINDOWS\System32\win32u.dll
0x00007ffb8dfb0000 - 0x00007ffb8e24b000 	C:\WINDOWS\WinSxS\amd64_microsoft.windows.common-controls_6595b64144ccf1df_6.0.22621.5547_none_27104afb73855772\COMCTL32.dll
0x00007ffb99e80000 - 0x00007ffb99ea9000 	C:\WINDOWS\System32\GDI32.dll
0x00007ffb9a1f0000 - 0x00007ffb9a297000 	C:\WINDOWS\System32\msvcrt.dll
0x00007ffb983a0000 - 0x00007ffb984c3000 	C:\WINDOWS\System32\gdi32full.dll
0x00007ffb98b40000 - 0x00007ffb98bda000 	C:\WINDOWS\System32\msvcp_win.dll
0x00007ffb98f40000 - 0x00007ffb98f71000 	C:\WINDOWS\System32\IMM32.DLL
0x00007ffb91bc0000 - 0x00007ffb91bcc000 	C:\Program Files\Java\jdk-21.0.1\bin\vcruntime140_1.dll
0x00007ffb63bd0000 - 0x00007ffb63c5e000 	C:\Program Files\Java\jdk-21.0.1\bin\msvcp140.dll
0x00007ffb3c6a0000 - 0x00007ffb3d3b5000 	C:\Program Files\Java\jdk-21.0.1\bin\server\jvm.dll
0x00007ffb99c20000 - 0x00007ffb99cd1000 	C:\WINDOWS\System32\ADVAPI32.dll
0x00007ffb99eb0000 - 0x00007ffb99f58000 	C:\WINDOWS\System32\sechost.dll
0x00007ffb98be0000 - 0x00007ffb98c08000 	C:\WINDOWS\System32\bcrypt.dll
0x00007ffb99620000 - 0x00007ffb99734000 	C:\WINDOWS\System32\RPCRT4.dll
0x00007ffb99160000 - 0x00007ffb991d1000 	C:\WINDOWS\System32\WS2_32.dll
0x00007ffb98270000 - 0x00007ffb982bd000 	C:\WINDOWS\SYSTEM32\POWRPROF.dll
0x00007ffb93a20000 - 0x00007ffb93a54000 	C:\WINDOWS\SYSTEM32\WINMM.dll
0x00007ffb8f5b0000 - 0x00007ffb8f5ba000 	C:\WINDOWS\SYSTEM32\VERSION.dll
0x00007ffb98250000 - 0x00007ffb98263000 	C:\WINDOWS\SYSTEM32\UMPDC.dll
0x00007ffb973d0000 - 0x00007ffb973e8000 	C:\WINDOWS\SYSTEM32\kernel.appcore.dll
0x00007ffb91b00000 - 0x00007ffb91b0a000 	C:\Program Files\Java\jdk-21.0.1\bin\jimage.dll
0x00007ffb95c80000 - 0x00007ffb95eb3000 	C:\WINDOWS\SYSTEM32\DBGHELP.DLL
0x00007ffb9ab50000 - 0x00007ffb9aee3000 	C:\WINDOWS\System32\combase.dll
0x00007ffb99440000 - 0x00007ffb99517000 	C:\WINDOWS\System32\OLEAUT32.dll
0x00007ffb8aff0000 - 0x00007ffb8b022000 	C:\WINDOWS\SYSTEM32\dbgcore.DLL
0x00007ffb98ec0000 - 0x00007ffb98f3b000 	C:\WINDOWS\System32\bcryptPrimitives.dll
0x00007ffb88070000 - 0x00007ffb8807f000 	C:\Program Files\Java\jdk-21.0.1\bin\instrument.dll
0x00007ffb7f4c0000 - 0x00007ffb7f4df000 	C:\Program Files\Java\jdk-21.0.1\bin\java.dll
0x00007ffb9a2a0000 - 0x00007ffb9ab42000 	C:\WINDOWS\System32\SHELL32.dll
0x00007ffb98a00000 - 0x00007ffb98b3f000 	C:\WINDOWS\System32\wintypes.dll
0x00007ffb962d0000 - 0x00007ffb96bed000 	C:\WINDOWS\SYSTEM32\windows.storage.dll
0x00007ffb992c0000 - 0x00007ffb993cc000 	C:\WINDOWS\System32\SHCORE.dll
0x00007ffb993d0000 - 0x00007ffb99439000 	C:\WINDOWS\System32\shlwapi.dll
0x00007ffb982d0000 - 0x00007ffb982fb000 	C:\WINDOWS\SYSTEM32\profapi.dll
0x00007ffb63af0000 - 0x00007ffb63bc7000 	C:\Program Files\Java\jdk-21.0.1\bin\jsvml.dll
0x00007ffb721a0000 - 0x00007ffb721b8000 	C:\Program Files\Java\jdk-21.0.1\bin\zip.dll
0x00007ffb87ef0000 - 0x00007ffb87f00000 	C:\Program Files\Java\jdk-21.0.1\bin\net.dll
0x00007ffb94cb0000 - 0x00007ffb94ddc000 	C:\WINDOWS\SYSTEM32\WINHTTP.dll
0x00007ffb97850000 - 0x00007ffb978b9000 	C:\WINDOWS\system32\mswsock.dll
0x00007ffb72430000 - 0x00007ffb72446000 	C:\Program Files\Java\jdk-21.0.1\bin\nio.dll
0x00007ffb6cc80000 - 0x00007ffb6cc9a000 	C:\Program Files\JetBrains\IntelliJ IDEA Community Edition 2023.3.4\bin\breakgen64.dll
0x00007ffb81100000 - 0x00007ffb81107000 	C:\Program Files\Java\jdk-21.0.1\bin\extnet.dll
0x00007ffb338a0000 - 0x00007ffb33a2e000 	C:\Program Files\Java\jdk-21.0.1\bin\awt.dll
0x00007ffb931d0000 - 0x00007ffb93267000 	C:\WINDOWS\SYSTEM32\apphelp.dll
0x00007ffb954d0000 - 0x00007ffb95584000 	C:\WINDOWS\system32\uxtheme.dll
0x00007ffb9a070000 - 0x00007ffb9a1d0000 	C:\WINDOWS\System32\MSCTF.dll
0x00007ffb99ce0000 - 0x00007ffb99e80000 	C:\WINDOWS\System32\ole32.dll
0x00007ffb95710000 - 0x00007ffb9573e000 	C:\WINDOWS\system32\DWMAPI.DLL
0x00007ffafd870000 - 0x00007ffafd970000 	C:\WINDOWS\system32\opengl32.dll
0x00007ffaf5060000 - 0x00007ffaf508d000 	C:\WINDOWS\SYSTEM32\GLU32.dll
0x00007ffb955c0000 - 0x00007ffb955f7000 	C:\WINDOWS\SYSTEM32\dxcore.dll
0x00007ffb61040000 - 0x00007ffb611e8000 	C:\WINDOWS\system32\d3d9.dll
0x00007ffb8dc30000 - 0x00007ffb8ddeb000 	C:\WINDOWS\System32\DriverStore\FileRepository\u0405562.inf_amd64_833d6fa62fbc9b88\B405308\aticfx64.dll
0x00007ffb63560000 - 0x00007ffb63594000 	C:\WINDOWS\System32\DriverStore\FileRepository\u0405562.inf_amd64_833d6fa62fbc9b88\B405308\atiu9p64.dll
0x00007ffb5d960000 - 0x00007ffb5e6a7000 	C:\WINDOWS\System32\DriverStore\FileRepository\u0405562.inf_amd64_833d6fa62fbc9b88\B405308\atiumd64.dll
0x0000000065e60000 - 0x0000000066d73000 	C:\WINDOWS\System32\DriverStore\FileRepository\u0405562.inf_amd64_833d6fa62fbc9b88\B405308\atiumd6a.dll
0x00007ffb99750000 - 0x00007ffb99bc4000 	C:\WINDOWS\System32\SETUPAPI.dll
0x00007ffb8bc70000 - 0x00007ffb8bca5000 	C:\WINDOWS\SYSTEM32\amdihk64.dll
0x00007ffb8ff60000 - 0x00007ffb8ffaa000 	C:\WINDOWS\SYSTEM32\directxdatabasehelper.dll
0x00007ffb378c0000 - 0x00007ffb37947000 	C:\Program Files\Java\jdk-21.0.1\bin\freetype.dll
0x00007ffb377e0000 - 0x00007ffb378b3000 	C:\Program Files\Java\jdk-21.0.1\bin\fontmanager.dll
0x00007ffb66100000 - 0x00007ffb6654c000 	C:\WINDOWS\SYSTEM32\UIAutomationCore.DLL
0x00007ffb6a770000 - 0x00007ffb6a7ea000 	C:\WINDOWS\SYSTEM32\OLEACC.dll
0x00007ffb9aef0000 - 0x00007ffb9afa0000 	C:\WINDOWS\System32\clbcatq.dll
0x00007ffb95310000 - 0x00007ffb954c1000 	C:\WINDOWS\SYSTEM32\WindowsCodecs.dll
0x00007ffb6a920000 - 0x00007ffb6a97e000 	C:\WINDOWS\system32\dataexchange.dll
0x00007ffb8f2d0000 - 0x00007ffb8f576000 	C:\WINDOWS\system32\twinapi.appcore.dll
0x00007ffb88d20000 - 0x00007ffb88e66000 	C:\WINDOWS\SYSTEM32\textinputframework.dll
0x00007ffb75c10000 - 0x00007ffb75c25000 	C:\Windows\System32\threadpoolwinrt.dll
0x00007ffb92ec0000 - 0x00007ffb92ff3000 	C:\WINDOWS\SYSTEM32\CoreMessaging.dll
0x00007ffb8f920000 - 0x00007ffb8fc8c000 	C:\WINDOWS\SYSTEM32\CoreUIComponents.dll
0x00007ffb97aa0000 - 0x00007ffb97aac000 	C:\WINDOWS\SYSTEM32\CRYPTBASE.DLL
0x00007ffb6cc30000 - 0x00007ffb6cc5e000 	C:\Program Files\Java\jdk-21.0.1\bin\javajpeg.dll
0x00007ffb6cc10000 - 0x00007ffb6cc22000 	C:\Program Files\Java\jdk-21.0.1\bin\jsound.dll
0x00007ffb37260000 - 0x00007ffb37302000 	C:\WINDOWS\SYSTEM32\DSOUND.dll
0x00007ffb84a80000 - 0x00007ffb84aa9000 	C:\WINDOWS\SYSTEM32\winmmbase.dll
0x00007ffb371a0000 - 0x00007ffb37251000 	C:\WINDOWS\SYSTEM32\ResampleDmo.DLL
0x00007ffb92750000 - 0x00007ffb9275b000 	C:\WINDOWS\SYSTEM32\msdmo.dll
0x00007ffb8ad10000 - 0x00007ffb8adac000 	C:\WINDOWS\System32\MMDevApi.dll
0x00007ffb97f70000 - 0x00007ffb97f9c000 	C:\WINDOWS\System32\DEVOBJ.dll
0x00007ffb97fa0000 - 0x00007ffb97fee000 	C:\WINDOWS\SYSTEM32\cfgmgr32.dll
0x00007ffb55800000 - 0x00007ffb55846000 	C:\WINDOWS\SYSTEM32\wdmaud.drv
0x00007ffb557f0000 - 0x00007ffb557f9000 	C:\WINDOWS\SYSTEM32\ksuser.dll
0x00007ffb93d70000 - 0x00007ffb93d7b000 	C:\WINDOWS\SYSTEM32\AVRT.dll
0x00007ffb7c7f0000 - 0x00007ffb7c9de000 	C:\WINDOWS\SYSTEM32\AUDIOSES.DLL
0x00007ffb557e0000 - 0x00007ffb557ee000 	C:\WINDOWS\SYSTEM32\msacm32.drv
0x00007ffb557c0000 - 0x00007ffb557de000 	C:\WINDOWS\SYSTEM32\MSACM32.dll
0x00007ffb557b0000 - 0x00007ffb557bb000 	C:\WINDOWS\SYSTEM32\midimap.dll
0x00007ffb7eef0000 - 0x00007ffb7f06e000 	C:\Windows\System32\Windows.UI.dll
0x00007ffb95a70000 - 0x00007ffb95a85000 	C:\WINDOWS\SYSTEM32\resourcepolicyclient.dll

dbghelp: loaded successfully - version: 4.0.5 - missing functions: none
symbol engine: initialized successfully - sym options: 0x614 - pdb path: .;C:\Program Files\Java\jdk-21.0.1\bin;C:\WINDOWS\SYSTEM32;C:\WINDOWS\WinSxS\amd64_microsoft.windows.common-controls_6595b64144ccf1df_6.0.22621.5547_none_27104afb73855772;C:\Program Files\Java\jdk-21.0.1\bin\server;C:\Program Files\JetBrains\IntelliJ IDEA Community Edition 2023.3.4\bin;C:\WINDOWS\System32\DriverStore\FileRepository\u0405562.inf_amd64_833d6fa62fbc9b88\B405308

VM Arguments:
jvm_args: -javaagent:C:\Program Files\JetBrains\IntelliJ IDEA Community Edition 2023.3.4\lib\idea_rt.jar=60245:C:\Program Files\JetBrains\IntelliJ IDEA Community Edition 2023.3.4\bin -Dfile.encoding=UTF-8 -Dsun.stdout.encoding=UTF-8 -Dsun.stderr.encoding=UTF-8 
java_command: MainApp
java_class_path (initial): C:\Users\User-PC\IdeaProjects\UlarNode\out\production\UlarNode
Launcher Type: SUN_STANDARD

[Global flags]
     intx CICompilerCount                          = 12                                        {product} {ergonomic}
     uint ConcGCThreads                            = 3                                         {product} {ergonomic}
     uint G1ConcRefinementThreads                  = 13                                        {product} {ergonomic}
   size_t G1HeapRegionSize                         = 2097152                                   {product} {ergonomic}
    uintx GCDrainStackTargetSize                   = 64                                        {product} {ergonomic}
   size_t InitialHeapSize                          = 260046848                                 {product} {ergonomic}
   size_t MarkStackSize                            = 4194304                                   {product} {ergonomic}
   size_t MaxHeapSize                              = 4135583744                                {product} {ergonomic}
   size_t MaxNewSize                               = 2480930816                                {product} {ergonomic}
   size_t MinHeapDeltaBytes                        = 2097152                                   {product} {ergonomic}
   size_t MinHeapSize                              = 8388608                                   {product} {ergonomic}
    uintx NonNMethodCodeHeapSize                   = 7602480                                {pd product} {ergonomic}
    uintx NonProfiledCodeHeapSize                  = 122027880                              {pd product} {ergonomic}
    uintx ProfiledCodeHeapSize                     = 122027880                              {pd product} {ergonomic}
    uintx ReservedCodeCacheSize                    = 251658240                              {pd product} {ergonomic}
     bool SegmentedCodeCache                       = true                                      {product} {ergonomic}
   size_t SoftMaxHeapSize                          = 4135583744                             {manageable} {ergonomic}
     bool UseCompressedOops                        = true                           {product lp64_product} {ergonomic}
     bool UseG1GC                                  = true                                      {product} {ergonomic}
     bool UseLargePagesIndividualAllocation        = false                                  {pd product} {ergonomic}

Logging:
Log output configuration:
 #0: stdout all=warning uptime,level,tags foldmultilines=false
 #1: stderr all=off uptime,level,tags foldmultilines=false

Environment Variables:
PATH=C:\Ruby33-x64\bin;C:\Program Files\Common Files\Oracle\Java\javapath;C:\WINDOWS\system32;C:\WINDOWS;C:\WINDOWS\System32\Wbem;C:\WINDOWS\System32\WindowsPowerShell\v1.0\;C:\WINDOWS\System32\OpenSSH\;C:\Program Files\dotnet\;C:\Program Files\PostgreSQL\16\bin;C:\Program Files\Docker\Docker\resources\bin;C:\Program Files (x86)\Microsoft SQL Server\160\DTS\Binn\;C:\xampp\php;C:\ProgramData\ComposerSetup\bin;C:\Program Files\Git\cmd;C:\Users\User-PC\AppData\Local\Programs\Eclipse Adoptium\jdk-21.0.8.9-hotspot\bin;C:\Users\User-PC\AppData\Local\Programs\Python\Python311\Scripts\;C:\Users\User-PC\AppData\Local\Programs\Python\Python311\;C:\Users\User-PC\AppData\Local\Microsoft\WindowsApps;C:\Users\User-PC\AppData\Local\Programs\Microsoft VS Code\bin;C:\Users\User-PC\.dotnet\tools;C:\Users\User-PC\AppData\Roaming\Composer\vendor\bin;D:\flutter\bin
USERNAME=User-PC
OS=Windows_NT
PROCESSOR_IDENTIFIER=AMD64 Family 25 Model 80 Stepping 0, AuthenticAMD
TMP=C:\Users\User-PC\AppData\Local\Temp
TEMP=C:\Users\User-PC\AppData\Local\Temp




Periodic native trim disabled

---------------  S Y S T E M  ---------------

OS:
 Windows 11 , 64 bit Build 22621 (10.0.22621.5415)
OS uptime: 0 days 2:59 hours

CPU: total 16 (initial active 16) (16 cores per cpu, 2 threads per core) family 25 model 80 stepping 0 microcode 0x0, cx8, cmov, fxsr, ht, mmx, 3dnowpref, sse, sse2, sse3, ssse3, sse4a, sse4.1, sse4.2, popcnt, lzcnt, tsc, tscinvbit, avx, avx2, aes, erms, clmul, bmi1, bmi2, adx, sha, fma, vzeroupper, clflush, clflushopt, rdtscp, rdpid, fsrm, f16c, pku, cet_ss
Processor Information for processor 0
  Max Mhz: 3201, Current Mhz: 1990, Mhz Limit: 3201
Processor Information for processor 1
  Max Mhz: 3201, Current Mhz: 1990, Mhz Limit: 3201
Processor Information for processor 2
  Max Mhz: 3201, Current Mhz: 1990, Mhz Limit: 3201
Processor Information for processor 3
  Max Mhz: 3201, Current Mhz: 3201, Mhz Limit: 3201
Processor Information for processor 4
  Max Mhz: 3201, Current Mhz: 1990, Mhz Limit: 3201
Processor Information for processor 5
  Max Mhz: 3201, Current Mhz: 1990, Mhz Limit: 3201
Processor Information for processor 6
  Max Mhz: 3201, Current Mhz: 1990, Mhz Limit: 3201
Processor Information for processor 7
  Max Mhz: 3201, Current Mhz: 1990, Mhz Limit: 3201
Processor Information for processor 8
  Max Mhz: 3201, Current Mhz: 1990, Mhz Limit: 3201
Processor Information for processor 9
  Max Mhz: 3201, Current Mhz: 1990, Mhz Limit: 3201
Processor Information for processor 10
  Max Mhz: 3201, Current Mhz: 1990, Mhz Limit: 3201
Processor Information for processor 11
  Max Mhz: 3201, Current Mhz: 1990, Mhz Limit: 3201
Processor Information for processor 12
  Max Mhz: 3201, Current Mhz: 1990, Mhz Limit: 3201
Processor Information for processor 13
  Max Mhz: 3201, Current Mhz: 1990, Mhz Limit: 3201
Processor Information for processor 14
  Max Mhz: 3201, Current Mhz: 3201, Mhz Limit: 3201
Processor Information for processor 15
  Max Mhz: 3201, Current Mhz: 1990, Mhz Limit: 3201

Memory: 4k page, system-wide physical 15773M (4785M free)
TotalPageFile size 15773M (AvailPageFile size 5M)
current process WorkingSet (physical memory assigned to process): 122M, peak: 122M
current process commit charge ("private bytes"): 419M, peak: 420M

vm_info: OpenJDK 64-Bit Server VM (21.0.1+12-29) for windows-amd64 JRE (21.0.1+12-29), built on 2023-10-05T13:27:09Z by "mach5one" with MS VC++ 17.1 (VS2022)

END.
