#
# There is insufficient memory for the Java Runtime Environment to continue.
# Native memory allocation (malloc) failed to allocate 308544 bytes for Chunk::new
# Possible reasons:
#   The system is out of physical RAM or swap space
#   The process is running with CompressedOops enabled, and the Java Heap may be blocking the growth of the native heap
# Possible solutions:
#   Reduce memory load on the system
#   Increase physical memory or swap space
#   Check if swap backing store is full
#   Decrease Java heap size (-Xmx/-Xms)
#   Decrease number of Java threads
#   Decrease Java thread stack sizes (-Xss)
#   Set larger code cache with -XX:ReservedCodeCacheSize=
#   JVM is running with Zero Based Compressed Oops mode in which the Java heap is
#     placed in the first 32GB address space. The Java Heap base address is the
#     maximum limit for the native heap growth. Please use -XX:HeapBaseMinAddress
#     to set the Java Heap base and to place the Java Heap above 32GB virtual address.
# This output file may be truncated or incomplete.
#
#  Out of Memory Error (arena.cpp:168), pid=26356, tid=24776
#
# JRE version: OpenJDK Runtime Environment (21.0.1+12) (build 21.0.1+12-29)
# Java VM: OpenJDK 64-Bit Server VM (21.0.1+12-29, mixed mode, sharing, tiered, compressed oops, compressed class ptrs, g1 gc, windows-amd64)
# No core dump will be written. Minidumps are not enabled by default on client versions of Windows
#

---------------  S U M M A R Y ------------

Command Line: -javaagent:C:\Program Files\JetBrains\IntelliJ IDEA Community Edition 2023.3.4\lib\idea_rt.jar=65510:C:\Program Files\JetBrains\IntelliJ IDEA Community Edition 2023.3.4\bin -Dfile.encoding=UTF-8 -Dsun.stdout.encoding=UTF-8 -Dsun.stderr.encoding=UTF-8 MainApp

Host: AMD Ryzen 7 5800H with Radeon Graphics         , 16 cores, 15G,  Windows 11 , 64 bit Build 22621 (10.0.22621.5415)
Time: Sun Nov 30 13:12:45 2025 SE Asia Standard Time elapsed time: 1.061053 seconds (0d 0h 0m 1s)

---------------  T H R E A D  ---------------

Current thread (0x0000017a13801820):  JavaThread "C2 CompilerThread0" daemon [_thread_in_native, id=24776, stack(0x00000010b5000000,0x00000010b5100000) (1024K)]


Current CompileTask:
C2:   1061 1550       4       java.io.DataInputStream::readFully (59 bytes)

Stack: [0x00000010b5000000,0x00000010b5100000]
Native frames: (J=compiled Java code, j=interpreted, Vv=VM code, C=native code)
V  [jvm.dll+0x6c9029]
V  [jvm.dll+0x854b81]
V  [jvm.dll+0x856e5e]
V  [jvm.dll+0x857543]
V  [jvm.dll+0x280c06]
V  [jvm.dll+0xc3ead]
V  [jvm.dll+0xc43c3]
V  [jvm.dll+0x3b576c]
V  [jvm.dll+0x1e1ec3]
V  [jvm.dll+0x249c22]
V  [jvm.dll+0x2490b1]
V  [jvm.dll+0x1c9ca1]
V  [jvm.dll+0x2586b9]
V  [jvm.dll+0x256c9a]
V  [jvm.dll+0x3ef1b6]
V  [jvm.dll+0x7fd728]
V  [jvm.dll+0x6c777d]
C  [ucrtbase.dll+0x29333]
C  [KERNEL32.DLL+0x1259d]
C  [ntdll.dll+0x5af78]


---------------  P R O C E S S  ---------------

Threads class SMR info:
_java_thread_list=0x0000017a5f594f20, length=22, elements={
0x0000017a137ebf40, 0x0000017a137ecc60, 0x0000017a137ef2b0, 0x0000017a137efd10,
0x0000017a137f2780, 0x0000017a137fb320, 0x0000017a13801820, 0x0000017a13827550,
0x0000017a137b9ed0, 0x0000017a13a59970, 0x0000017a13a629e0, 0x0000017a13b5c530,
0x0000017a13b5cba0, 0x0000017a13cd3310, 0x0000017a13cd5990, 0x0000017a13cd9030,
0x0000017a13cf18c0, 0x0000017a71e277c0, 0x0000017a59e8b810, 0x0000017a5f3f2f00,
0x0000017a5f416ee0, 0x0000017a5f65d430
}

Java Threads: ( => current thread )
  0x0000017a137ebf40 JavaThread "Reference Handler"          daemon [_thread_blocked, id=12156, stack(0x00000010b4a00000,0x00000010b4b00000) (1024K)]
  0x0000017a137ecc60 JavaThread "Finalizer"                  daemon [_thread_blocked, id=5840, stack(0x00000010b4b00000,0x00000010b4c00000) (1024K)]
  0x0000017a137ef2b0 JavaThread "Signal Dispatcher"          daemon [_thread_blocked, id=18372, stack(0x00000010b4c00000,0x00000010b4d00000) (1024K)]
  0x0000017a137efd10 JavaThread "Attach Listener"            daemon [_thread_blocked, id=24492, stack(0x00000010b4d00000,0x00000010b4e00000) (1024K)]
  0x0000017a137f2780 JavaThread "Service Thread"             daemon [_thread_blocked, id=10568, stack(0x00000010b4e00000,0x00000010b4f00000) (1024K)]
  0x0000017a137fb320 JavaThread "Monitor Deflation Thread"   daemon [_thread_blocked, id=10956, stack(0x00000010b4f00000,0x00000010b5000000) (1024K)]
=>0x0000017a13801820 JavaThread "C2 CompilerThread0"         daemon [_thread_in_native, id=24776, stack(0x00000010b5000000,0x00000010b5100000) (1024K)]
  0x0000017a13827550 JavaThread "C1 CompilerThread0"         daemon [_thread_blocked, id=18552, stack(0x00000010b5100000,0x00000010b5200000) (1024K)]
  0x0000017a137b9ed0 JavaThread "Common-Cleaner"             daemon [_thread_blocked, id=2264, stack(0x00000010b5200000,0x00000010b5300000) (1024K)]
  0x0000017a13a59970 JavaThread "C1 CompilerThread1"         daemon [_thread_blocked, id=22548, stack(0x00000010b5300000,0x00000010b5400000) (1024K)]
  0x0000017a13a629e0 JavaThread "C1 CompilerThread2"         daemon [_thread_blocked, id=4892, stack(0x00000010b5400000,0x00000010b5500000) (1024K)]
  0x0000017a13b5c530 JavaThread "Monitor Ctrl-Break"         daemon [_thread_in_native, id=12452, stack(0x00000010b5500000,0x00000010b5600000) (1024K)]
  0x0000017a13b5cba0 JavaThread "Notification Thread"        daemon [_thread_blocked, id=12860, stack(0x00000010b5600000,0x00000010b5700000) (1024K)]
  0x0000017a13cd3310 JavaThread "Java2D Disposer"            daemon [_thread_blocked, id=7660, stack(0x00000010b5700000,0x00000010b5800000) (1024K)]
  0x0000017a13cd5990 JavaThread "AWT-Shutdown"                      [_thread_blocked, id=15576, stack(0x00000010b5800000,0x00000010b5900000) (1024K)]
  0x0000017a13cd9030 JavaThread "AWT-Windows"                daemon [_thread_in_native, id=12272, stack(0x00000010b5900000,0x00000010b5a00000) (1024K)]
  0x0000017a13cf18c0 JavaThread "AWT-EventQueue-0"                  [_thread_blocked, id=17496, stack(0x00000010b5a00000,0x00000010b5b00000) (1024K)]
  0x0000017a71e277c0 JavaThread "DestroyJavaVM"                     [_thread_blocked, id=9508, stack(0x00000010b4200000,0x00000010b4300000) (1024K)]
  0x0000017a59e8b810 JavaThread "C1 CompilerThread3"         daemon [_thread_blocked, id=22124, stack(0x00000010b6700000,0x00000010b6800000) (1024K)]
  0x0000017a5f3f2f00 JavaThread "TimerQueue"                 daemon [_thread_blocked, id=9936, stack(0x00000010b6b00000,0x00000010b6c00000) (1024K)]
  0x0000017a5f416ee0 JavaThread "D3D Screen Updater"         daemon [_thread_blocked, id=16820, stack(0x00000010b7800000,0x00000010b7900000) (1024K)]
  0x0000017a5f65d430 JavaThread "C2 CompilerThread1"         daemon [_thread_blocked, id=26340, stack(0x00000010b6800000,0x00000010b6900000) (1024K)]
Total: 22

Other Threads:
  0x0000017a137d02a0 VMThread "VM Thread"                           [id=25436, stack(0x00000010b4900000,0x00000010b4a00000) (1024K)]
  0x0000017a137b9020 WatcherThread "VM Periodic Task Thread"        [id=19164, stack(0x00000010b4800000,0x00000010b4900000) (1024K)]
  0x0000017a71e8d590 WorkerThread "GC Thread#0"                     [id=19188, stack(0x00000010b4300000,0x00000010b4400000) (1024K)]
  0x0000017a5a1154d0 WorkerThread "GC Thread#1"                     [id=4804, stack(0x00000010b6c00000,0x00000010b6d00000) (1024K)]
  0x0000017a5f46f050 WorkerThread "GC Thread#2"                     [id=6532, stack(0x00000010b6d00000,0x00000010b6e00000) (1024K)]
  0x0000017a5f46f3f0 WorkerThread "GC Thread#3"                     [id=9700, stack(0x00000010b6e00000,0x00000010b6f00000) (1024K)]
  0x0000017a5f46fba0 WorkerThread "GC Thread#4"                     [id=3920, stack(0x00000010b6f00000,0x00000010b7000000) (1024K)]
  0x0000017a5f593a70 WorkerThread "GC Thread#5"                     [id=19444, stack(0x00000010b7000000,0x00000010b7100000) (1024K)]
  0x0000017a5a33b010 WorkerThread "GC Thread#6"                     [id=10772, stack(0x00000010b7100000,0x00000010b7200000) (1024K)]
  0x0000017a5a33a8d0 WorkerThread "GC Thread#7"                     [id=18492, stack(0x00000010b7200000,0x00000010b7300000) (1024K)]
  0x0000017a5a33ac70 WorkerThread "GC Thread#8"                     [id=12312, stack(0x00000010b7300000,0x00000010b7400000) (1024K)]
  0x0000017a5a33b3b0 WorkerThread "GC Thread#9"                     [id=13624, stack(0x00000010b7400000,0x00000010b7500000) (1024K)]
  0x0000017a5a33b750 WorkerThread "GC Thread#10"                    [id=19472, stack(0x00000010b7500000,0x00000010b7600000) (1024K)]
  0x0000017a71e9dca0 ConcurrentGCThread "G1 Main Marker"            [id=22588, stack(0x00000010b4400000,0x00000010b4500000) (1024K)]
  0x0000017a71e9ee40 WorkerThread "G1 Conc#0"                       [id=2576, stack(0x00000010b4500000,0x00000010b4600000) (1024K)]
  0x0000017a1368cdb0 ConcurrentGCThread "G1 Refine#0"               [id=3028, stack(0x00000010b4600000,0x00000010b4700000) (1024K)]
  0x0000017a1368d820 ConcurrentGCThread "G1 Service"                [id=8180, stack(0x00000010b4700000,0x00000010b4800000) (1024K)]
Total: 17

Threads with active compile tasks:
C2 CompilerThread0     1078 1550       4       java.io.DataInputStream::readFully (59 bytes)
Total: 1

VM state: not at safepoint (normal execution)

VM Mutex/Monitor currently owned by a thread: None

Heap address: 0x0000000709800000, size: 3944 MB, Compressed Oops mode: Zero based, Oop shift amount: 3

CDS archive(s) mapped at: [0x0000017a14000000-0x0000017a14c90000-0x0000017a14c90000), size 13172736, SharedBaseAddress: 0x0000017a14000000, ArchiveRelocationMode: 1.
Compressed class space mapped at: 0x0000017a15000000-0x0000017a55000000, reserved size: 1073741824
Narrow klass base: 0x0000017a14000000, Narrow klass shift: 0, Narrow klass range: 0x100000000

GC Precious Log:
 CardTable entry size: 512
 Card Set container configuration: InlinePtr #cards 4 size 8 Array Of Cards #cards 16 size 48 Howl #buckets 8 coarsen threshold 3686 Howl Bitmap #cards 512 size 80 coarsen threshold 460 Card regions per heap region 1 cards per card region 4096
 CPUs: 16 total, 16 available
 Memory: 15773M
 Large Page Support: Disabled
 NUMA Support: Disabled
 Compressed Oops: Enabled (Zero based)
 Heap Region Size: 2M
 Heap Min Capacity: 8M
 Heap Initial Capacity: 248M
 Heap Max Capacity: 3944M
 Pre-touch: Disabled
 Parallel Workers: 13
 Concurrent Workers: 3
 Concurrent Refinement Workers: 13
 Periodic GC: Disabled

Heap:
 garbage-first heap   total 253952K, used 14573K [0x0000000709800000, 0x0000000800000000)
  region size 2048K, 7 young (14336K), 2 survivors (4096K)
 Metaspace       used 11376K, committed 11648K, reserved 1114112K
  class space    used 1253K, committed 1408K, reserved 1048576K

Heap Regions: E=young(eden), S=young(survivor), O=old, HS=humongous(starts), HC=humongous(continues), CS=collection set, F=free, TAMS=top-at-mark-start, PB=parsable bottom
|   0|0x0000000709800000, 0x0000000709a00000, 0x0000000709a00000|100%| O|  |TAMS 0x0000000709800000| PB 0x0000000709800000| Untracked 
|   1|0x0000000709a00000, 0x0000000709a3b798, 0x0000000709c00000| 11%| O|  |TAMS 0x0000000709a00000| PB 0x0000000709a00000| Untracked 
|   2|0x0000000709c00000, 0x0000000709c00000, 0x0000000709e00000|  0%| F|  |TAMS 0x0000000709c00000| PB 0x0000000709c00000| Untracked 
|   3|0x0000000709e00000, 0x0000000709e00000, 0x000000070a000000|  0%| F|  |TAMS 0x0000000709e00000| PB 0x0000000709e00000| Untracked 
|   4|0x000000070a000000, 0x000000070a000000, 0x000000070a200000|  0%| F|  |TAMS 0x000000070a000000| PB 0x000000070a000000| Untracked 
|   5|0x000000070a200000, 0x000000070a200000, 0x000000070a400000|  0%| F|  |TAMS 0x000000070a200000| PB 0x000000070a200000| Untracked 
|   6|0x000000070a400000, 0x000000070a400000, 0x000000070a600000|  0%| F|  |TAMS 0x000000070a400000| PB 0x000000070a400000| Untracked 
|   7|0x000000070a600000, 0x000000070a600000, 0x000000070a800000|  0%| F|  |TAMS 0x000000070a600000| PB 0x000000070a600000| Untracked 
|   8|0x000000070a800000, 0x000000070a800000, 0x000000070aa00000|  0%| F|  |TAMS 0x000000070a800000| PB 0x000000070a800000| Untracked 
|   9|0x000000070aa00000, 0x000000070aa00000, 0x000000070ac00000|  0%| F|  |TAMS 0x000000070aa00000| PB 0x000000070aa00000| Untracked 
|  10|0x000000070ac00000, 0x000000070ac00000, 0x000000070ae00000|  0%| F|  |TAMS 0x000000070ac00000| PB 0x000000070ac00000| Untracked 
|  11|0x000000070ae00000, 0x000000070ae00000, 0x000000070b000000|  0%| F|  |TAMS 0x000000070ae00000| PB 0x000000070ae00000| Untracked 
|  12|0x000000070b000000, 0x000000070b000000, 0x000000070b200000|  0%| F|  |TAMS 0x000000070b000000| PB 0x000000070b000000| Untracked 
|  13|0x000000070b200000, 0x000000070b200000, 0x000000070b400000|  0%| F|  |TAMS 0x000000070b200000| PB 0x000000070b200000| Untracked 
|  14|0x000000070b400000, 0x000000070b400000, 0x000000070b600000|  0%| F|  |TAMS 0x000000070b400000| PB 0x000000070b400000| Untracked 
|  15|0x000000070b600000, 0x000000070b600000, 0x000000070b800000|  0%| F|  |TAMS 0x000000070b600000| PB 0x000000070b600000| Untracked 
|  16|0x000000070b800000, 0x000000070b800000, 0x000000070ba00000|  0%| F|  |TAMS 0x000000070b800000| PB 0x000000070b800000| Untracked 
|  17|0x000000070ba00000, 0x000000070ba00000, 0x000000070bc00000|  0%| F|  |TAMS 0x000000070ba00000| PB 0x000000070ba00000| Untracked 
|  18|0x000000070bc00000, 0x000000070bc00000, 0x000000070be00000|  0%| F|  |TAMS 0x000000070bc00000| PB 0x000000070bc00000| Untracked 
|  19|0x000000070be00000, 0x000000070be00000, 0x000000070c000000|  0%| F|  |TAMS 0x000000070be00000| PB 0x000000070be00000| Untracked 
|  20|0x000000070c000000, 0x000000070c000000, 0x000000070c200000|  0%| F|  |TAMS 0x000000070c000000| PB 0x000000070c000000| Untracked 
|  21|0x000000070c200000, 0x000000070c200000, 0x000000070c400000|  0%| F|  |TAMS 0x000000070c200000| PB 0x000000070c200000| Untracked 
|  22|0x000000070c400000, 0x000000070c400000, 0x000000070c600000|  0%| F|  |TAMS 0x000000070c400000| PB 0x000000070c400000| Untracked 
|  23|0x000000070c600000, 0x000000070c600000, 0x000000070c800000|  0%| F|  |TAMS 0x000000070c600000| PB 0x000000070c600000| Untracked 
|  24|0x000000070c800000, 0x000000070c800000, 0x000000070ca00000|  0%| F|  |TAMS 0x000000070c800000| PB 0x000000070c800000| Untracked 
|  25|0x000000070ca00000, 0x000000070ca00000, 0x000000070cc00000|  0%| F|  |TAMS 0x000000070ca00000| PB 0x000000070ca00000| Untracked 
|  26|0x000000070cc00000, 0x000000070cc00000, 0x000000070ce00000|  0%| F|  |TAMS 0x000000070cc00000| PB 0x000000070cc00000| Untracked 
|  27|0x000000070ce00000, 0x000000070ce00000, 0x000000070d000000|  0%| F|  |TAMS 0x000000070ce00000| PB 0x000000070ce00000| Untracked 
|  28|0x000000070d000000, 0x000000070d000000, 0x000000070d200000|  0%| F|  |TAMS 0x000000070d000000| PB 0x000000070d000000| Untracked 
|  29|0x000000070d200000, 0x000000070d200000, 0x000000070d400000|  0%| F|  |TAMS 0x000000070d200000| PB 0x000000070d200000| Untracked 
|  30|0x000000070d400000, 0x000000070d400000, 0x000000070d600000|  0%| F|  |TAMS 0x000000070d400000| PB 0x000000070d400000| Untracked 
|  31|0x000000070d600000, 0x000000070d600000, 0x000000070d800000|  0%| F|  |TAMS 0x000000070d600000| PB 0x000000070d600000| Untracked 
|  32|0x000000070d800000, 0x000000070d800000, 0x000000070da00000|  0%| F|  |TAMS 0x000000070d800000| PB 0x000000070d800000| Untracked 
|  33|0x000000070da00000, 0x000000070da00000, 0x000000070dc00000|  0%| F|  |TAMS 0x000000070da00000| PB 0x000000070da00000| Untracked 
|  34|0x000000070dc00000, 0x000000070dc00000, 0x000000070de00000|  0%| F|  |TAMS 0x000000070dc00000| PB 0x000000070dc00000| Untracked 
|  35|0x000000070de00000, 0x000000070de00000, 0x000000070e000000|  0%| F|  |TAMS 0x000000070de00000| PB 0x000000070de00000| Untracked 
|  36|0x000000070e000000, 0x000000070e000000, 0x000000070e200000|  0%| F|  |TAMS 0x000000070e000000| PB 0x000000070e000000| Untracked 
|  37|0x000000070e200000, 0x000000070e200000, 0x000000070e400000|  0%| F|  |TAMS 0x000000070e200000| PB 0x000000070e200000| Untracked 
|  38|0x000000070e400000, 0x000000070e400000, 0x000000070e600000|  0%| F|  |TAMS 0x000000070e400000| PB 0x000000070e400000| Untracked 
|  39|0x000000070e600000, 0x000000070e600000, 0x000000070e800000|  0%| F|  |TAMS 0x000000070e600000| PB 0x000000070e600000| Untracked 
|  40|0x000000070e800000, 0x000000070e800000, 0x000000070ea00000|  0%| F|  |TAMS 0x000000070e800000| PB 0x000000070e800000| Untracked 
|  41|0x000000070ea00000, 0x000000070ea00000, 0x000000070ec00000|  0%| F|  |TAMS 0x000000070ea00000| PB 0x000000070ea00000| Untracked 
|  42|0x000000070ec00000, 0x000000070ec00000, 0x000000070ee00000|  0%| F|  |TAMS 0x000000070ec00000| PB 0x000000070ec00000| Untracked 
|  43|0x000000070ee00000, 0x000000070ee00000, 0x000000070f000000|  0%| F|  |TAMS 0x000000070ee00000| PB 0x000000070ee00000| Untracked 
|  44|0x000000070f000000, 0x000000070f000000, 0x000000070f200000|  0%| F|  |TAMS 0x000000070f000000| PB 0x000000070f000000| Untracked 
|  45|0x000000070f200000, 0x000000070f200000, 0x000000070f400000|  0%| F|  |TAMS 0x000000070f200000| PB 0x000000070f200000| Untracked 
|  46|0x000000070f400000, 0x000000070f400000, 0x000000070f600000|  0%| F|  |TAMS 0x000000070f400000| PB 0x000000070f400000| Untracked 
|  47|0x000000070f600000, 0x000000070f600000, 0x000000070f800000|  0%| F|  |TAMS 0x000000070f600000| PB 0x000000070f600000| Untracked 
|  48|0x000000070f800000, 0x000000070f800000, 0x000000070fa00000|  0%| F|  |TAMS 0x000000070f800000| PB 0x000000070f800000| Untracked 
|  49|0x000000070fa00000, 0x000000070fa00000, 0x000000070fc00000|  0%| F|  |TAMS 0x000000070fa00000| PB 0x000000070fa00000| Untracked 
|  50|0x000000070fc00000, 0x000000070fc00000, 0x000000070fe00000|  0%| F|  |TAMS 0x000000070fc00000| PB 0x000000070fc00000| Untracked 
|  51|0x000000070fe00000, 0x000000070fe00000, 0x0000000710000000|  0%| F|  |TAMS 0x000000070fe00000| PB 0x000000070fe00000| Untracked 
|  52|0x0000000710000000, 0x0000000710000000, 0x0000000710200000|  0%| F|  |TAMS 0x0000000710000000| PB 0x0000000710000000| Untracked 
|  53|0x0000000710200000, 0x0000000710200000, 0x0000000710400000|  0%| F|  |TAMS 0x0000000710200000| PB 0x0000000710200000| Untracked 
|  54|0x0000000710400000, 0x0000000710400000, 0x0000000710600000|  0%| F|  |TAMS 0x0000000710400000| PB 0x0000000710400000| Untracked 
|  55|0x0000000710600000, 0x0000000710600000, 0x0000000710800000|  0%| F|  |TAMS 0x0000000710600000| PB 0x0000000710600000| Untracked 
|  56|0x0000000710800000, 0x0000000710800000, 0x0000000710a00000|  0%| F|  |TAMS 0x0000000710800000| PB 0x0000000710800000| Untracked 
|  57|0x0000000710a00000, 0x0000000710a00000, 0x0000000710c00000|  0%| F|  |TAMS 0x0000000710a00000| PB 0x0000000710a00000| Untracked 
|  58|0x0000000710c00000, 0x0000000710c00000, 0x0000000710e00000|  0%| F|  |TAMS 0x0000000710c00000| PB 0x0000000710c00000| Untracked 
|  59|0x0000000710e00000, 0x0000000710e00000, 0x0000000711000000|  0%| F|  |TAMS 0x0000000710e00000| PB 0x0000000710e00000| Untracked 
|  60|0x0000000711000000, 0x0000000711000000, 0x0000000711200000|  0%| F|  |TAMS 0x0000000711000000| PB 0x0000000711000000| Untracked 
|  61|0x0000000711200000, 0x0000000711200000, 0x0000000711400000|  0%| F|  |TAMS 0x0000000711200000| PB 0x0000000711200000| Untracked 
|  62|0x0000000711400000, 0x0000000711400000, 0x0000000711600000|  0%| F|  |TAMS 0x0000000711400000| PB 0x0000000711400000| Untracked 
|  63|0x0000000711600000, 0x0000000711600000, 0x0000000711800000|  0%| F|  |TAMS 0x0000000711600000| PB 0x0000000711600000| Untracked 
|  64|0x0000000711800000, 0x0000000711800000, 0x0000000711a00000|  0%| F|  |TAMS 0x0000000711800000| PB 0x0000000711800000| Untracked 
|  65|0x0000000711a00000, 0x0000000711a00000, 0x0000000711c00000|  0%| F|  |TAMS 0x0000000711a00000| PB 0x0000000711a00000| Untracked 
|  66|0x0000000711c00000, 0x0000000711c00000, 0x0000000711e00000|  0%| F|  |TAMS 0x0000000711c00000| PB 0x0000000711c00000| Untracked 
|  67|0x0000000711e00000, 0x0000000711e00000, 0x0000000712000000|  0%| F|  |TAMS 0x0000000711e00000| PB 0x0000000711e00000| Untracked 
|  68|0x0000000712000000, 0x0000000712000000, 0x0000000712200000|  0%| F|  |TAMS 0x0000000712000000| PB 0x0000000712000000| Untracked 
|  69|0x0000000712200000, 0x0000000712200000, 0x0000000712400000|  0%| F|  |TAMS 0x0000000712200000| PB 0x0000000712200000| Untracked 
|  70|0x0000000712400000, 0x0000000712400000, 0x0000000712600000|  0%| F|  |TAMS 0x0000000712400000| PB 0x0000000712400000| Untracked 
|  71|0x0000000712600000, 0x0000000712600000, 0x0000000712800000|  0%| F|  |TAMS 0x0000000712600000| PB 0x0000000712600000| Untracked 
|  72|0x0000000712800000, 0x0000000712800000, 0x0000000712a00000|  0%| F|  |TAMS 0x0000000712800000| PB 0x0000000712800000| Untracked 
|  73|0x0000000712a00000, 0x0000000712a00000, 0x0000000712c00000|  0%| F|  |TAMS 0x0000000712a00000| PB 0x0000000712a00000| Untracked 
|  74|0x0000000712c00000, 0x0000000712c00000, 0x0000000712e00000|  0%| F|  |TAMS 0x0000000712c00000| PB 0x0000000712c00000| Untracked 
|  75|0x0000000712e00000, 0x0000000712e00000, 0x0000000713000000|  0%| F|  |TAMS 0x0000000712e00000| PB 0x0000000712e00000| Untracked 
|  76|0x0000000713000000, 0x0000000713000000, 0x0000000713200000|  0%| F|  |TAMS 0x0000000713000000| PB 0x0000000713000000| Untracked 
|  77|0x0000000713200000, 0x0000000713200000, 0x0000000713400000|  0%| F|  |TAMS 0x0000000713200000| PB 0x0000000713200000| Untracked 
|  78|0x0000000713400000, 0x0000000713400000, 0x0000000713600000|  0%| F|  |TAMS 0x0000000713400000| PB 0x0000000713400000| Untracked 
|  79|0x0000000713600000, 0x0000000713600000, 0x0000000713800000|  0%| F|  |TAMS 0x0000000713600000| PB 0x0000000713600000| Untracked 
|  80|0x0000000713800000, 0x0000000713800000, 0x0000000713a00000|  0%| F|  |TAMS 0x0000000713800000| PB 0x0000000713800000| Untracked 
|  81|0x0000000713a00000, 0x0000000713a00000, 0x0000000713c00000|  0%| F|  |TAMS 0x0000000713a00000| PB 0x0000000713a00000| Untracked 
|  82|0x0000000713c00000, 0x0000000713c00000, 0x0000000713e00000|  0%| F|  |TAMS 0x0000000713c00000| PB 0x0000000713c00000| Untracked 
|  83|0x0000000713e00000, 0x0000000713e00000, 0x0000000714000000|  0%| F|  |TAMS 0x0000000713e00000| PB 0x0000000713e00000| Untracked 
|  84|0x0000000714000000, 0x0000000714000000, 0x0000000714200000|  0%| F|  |TAMS 0x0000000714000000| PB 0x0000000714000000| Untracked 
|  85|0x0000000714200000, 0x0000000714200000, 0x0000000714400000|  0%| F|  |TAMS 0x0000000714200000| PB 0x0000000714200000| Untracked 
|  86|0x0000000714400000, 0x0000000714400000, 0x0000000714600000|  0%| F|  |TAMS 0x0000000714400000| PB 0x0000000714400000| Untracked 
|  87|0x0000000714600000, 0x0000000714600000, 0x0000000714800000|  0%| F|  |TAMS 0x0000000714600000| PB 0x0000000714600000| Untracked 
|  88|0x0000000714800000, 0x0000000714800000, 0x0000000714a00000|  0%| F|  |TAMS 0x0000000714800000| PB 0x0000000714800000| Untracked 
|  89|0x0000000714a00000, 0x0000000714a00000, 0x0000000714c00000|  0%| F|  |TAMS 0x0000000714a00000| PB 0x0000000714a00000| Untracked 
|  90|0x0000000714c00000, 0x0000000714c00000, 0x0000000714e00000|  0%| F|  |TAMS 0x0000000714c00000| PB 0x0000000714c00000| Untracked 
|  91|0x0000000714e00000, 0x0000000714e00000, 0x0000000715000000|  0%| F|  |TAMS 0x0000000714e00000| PB 0x0000000714e00000| Untracked 
|  92|0x0000000715000000, 0x0000000715000000, 0x0000000715200000|  0%| F|  |TAMS 0x0000000715000000| PB 0x0000000715000000| Untracked 
|  93|0x0000000715200000, 0x0000000715200000, 0x0000000715400000|  0%| F|  |TAMS 0x0000000715200000| PB 0x0000000715200000| Untracked 
|  94|0x0000000715400000, 0x0000000715400000, 0x0000000715600000|  0%| F|  |TAMS 0x0000000715400000| PB 0x0000000715400000| Untracked 
|  95|0x0000000715600000, 0x0000000715600000, 0x0000000715800000|  0%| F|  |TAMS 0x0000000715600000| PB 0x0000000715600000| Untracked 
|  96|0x0000000715800000, 0x0000000715800000, 0x0000000715a00000|  0%| F|  |TAMS 0x0000000715800000| PB 0x0000000715800000| Untracked 
|  97|0x0000000715a00000, 0x0000000715a00000, 0x0000000715c00000|  0%| F|  |TAMS 0x0000000715a00000| PB 0x0000000715a00000| Untracked 
|  98|0x0000000715c00000, 0x0000000715c00000, 0x0000000715e00000|  0%| F|  |TAMS 0x0000000715c00000| PB 0x0000000715c00000| Untracked 
|  99|0x0000000715e00000, 0x0000000715e00000, 0x0000000716000000|  0%| F|  |TAMS 0x0000000715e00000| PB 0x0000000715e00000| Untracked 
| 100|0x0000000716000000, 0x0000000716000000, 0x0000000716200000|  0%| F|  |TAMS 0x0000000716000000| PB 0x0000000716000000| Untracked 
| 101|0x0000000716200000, 0x0000000716200000, 0x0000000716400000|  0%| F|  |TAMS 0x0000000716200000| PB 0x0000000716200000| Untracked 
| 102|0x0000000716400000, 0x0000000716400000, 0x0000000716600000|  0%| F|  |TAMS 0x0000000716400000| PB 0x0000000716400000| Untracked 
| 103|0x0000000716600000, 0x0000000716600000, 0x0000000716800000|  0%| F|  |TAMS 0x0000000716600000| PB 0x0000000716600000| Untracked 
| 104|0x0000000716800000, 0x0000000716800000, 0x0000000716a00000|  0%| F|  |TAMS 0x0000000716800000| PB 0x0000000716800000| Untracked 
| 105|0x0000000716a00000, 0x0000000716a00000, 0x0000000716c00000|  0%| F|  |TAMS 0x0000000716a00000| PB 0x0000000716a00000| Untracked 
| 106|0x0000000716c00000, 0x0000000716c00000, 0x0000000716e00000|  0%| F|  |TAMS 0x0000000716c00000| PB 0x0000000716c00000| Untracked 
| 107|0x0000000716e00000, 0x0000000716e00000, 0x0000000717000000|  0%| F|  |TAMS 0x0000000716e00000| PB 0x0000000716e00000| Untracked 
| 108|0x0000000717000000, 0x0000000717000000, 0x0000000717200000|  0%| F|  |TAMS 0x0000000717000000| PB 0x0000000717000000| Untracked 
| 109|0x0000000717200000, 0x0000000717200000, 0x0000000717400000|  0%| F|  |TAMS 0x0000000717200000| PB 0x0000000717200000| Untracked 
| 110|0x0000000717400000, 0x0000000717400000, 0x0000000717600000|  0%| F|  |TAMS 0x0000000717400000| PB 0x0000000717400000| Untracked 
| 111|0x0000000717600000, 0x0000000717800000, 0x0000000717800000|100%| S|CS|TAMS 0x0000000717600000| PB 0x0000000717600000| Complete 
| 112|0x0000000717800000, 0x0000000717a00000, 0x0000000717a00000|100%| S|CS|TAMS 0x0000000717800000| PB 0x0000000717800000| Complete 
| 113|0x0000000717a00000, 0x0000000717a00000, 0x0000000717c00000|  0%| F|  |TAMS 0x0000000717a00000| PB 0x0000000717a00000| Untracked 
| 114|0x0000000717c00000, 0x0000000717c00000, 0x0000000717e00000|  0%| F|  |TAMS 0x0000000717c00000| PB 0x0000000717c00000| Untracked 
| 115|0x0000000717e00000, 0x0000000717e00000, 0x0000000718000000|  0%| F|  |TAMS 0x0000000717e00000| PB 0x0000000717e00000| Untracked 
| 116|0x0000000718000000, 0x0000000718000000, 0x0000000718200000|  0%| F|  |TAMS 0x0000000718000000| PB 0x0000000718000000| Untracked 
| 117|0x0000000718200000, 0x0000000718200000, 0x0000000718400000|  0%| F|  |TAMS 0x0000000718200000| PB 0x0000000718200000| Untracked 
| 118|0x0000000718400000, 0x0000000718400000, 0x0000000718600000|  0%| F|  |TAMS 0x0000000718400000| PB 0x0000000718400000| Untracked 
| 119|0x0000000718600000, 0x0000000718715048, 0x0000000718800000| 54%| E|  |TAMS 0x0000000718600000| PB 0x0000000718600000| Complete 
| 120|0x0000000718800000, 0x0000000718a00000, 0x0000000718a00000|100%| E|CS|TAMS 0x0000000718800000| PB 0x0000000718800000| Complete 
| 121|0x0000000718a00000, 0x0000000718c00000, 0x0000000718c00000|100%| E|CS|TAMS 0x0000000718a00000| PB 0x0000000718a00000| Complete 
| 122|0x0000000718c00000, 0x0000000718e00000, 0x0000000718e00000|100%| E|CS|TAMS 0x0000000718c00000| PB 0x0000000718c00000| Complete 
| 123|0x0000000718e00000, 0x0000000719000000, 0x0000000719000000|100%| E|CS|TAMS 0x0000000718e00000| PB 0x0000000718e00000| Complete 

Card table byte_map: [0x0000017a7d1c0000,0x0000017a7d980000] _byte_map_base: 0x0000017a79974000

Marking Bits: (CMBitMap*) 0x0000017a71e8db90
 Bits: [0x0000017a0f000000, 0x0000017a12da0000)

Polling page: 0x0000017a71ef0000

Metaspace:

Usage:
  Non-class:      9.89 MB used.
      Class:      1.22 MB used.
       Both:     11.11 MB used.

Virtual space:
  Non-class space:       64.00 MB reserved,      10.00 MB ( 16%) committed,  1 nodes.
      Class space:        1.00 GB reserved,       1.38 MB ( <1%) committed,  1 nodes.
             Both:        1.06 GB reserved,      11.38 MB (  1%) committed. 

Chunk freelists:
   Non-Class:  6.03 MB
       Class:  14.61 MB
        Both:  20.64 MB

MaxMetaspaceSize: unlimited
CompressedClassSpaceSize: 1.00 GB
Initial GC threshold: 21.00 MB
Current GC threshold: 21.00 MB
CDS: on
 - commit_granule_bytes: 65536.
 - commit_granule_words: 8192.
 - virtual_space_node_default_size: 8388608.
 - enlarge_chunks_in_place: 1.
 - use_allocation_guard: 0.


Internal statistics:

num_allocs_failed_limit: 0.
num_arena_births: 164.
num_arena_deaths: 0.
num_vsnodes_births: 2.
num_vsnodes_deaths: 0.
num_space_committed: 182.
num_space_uncommitted: 0.
num_chunks_returned_to_freelist: 0.
num_chunks_taken_from_freelist: 220.
num_chunk_merges: 0.
num_chunk_splits: 128.
num_chunks_enlarged: 58.
num_inconsistent_stats: 0.

CodeHeap 'non-profiled nmethods': size=119168Kb used=503Kb max_used=503Kb free=118664Kb
 bounds [0x0000017a07ba0000, 0x0000017a07e10000, 0x0000017a0f000000]
CodeHeap 'profiled nmethods': size=119104Kb used=2690Kb max_used=2690Kb free=116414Kb
 bounds [0x0000017a00000000, 0x0000017a002b0000, 0x0000017a07450000]
CodeHeap 'non-nmethods': size=7488Kb used=3323Kb max_used=3339Kb free=4165Kb
 bounds [0x0000017a07450000, 0x0000017a077a0000, 0x0000017a07ba0000]
 total_blobs=2267 nmethods=1578 adapters=591
 compilation: enabled
              stopped_count=0, restarted_count=0
 full_count=0

Compilation events (20 events):
Event: 1.049 Thread 0x0000017a13a59970 nmethod 1571 0x0000017a0029bc90 code [0x0000017a0029be40, 0x0000017a0029bff8]
Event: 1.049 Thread 0x0000017a13827550 1572       3       java.lang.invoke.InvokerBytecodeGenerator::storeInsnOpcode (98 bytes)
Event: 1.050 Thread 0x0000017a59e8b810 nmethod 1570 0x0000017a0029c110 code [0x0000017a0029c440, 0x0000017a0029d610]
Event: 1.050 Thread 0x0000017a13827550 nmethod 1572 0x0000017a0029db10 code [0x0000017a0029dd80, 0x0000017a0029e6f0]
Event: 1.051 Thread 0x0000017a13827550 1573       3       java.util.Properties::getProperty (50 bytes)
Event: 1.051 Thread 0x0000017a59e8b810 1574       1       java.util.concurrent.ConcurrentHashMap$MapEntry::getKey (5 bytes)
Event: 1.051 Thread 0x0000017a13827550 nmethod 1573 0x0000017a0029ea10 code [0x0000017a0029ebe0, 0x0000017a0029f070]
Event: 1.051 Thread 0x0000017a13827550 1575       3       java.util.Map$Entry$$Lambda/0x0000017a15161270::compare (12 bytes)
Event: 1.051 Thread 0x0000017a13a59970 1576       3       java.util.Map$Entry::lambda$comparingByKey$bbdbfea9$1 (21 bytes)
Event: 1.051 Thread 0x0000017a59e8b810 nmethod 1574 0x0000017a07c1a390 code [0x0000017a07c1a520, 0x0000017a07c1a5f0]
Event: 1.051 Thread 0x0000017a13827550 nmethod 1575 0x0000017a0029f190 code [0x0000017a0029f3a0, 0x0000017a0029faa8]
Event: 1.051 Thread 0x0000017a13a59970 nmethod 1576 0x0000017a0029fc90 code [0x0000017a0029fe80, 0x0000017a002a02f8]
Event: 1.051 Thread 0x0000017a13a59970 1578       1       java.util.concurrent.ConcurrentHashMap$MapEntry::getValue (5 bytes)
Event: 1.051 Thread 0x0000017a13a59970 nmethod 1578 0x0000017a07c1a690 code [0x0000017a07c1a820, 0x0000017a07c1a8f0]
Event: 1.051 Thread 0x0000017a13a59970 1579       3       java.lang.StringBuilder::<init> (6 bytes)
Event: 1.051 Thread 0x0000017a13a59970 nmethod 1579 0x0000017a002a0490 code [0x0000017a002a0640, 0x0000017a002a0780]
Event: 1.056 Thread 0x0000017a5f65d430 nmethod 1564 0x0000017a07c1a990 code [0x0000017a07c1ac20, 0x0000017a07c1b968]
Event: 1.056 Thread 0x0000017a5f65d430 1563   !   4       java.io.BufferedInputStream::read (69 bytes)
Event: 1.059 Thread 0x0000017a5f65d430 nmethod 1563 0x0000017a07c1c210 code [0x0000017a07c1c400, 0x0000017a07c1c960]
Event: 1.059 Thread 0x0000017a5f65d430 1561       4       java.util.HashMap$Node::<init> (26 bytes)

GC Heap History (2 events):
Event: 0.384 GC heap before
{Heap before GC invocations=0 (full 0):
 garbage-first heap   total 253952K, used 20480K [0x0000000709800000, 0x0000000800000000)
  region size 2048K, 11 young (22528K), 0 survivors (0K)
 Metaspace       used 9310K, committed 9536K, reserved 1114112K
  class space    used 1018K, committed 1088K, reserved 1048576K
}
Event: 0.387 GC heap after
{Heap after GC invocations=1 (full 0):
 garbage-first heap   total 253952K, used 6381K [0x0000000709800000, 0x0000000800000000)
  region size 2048K, 2 young (4096K), 2 survivors (4096K)
 Metaspace       used 9310K, committed 9536K, reserved 1114112K
  class space    used 1018K, committed 1088K, reserved 1048576K
}

Dll operation events (13 events):
Event: 0.006 Loaded shared library C:\Program Files\Java\jdk-21.0.1\bin\java.dll
Event: 0.028 Loaded shared library C:\Program Files\Java\jdk-21.0.1\bin\jsvml.dll
Event: 0.055 Loaded shared library C:\Program Files\Java\jdk-21.0.1\bin\zip.dll
Event: 0.058 Loaded shared library C:\Program Files\Java\jdk-21.0.1\bin\instrument.dll
Event: 0.062 Loaded shared library C:\Program Files\Java\jdk-21.0.1\bin\net.dll
Event: 0.064 Loaded shared library C:\Program Files\Java\jdk-21.0.1\bin\nio.dll
Event: 0.067 Loaded shared library C:\Program Files\Java\jdk-21.0.1\bin\zip.dll
Event: 0.073 Loaded shared library C:\Program Files\JetBrains\IntelliJ IDEA Community Edition 2023.3.4\bin\breakgen64.dll
Event: 0.079 Loaded shared library C:\Program Files\Java\jdk-21.0.1\bin\extnet.dll
Event: 0.084 Loaded shared library C:\Program Files\Java\jdk-21.0.1\bin\jimage.dll
Event: 0.095 Loaded shared library C:\Program Files\Java\jdk-21.0.1\bin\awt.dll
Event: 0.282 Loaded shared library C:\Program Files\Java\jdk-21.0.1\bin\freetype.dll
Event: 0.283 Loaded shared library C:\Program Files\Java\jdk-21.0.1\bin\fontmanager.dll

Deoptimization events (20 events):
Event: 0.396 Thread 0x0000017a13cf18c0 DEOPT PACKING pc=0x0000017a001b1e54 sp=0x00000010b5afe870
Event: 0.396 Thread 0x0000017a13cf18c0 DEOPT UNPACKING pc=0x0000017a074a4e42 sp=0x00000010b5afdce8 mode 0
Event: 0.397 Thread 0x0000017a13cf18c0 DEOPT PACKING pc=0x0000017a001b1e54 sp=0x00000010b5afe870
Event: 0.397 Thread 0x0000017a13cf18c0 DEOPT UNPACKING pc=0x0000017a074a4e42 sp=0x00000010b5afdce8 mode 0
Event: 0.397 Thread 0x0000017a13cf18c0 DEOPT PACKING pc=0x0000017a001b1e54 sp=0x00000010b5afe870
Event: 0.397 Thread 0x0000017a13cf18c0 DEOPT UNPACKING pc=0x0000017a074a4e42 sp=0x00000010b5afdce8 mode 0
Event: 0.397 Thread 0x0000017a13cf18c0 DEOPT PACKING pc=0x0000017a001b1e54 sp=0x00000010b5afe870
Event: 0.397 Thread 0x0000017a13cf18c0 DEOPT UNPACKING pc=0x0000017a074a4e42 sp=0x00000010b5afdce8 mode 0
Event: 0.398 Thread 0x0000017a13cf18c0 DEOPT PACKING pc=0x0000017a001b1e54 sp=0x00000010b5afe870
Event: 0.398 Thread 0x0000017a13cf18c0 DEOPT UNPACKING pc=0x0000017a074a4e42 sp=0x00000010b5afdce8 mode 0
Event: 0.398 Thread 0x0000017a13cf18c0 DEOPT PACKING pc=0x0000017a001b1e54 sp=0x00000010b5afe870
Event: 0.398 Thread 0x0000017a13cf18c0 DEOPT UNPACKING pc=0x0000017a074a4e42 sp=0x00000010b5afdce8 mode 0
Event: 0.398 Thread 0x0000017a13cf18c0 Uncommon trap: trap_request=0xffffff45 fr.pc=0x0000017a07bf6248 relative=0x0000000000000ce8
Event: 0.398 Thread 0x0000017a13cf18c0 Uncommon trap: reason=unstable_if action=reinterpret pc=0x0000017a07bf6248 method=sun.awt.image.OffScreenImageSource.sendPixels()V @ 663 c2
Event: 0.398 Thread 0x0000017a13cf18c0 DEOPT PACKING pc=0x0000017a07bf6248 sp=0x00000010b5afe940
Event: 0.398 Thread 0x0000017a13cf18c0 DEOPT UNPACKING pc=0x0000017a074a46a2 sp=0x00000010b5afe8f8 mode 2
Event: 0.398 Thread 0x0000017a13cf18c0 Uncommon trap: trap_request=0xffffff45 fr.pc=0x0000017a07bde018 relative=0x00000000000000f8
Event: 0.398 Thread 0x0000017a13cf18c0 Uncommon trap: reason=unstable_if action=reinterpret pc=0x0000017a07bde018 method=java.lang.ref.SoftReference.get()Ljava/lang/Object; @ 17 c2
Event: 0.398 Thread 0x0000017a13cf18c0 DEOPT PACKING pc=0x0000017a07bde018 sp=0x00000010b5afe8e0
Event: 0.398 Thread 0x0000017a13cf18c0 DEOPT UNPACKING pc=0x0000017a074a46a2 sp=0x00000010b5afe890 mode 2

Classes loaded (20 events):
Event: 1.043 Loading class sun/util/resources/cldr/TimeZoneNames_en_US
Event: 1.043 Loading class sun/util/resources/cldr/TimeZoneNames_en_US done
Event: 1.043 Loading class java/time/zone/ZoneRulesProvider
Event: 1.044 Loading class java/time/zone/ZoneRulesProvider done
Event: 1.044 Loading class java/time/zone/ZoneRulesProvider$1
Event: 1.044 Loading class java/time/zone/ZoneRulesProvider$1 done
Event: 1.044 Loading class java/time/zone/TzdbZoneRulesProvider
Event: 1.044 Loading class java/time/zone/TzdbZoneRulesProvider done
Event: 1.045 Loading class java/util/Arrays$ArrayItr
Event: 1.045 Loading class java/util/Arrays$ArrayItr done
Event: 1.045 Loading class java/time/zone/Ser
Event: 1.045 Loading class java/time/zone/Ser done
Event: 1.046 Loading class java/time/zone/ZoneOffsetTransition
Event: 1.046 Loading class java/time/zone/ZoneOffsetTransition done
Event: 1.047 Loading class sun/util/cldr/CLDRBaseLocaleDataMetaInfo$TZCanonicalIDMapHolder
Event: 1.047 Loading class sun/util/cldr/CLDRBaseLocaleDataMetaInfo$TZCanonicalIDMapHolder done
Event: 1.048 Loading class sun/util/resources/TimeZoneNames
Event: 1.048 Loading class sun/util/resources/TimeZoneNames done
Event: 1.048 Loading class sun/util/resources/TimeZoneNames_en
Event: 1.048 Loading class sun/util/resources/TimeZoneNames_en done

Classes unloaded (0 events):
No events

Classes redefined (0 events):
No events

Internal exceptions (16 events):
Event: 0.068 Thread 0x0000017a71e277c0 Exception <a 'java/lang/NoSuchMethodError'{0x0000000718cfaa18}: 'void java.lang.invoke.DirectMethodHandle$Holder.invokeStatic(java.lang.Object, java.lang.Object, java.lang.Object)'> (0x0000000718cfaa18) 
thrown [s\open\src\hotspot\share\interpreter\linkResolver.cpp, line 773]
Event: 0.071 Thread 0x0000017a71e277c0 Exception <a 'java/lang/NoSuchMethodError'{0x0000000718d11f20}: 'java.lang.Object java.lang.invoke.Invokers$Holder.invokeExact_MT(java.lang.Object, java.lang.Object, java.lang.Object, java.lang.Object, java.lang.Object)'> (0x0000000718d11f20) 
thrown [s\open\src\hotspot\share\interpreter\linkResolver.cpp, line 773]
Event: 0.080 Thread 0x0000017a13b5c530 Exception <a 'java/lang/NoSuchMethodError'{0x0000000718dcb698}: 'void java.lang.invoke.DirectMethodHandle$Holder.invokeStatic(java.lang.Object, java.lang.Object)'> (0x0000000718dcb698) 
thrown [s\open\src\hotspot\share\interpreter\linkResolver.cpp, line 773]
Event: 0.088 Thread 0x0000017a71e277c0 Exception <a 'java/lang/ClassNotFoundException'{0x0000000718d45950}: sun/awt/resources/spi/awtProvider> (0x0000000718d45950) 
thrown [s\open\src\hotspot\share\classfile\systemDictionary.cpp, line 312]
Event: 0.102 Thread 0x0000017a71e277c0 Exception <a 'java/io/FileNotFoundException'{0x0000000718a462b0}> (0x0000000718a462b0) 
thrown [s\open\src\hotspot\share\prims\jni.cpp, line 520]
Event: 0.105 Thread 0x0000017a71e277c0 Exception <a 'java/io/FileNotFoundException'{0x0000000718a70128}> (0x0000000718a70128) 
thrown [s\open\src\hotspot\share\prims\jni.cpp, line 520]
Event: 0.181 Thread 0x0000017a13cf18c0 Exception <a 'java/lang/NoSuchMethodError'{0x0000000718bf6320}: 'void java.lang.invoke.DirectMethodHandle$Holder.invokeSpecial(java.lang.Object, java.lang.Object, java.lang.Object)'> (0x0000000718bf6320) 
thrown [s\open\src\hotspot\share\interpreter\linkResolver.cpp, line 773]
Event: 0.185 Thread 0x0000017a13cf18c0 Exception <a 'java/lang/NoSuchMethodError'{0x000000071881c548}: 'java.lang.Object java.lang.invoke.DirectMethodHandle$Holder.newInvokeSpecial(java.lang.Object, java.lang.Object, java.lang.Object, java.lang.Object, java.lang.Object)'> (0x000000071881c548) 
thrown [s\open\src\hotspot\share\interpreter\linkResolver.cpp, line 773]
Event: 0.188 Thread 0x0000017a13cf18c0 Exception <a 'java/lang/NoSuchMethodError'{0x0000000718847ed0}: 'java.lang.Object java.lang.invoke.DirectMethodHandle$Holder.invokeStatic(java.lang.Object, int, java.lang.Object)'> (0x0000000718847ed0) 
thrown [s\open\src\hotspot\share\interpreter\linkResolver.cpp, line 773]
Event: 0.201 Thread 0x0000017a13cf18c0 Exception <a 'java/lang/ClassNotFoundException'{0x00000007188e7700}: com/sun/swing/internal/plaf/metal/resources/spi/metalProvider> (0x00000007188e7700) 
thrown [s\open\src\hotspot\share\classfile\systemDictionary.cpp, line 312]
Event: 0.201 Thread 0x0000017a13cf18c0 Exception <a 'java/lang/ClassNotFoundException'{0x00000007188eb660}: com/sun/swing/internal/plaf/basic/resources/spi/basicProvider> (0x00000007188eb660) 
thrown [s\open\src\hotspot\share\classfile\systemDictionary.cpp, line 312]
Event: 0.208 Thread 0x0000017a13cf18c0 Exception <a 'java/lang/NoSuchMethodError'{0x0000000718907710}: 'int java.lang.invoke.Invokers$Holder.invokeExact_MT(java.lang.Object, java.lang.Object)'> (0x0000000718907710) 
thrown [s\open\src\hotspot\share\interpreter\linkResolver.cpp, line 773]
Event: 0.304 Thread 0x0000017a13cf18c0 Exception <a 'java/lang/NoSuchMethodError'{0x000000071841be60}: 'void java.lang.invoke.DirectMethodHandle$Holder.invokeSpecial(java.lang.Object, java.lang.Object, java.lang.Object, java.lang.Object, java.lang.Object)'> (0x000000071841be60) 
thrown [s\open\src\hotspot\share\interpreter\linkResolver.cpp, line 773]
Event: 0.405 Thread 0x0000017a13cd9030 Exception <a 'java/lang/NoSuchMethodError'{0x00000007188084d0}: 'void java.lang.invoke.DirectMethodHandle$Holder.invokeVirtual(java.lang.Object, java.lang.Object)'> (0x00000007188084d0) 
thrown [s\open\src\hotspot\share\interpreter\linkResolver.cpp, line 773]
Event: 0.416 Thread 0x0000017a13cf18c0 Exception <a 'java/lang/NoSuchMethodError'{0x000000071884b1a0}: 'void java.lang.invoke.DirectMethodHandle$Holder.invokeStaticInit(java.lang.Object)'> (0x000000071884b1a0) 
thrown [s\open\src\hotspot\share\interpreter\linkResolver.cpp, line 773]
Event: 1.049 Thread 0x0000017a137efd10 Exception <a 'java/lang/NoSuchMethodError'{0x00000007186d5600}: 'java.lang.Object java.lang.invoke.Invokers$Holder.invokeExact_MT(java.lang.Object, java.lang.Object, java.lang.Object, java.lang.Object, java.lang.Object, java.lang.Object)'> (0x00000007186d5600) 
thrown [s\open\src\hotspot\share\interpreter\linkResolver.cpp, line 773]

ZGC Phase Switch (0 events):
No events

VM Operations (16 events):
Event: 0.048 Executing VM operation: HandshakeAllThreads (Deoptimize)
Event: 0.048 Executing VM operation: HandshakeAllThreads (Deoptimize) done
Event: 0.110 Executing VM operation: HandshakeAllThreads (Deoptimize)
Event: 0.110 Executing VM operation: HandshakeAllThreads (Deoptimize) done
Event: 0.219 Executing VM operation: HandshakeAllThreads (Deoptimize)
Event: 0.219 Executing VM operation: HandshakeAllThreads (Deoptimize) done
Event: 0.240 Executing VM operation: HandshakeAllThreads (Deoptimize)
Event: 0.240 Executing VM operation: HandshakeAllThreads (Deoptimize) done
Event: 0.312 Executing VM operation: HandshakeAllThreads (Deoptimize)
Event: 0.312 Executing VM operation: HandshakeAllThreads (Deoptimize) done
Event: 0.384 Executing VM operation: G1CollectForAllocation (G1 Evacuation Pause)
Event: 0.387 Executing VM operation: G1CollectForAllocation (G1 Evacuation Pause) done
Event: 0.401 Executing VM operation: HandshakeAllThreads (Deoptimize)
Event: 0.401 Executing VM operation: HandshakeAllThreads (Deoptimize) done
Event: 0.505 Executing VM operation: HandshakeAllThreads (Deoptimize)
Event: 0.505 Executing VM operation: HandshakeAllThreads (Deoptimize) done

Events (20 events):
Event: 0.048 Thread 0x0000017a13a59970 Thread added: 0x0000017a13a59970
Event: 0.048 Thread 0x0000017a13a629e0 Thread added: 0x0000017a13a629e0
Event: 0.074 Thread 0x0000017a13b5c530 Thread added: 0x0000017a13b5c530
Event: 0.074 Thread 0x0000017a13b5cba0 Thread added: 0x0000017a13b5cba0
Event: 0.128 Thread 0x0000017a13cd3310 Thread added: 0x0000017a13cd3310
Event: 0.129 Thread 0x0000017a13cd5990 Thread added: 0x0000017a13cd5990
Event: 0.129 Thread 0x0000017a13cd9030 Thread added: 0x0000017a13cd9030
Event: 0.137 Thread 0x0000017a13cf18c0 Thread added: 0x0000017a13cf18c0
Event: 0.137 Thread 0x0000017a71e277c0 Thread exited: 0x0000017a71e277c0
Event: 0.137 Thread 0x0000017a71e277c0 Thread added: 0x0000017a71e277c0
Event: 0.258 Thread 0x0000017a59e8b810 Thread added: 0x0000017a59e8b810
Event: 0.272 Thread 0x0000017a59eabc90 Thread added: 0x0000017a59eabc90
Event: 0.277 Thread 0x0000017a59f614b0 Thread added: 0x0000017a59f614b0
Event: 0.277 Thread 0x0000017a59eac740 Thread added: 0x0000017a59eac740
Event: 0.301 Thread 0x0000017a5f3f2f00 Thread added: 0x0000017a5f3f2f00
Event: 0.471 Thread 0x0000017a5f416ee0 Thread added: 0x0000017a5f416ee0
Event: 0.480 Thread 0x0000017a59eac740 Thread exited: 0x0000017a59eac740
Event: 0.640 Thread 0x0000017a59f614b0 Thread exited: 0x0000017a59f614b0
Event: 0.649 Thread 0x0000017a59eabc90 Thread exited: 0x0000017a59eabc90
Event: 1.045 Thread 0x0000017a5f65d430 Thread added: 0x0000017a5f65d430


Dynamic libraries:
0x00007ff7ed380000 - 0x00007ff7ed38e000 	C:\Program Files\Java\jdk-21.0.1\bin\java.exe
0x00007ffe389b0000 - 0x00007ffe38bc7000 	C:\WINDOWS\SYSTEM32\ntdll.dll
0x00007ffe38640000 - 0x00007ffe38704000 	C:\WINDOWS\System32\KERNEL32.DLL
0x00007ffe35c10000 - 0x00007ffe35fe2000 	C:\WINDOWS\System32\KERNELBASE.dll
0x00007ffe362f0000 - 0x00007ffe36401000 	C:\WINDOWS\System32\ucrtbase.dll
0x00007ffe2ee20000 - 0x00007ffe2ee3b000 	C:\Program Files\Java\jdk-21.0.1\bin\VCRUNTIME140.dll
0x00007ffe2da30000 - 0x00007ffe2da48000 	C:\Program Files\Java\jdk-21.0.1\bin\jli.dll
0x00007ffe37570000 - 0x00007ffe37721000 	C:\WINDOWS\System32\USER32.dll
0x00007ffe2bdb0000 - 0x00007ffe2c04b000 	C:\WINDOWS\WinSxS\amd64_microsoft.windows.common-controls_6595b64144ccf1df_6.0.22621.5547_none_27104afb73855772\COMCTL32.dll
0x00007ffe35be0000 - 0x00007ffe35c06000 	C:\WINDOWS\System32\win32u.dll
0x00007ffe37910000 - 0x00007ffe379b7000 	C:\WINDOWS\System32\msvcrt.dll
0x00007ffe37130000 - 0x00007ffe37159000 	C:\WINDOWS\System32\GDI32.dll
0x00007ffe360f0000 - 0x00007ffe36213000 	C:\WINDOWS\System32\gdi32full.dll
0x00007ffe36220000 - 0x00007ffe362ba000 	C:\WINDOWS\System32\msvcp_win.dll
0x00007ffe381e0000 - 0x00007ffe38211000 	C:\WINDOWS\System32\IMM32.DLL
0x00007ffe300a0000 - 0x00007ffe300ac000 	C:\Program Files\Java\jdk-21.0.1\bin\vcruntime140_1.dll
0x00007ffe25510000 - 0x00007ffe2559e000 	C:\Program Files\Java\jdk-21.0.1\bin\msvcp140.dll
0x00007ffdef150000 - 0x00007ffdefe65000 	C:\Program Files\Java\jdk-21.0.1\bin\server\jvm.dll
0x00007ffe38220000 - 0x00007ffe382d1000 	C:\WINDOWS\System32\ADVAPI32.dll
0x00007ffe37ed0000 - 0x00007ffe37f78000 	C:\WINDOWS\System32\sechost.dll
0x00007ffe362c0000 - 0x00007ffe362e8000 	C:\WINDOWS\System32\bcrypt.dll
0x00007ffe37fa0000 - 0x00007ffe380b4000 	C:\WINDOWS\System32\RPCRT4.dll
0x00007ffe370a0000 - 0x00007ffe37111000 	C:\WINDOWS\System32\WS2_32.dll
0x00007ffe35970000 - 0x00007ffe359bd000 	C:\WINDOWS\SYSTEM32\POWRPROF.dll
0x00007ffe31100000 - 0x00007ffe31134000 	C:\WINDOWS\SYSTEM32\WINMM.dll
0x00007ffe2c6f0000 - 0x00007ffe2c6fa000 	C:\WINDOWS\SYSTEM32\VERSION.dll
0x00007ffe35950000 - 0x00007ffe35963000 	C:\WINDOWS\SYSTEM32\UMPDC.dll
0x00007ffe34ad0000 - 0x00007ffe34ae8000 	C:\WINDOWS\SYSTEM32\kernel.appcore.dll
0x00007ffe2eef0000 - 0x00007ffe2eefa000 	C:\Program Files\Java\jdk-21.0.1\bin\jimage.dll
0x00007ffe33380000 - 0x00007ffe335b3000 	C:\WINDOWS\SYSTEM32\DBGHELP.DLL
0x00007ffe37160000 - 0x00007ffe374f3000 	C:\WINDOWS\System32\combase.dll
0x00007ffe38560000 - 0x00007ffe38637000 	C:\WINDOWS\System32\OLEAUT32.dll
0x00007ffe286d0000 - 0x00007ffe28702000 	C:\WINDOWS\SYSTEM32\dbgcore.DLL
0x00007ffe36070000 - 0x00007ffe360eb000 	C:\WINDOWS\System32\bcryptPrimitives.dll
0x00007ffe2c470000 - 0x00007ffe2c47f000 	C:\Program Files\Java\jdk-21.0.1\bin\instrument.dll
0x00007ffe2c480000 - 0x00007ffe2c49f000 	C:\Program Files\Java\jdk-21.0.1\bin\java.dll
0x00007ffe367f0000 - 0x00007ffe37092000 	C:\WINDOWS\System32\SHELL32.dll
0x00007ffe35aa0000 - 0x00007ffe35bdf000 	C:\WINDOWS\System32\wintypes.dll
0x00007ffe339d0000 - 0x00007ffe342ed000 	C:\WINDOWS\SYSTEM32\windows.storage.dll
0x00007ffe380d0000 - 0x00007ffe381dc000 	C:\WINDOWS\System32\SHCORE.dll
0x00007ffe37500000 - 0x00007ffe37569000 	C:\WINDOWS\System32\shlwapi.dll
0x00007ffe359d0000 - 0x00007ffe359fb000 	C:\WINDOWS\SYSTEM32\profapi.dll
0x00007ffe1de70000 - 0x00007ffe1df47000 	C:\Program Files\Java\jdk-21.0.1\bin\jsvml.dll
0x00007ffe28130000 - 0x00007ffe28148000 	C:\Program Files\Java\jdk-21.0.1\bin\zip.dll
0x00007ffe2c460000 - 0x00007ffe2c470000 	C:\Program Files\Java\jdk-21.0.1\bin\net.dll
0x00007ffe32300000 - 0x00007ffe3242c000 	C:\WINDOWS\SYSTEM32\WINHTTP.dll
0x00007ffe34f50000 - 0x00007ffe34fb9000 	C:\WINDOWS\system32\mswsock.dll
0x00007ffe2c440000 - 0x00007ffe2c456000 	C:\Program Files\Java\jdk-21.0.1\bin\nio.dll
0x00007ffe28080000 - 0x00007ffe2809a000 	C:\Program Files\JetBrains\IntelliJ IDEA Community Edition 2023.3.4\bin\breakgen64.dll
0x00007ffe28060000 - 0x00007ffe28067000 	C:\Program Files\Java\jdk-21.0.1\bin\extnet.dll
0x00007ffdf05b0000 - 0x00007ffdf073e000 	C:\Program Files\Java\jdk-21.0.1\bin\awt.dll
0x00007ffe30970000 - 0x00007ffe30a07000 	C:\WINDOWS\SYSTEM32\apphelp.dll
0x00007ffe32bd0000 - 0x00007ffe32c84000 	C:\WINDOWS\system32\uxtheme.dll
0x00007ffe382e0000 - 0x00007ffe38440000 	C:\WINDOWS\System32\MSCTF.dll
0x00007ffe38710000 - 0x00007ffe388b0000 	C:\WINDOWS\System32\ole32.dll
0x00007ffe32e10000 - 0x00007ffe32e3e000 	C:\WINDOWS\system32\DWMAPI.DLL
0x00007ffd9c020000 - 0x00007ffd9c120000 	C:\WINDOWS\system32\opengl32.dll
0x00007ffd93810000 - 0x00007ffd9383d000 	C:\WINDOWS\SYSTEM32\GLU32.dll
0x00007ffe32cc0000 - 0x00007ffe32cf7000 	C:\WINDOWS\SYSTEM32\dxcore.dll
0x00007ffdfcf60000 - 0x00007ffdfd108000 	C:\WINDOWS\system32\d3d9.dll
0x00007ffe2b940000 - 0x00007ffe2bafb000 	C:\WINDOWS\System32\DriverStore\FileRepository\u0405562.inf_amd64_833d6fa62fbc9b88\B405308\aticfx64.dll
0x00007ffe00a60000 - 0x00007ffe00a94000 	C:\WINDOWS\System32\DriverStore\FileRepository\u0405562.inf_amd64_833d6fa62fbc9b88\B405308\atiu9p64.dll
0x00007ffdfc210000 - 0x00007ffdfcf57000 	C:\WINDOWS\System32\DriverStore\FileRepository\u0405562.inf_amd64_833d6fa62fbc9b88\B405308\atiumd64.dll
0x000000006de10000 - 0x000000006ed23000 	C:\WINDOWS\System32\DriverStore\FileRepository\u0405562.inf_amd64_833d6fa62fbc9b88\B405308\atiumd6a.dll
0x00007ffe37a50000 - 0x00007ffe37ec4000 	C:\WINDOWS\System32\SETUPAPI.dll
0x00007ffe291c0000 - 0x00007ffe291f5000 	C:\WINDOWS\SYSTEM32\amdihk64.dll
0x00007ffe2d680000 - 0x00007ffe2d6ca000 	C:\WINDOWS\SYSTEM32\directxdatabasehelper.dll
0x00007ffdf0270000 - 0x00007ffdf02f7000 	C:\Program Files\Java\jdk-21.0.1\bin\freetype.dll
0x00007ffdf0170000 - 0x00007ffdf0243000 	C:\Program Files\Java\jdk-21.0.1\bin\fontmanager.dll
0x00007ffe04f70000 - 0x00007ffe053bc000 	C:\WINDOWS\SYSTEM32\UIAutomationCore.DLL
0x00007ffe08940000 - 0x00007ffe089ba000 	C:\WINDOWS\SYSTEM32\OLEACC.dll
0x00007ffe366e0000 - 0x00007ffe36790000 	C:\WINDOWS\System32\clbcatq.dll
0x00007ffe32a10000 - 0x00007ffe32bc1000 	C:\WINDOWS\SYSTEM32\WindowsCodecs.dll
0x00007ffe089f0000 - 0x00007ffe08a4e000 	C:\WINDOWS\system32\dataexchange.dll
0x00007ffe2bb00000 - 0x00007ffe2bda6000 	C:\WINDOWS\system32\twinapi.appcore.dll
0x00007ffe26410000 - 0x00007ffe26556000 	C:\WINDOWS\SYSTEM32\textinputframework.dll
0x00007ffe13eb0000 - 0x00007ffe13ec5000 	C:\Windows\System32\threadpoolwinrt.dll
0x00007ffe305d0000 - 0x00007ffe30703000 	C:\WINDOWS\SYSTEM32\CoreMessaging.dll
0x00007ffe2d020000 - 0x00007ffe2d38c000 	C:\WINDOWS\SYSTEM32\CoreUIComponents.dll
0x00007ffe351c0000 - 0x00007ffe351cc000 	C:\WINDOWS\SYSTEM32\CRYPTBASE.DLL

dbghelp: loaded successfully - version: 4.0.5 - missing functions: none
symbol engine: initialized successfully - sym options: 0x614 - pdb path: .;C:\Program Files\Java\jdk-21.0.1\bin;C:\WINDOWS\SYSTEM32;C:\WINDOWS\WinSxS\amd64_microsoft.windows.common-controls_6595b64144ccf1df_6.0.22621.5547_none_27104afb73855772;C:\Program Files\Java\jdk-21.0.1\bin\server;C:\Program Files\JetBrains\IntelliJ IDEA Community Edition 2023.3.4\bin;C:\WINDOWS\System32\DriverStore\FileRepository\u0405562.inf_amd64_833d6fa62fbc9b88\B405308

VM Arguments:
jvm_args: -javaagent:C:\Program Files\JetBrains\IntelliJ IDEA Community Edition 2023.3.4\lib\idea_rt.jar=65510:C:\Program Files\JetBrains\IntelliJ IDEA Community Edition 2023.3.4\bin -Dfile.encoding=UTF-8 -Dsun.stdout.encoding=UTF-8 -Dsun.stderr.encoding=UTF-8 
java_command: MainApp
java_class_path (initial): C:\Users\User-PC\IdeaProjects\UlarNode\out\production\UlarNode
Launcher Type: SUN_STANDARD

[Global flags]
     intx CICompilerCount                          = 12                                        {product} {ergonomic}
     uint ConcGCThreads                            = 3                                         {product} {ergonomic}
     uint G1ConcRefinementThreads                  = 13                                        {product} {ergonomic}
   size_t G1HeapRegionSize                         = 2097152                                   {product} {ergonomic}
    uintx GCDrainStackTargetSize                   = 64                                        {product} {ergonomic}
   size_t InitialHeapSize                          = 260046848                                 {product} {ergonomic}
   size_t MarkStackSize                            = 4194304                                   {product} {ergonomic}
   size_t MaxHeapSize                              = 4135583744                                {product} {ergonomic}
   size_t MaxNewSize                               = 2480930816                                {product} {ergonomic}
   size_t MinHeapDeltaBytes                        = 2097152                                   {product} {ergonomic}
   size_t MinHeapSize                              = 8388608                                   {product} {ergonomic}
    uintx NonNMethodCodeHeapSize                   = 7602480                                {pd product} {ergonomic}
    uintx NonProfiledCodeHeapSize                  = 122027880                              {pd product} {ergonomic}
    uintx ProfiledCodeHeapSize                     = 122027880                              {pd product} {ergonomic}
    uintx ReservedCodeCacheSize                    = 251658240                              {pd product} {ergonomic}
     bool SegmentedCodeCache                       = true                                      {product} {ergonomic}
   size_t SoftMaxHeapSize                          = 4135583744                             {manageable} {ergonomic}
     bool UseCompressedOops                        = true                           {product lp64_product} {ergonomic}
     bool UseG1GC                                  = true                                      {product} {ergonomic}
     bool UseLargePagesIndividualAllocation        = false                                  {pd product} {ergonomic}

Logging:
Log output configuration:
 #0: stdout all=warning uptime,level,tags foldmultilines=false
 #1: stderr all=off uptime,level,tags foldmultilines=false

Environment Variables:
PATH=C:\Ruby33-x64\bin;C:\Program Files\Common Files\Oracle\Java\javapath;C:\WINDOWS\system32;C:\WINDOWS;C:\WINDOWS\System32\Wbem;C:\WINDOWS\System32\WindowsPowerShell\v1.0\;C:\WINDOWS\System32\OpenSSH\;C:\Program Files\dotnet\;C:\Program Files\PostgreSQL\16\bin;C:\Program Files\Docker\Docker\resources\bin;C:\Program Files (x86)\Microsoft SQL Server\160\DTS\Binn\;C:\xampp\php;C:\ProgramData\ComposerSetup\bin;C:\Program Files\Git\cmd;C:\Users\User-PC\AppData\Local\Programs\Eclipse Adoptium\jdk-21.0.8.9-hotspot\bin;C:\Users\User-PC\AppData\Local\Programs\Python\Python311\Scripts\;C:\Users\User-PC\AppData\Local\Programs\Python\Python311\;C:\Users\User-PC\AppData\Local\Microsoft\WindowsApps;C:\Users\User-PC\AppData\Local\Programs\Microsoft VS Code\bin;C:\Users\User-PC\.dotnet\tools;C:\Users\User-PC\AppData\Roaming\Composer\vendor\bin;D:\flutter\bin
USERNAME=User-PC
OS=Windows_NT
PROCESSOR_IDENTIFIER=AMD64 Family 25 Model 80 Stepping 0, AuthenticAMD
TMP=C:\Users\User-PC\AppData\Local\Temp
TEMP=C:\Users\User-PC\AppData\Local\Temp




Periodic native trim disabled

---------------  S Y S T E M  ---------------

OS:
 Windows 11 , 64 bit Build 22621 (10.0.22621.5415)
OS uptime: 0 days 2:56 hours

CPU: total 16 (initial active 16) (16 cores per cpu, 2 threads per core) family 25 model 80 stepping 0 microcode 0x0, cx8, cmov, fxsr, ht, mmx, 3dnowpref, sse, sse2, sse3, ssse3, sse4a, sse4.1, sse4.2, popcnt, lzcnt, tsc, tscinvbit, avx, avx2, aes, erms, clmul, bmi1, bmi2, adx, sha, fma, vzeroupper, clflush, clflushopt, rdtscp, rdpid, fsrm, f16c, pku, cet_ss
Processor Information for processor 0
  Max Mhz: 3201, Current Mhz: 1990, Mhz Limit: 3201
Processor Information for processor 1
  Max Mhz: 3201, Current Mhz: 3201, Mhz Limit: 3201
Processor Information for processor 2
  Max Mhz: 3201, Current Mhz: 3201, Mhz Limit: 3201
Processor Information for processor 3
  Max Mhz: 3201, Current Mhz: 1990, Mhz Limit: 3201
Processor Information for processor 4
  Max Mhz: 3201, Current Mhz: 3201, Mhz Limit: 3201
Processor Information for processor 5
  Max Mhz: 3201, Current Mhz: 1990, Mhz Limit: 3201
Processor Information for processor 6
  Max Mhz: 3201, Current Mhz: 3201, Mhz Limit: 3201
Processor Information for processor 7
  Max Mhz: 3201, Current Mhz: 3201, Mhz Limit: 3201
Processor Information for processor 8
  Max Mhz: 3201, Current Mhz: 1990, Mhz Limit: 3201
Processor Information for processor 9
  Max Mhz: 3201, Current Mhz: 1990, Mhz Limit: 3201
Processor Information for processor 10
  Max Mhz: 3201, Current Mhz: 1990, Mhz Limit: 3201
Processor Information for processor 11
  Max Mhz: 3201, Current Mhz: 1990, Mhz Limit: 3201
Processor Information for processor 12
  Max Mhz: 3201, Current Mhz: 1990, Mhz Limit: 3201
Processor Information for processor 13
  Max Mhz: 3201, Current Mhz: 1990, Mhz Limit: 3201
Processor Information for processor 14
  Max Mhz: 3201, Current Mhz: 1990, Mhz Limit: 3201
Processor Information for processor 15
  Max Mhz: 3201, Current Mhz: 1990, Mhz Limit: 3201

Memory: 4k page, system-wide physical 15773M (4307M free)
TotalPageFile size 15773M (AvailPageFile size 2M)
current process WorkingSet (physical memory assigned to process): 125M, peak: 125M
current process commit charge ("private bytes"): 410M, peak: 410M

vm_info: OpenJDK 64-Bit Server VM (21.0.1+12-29) for windows-amd64 JRE (21.0.1+12-29), built on 2023-10-05T13:27:09Z by "mach5one" with MS VC++ 17.1 (VS2022)

END.
