#
# There is insufficient memory for the Java Runtime Environment to continue.
# Native memory allocation (malloc) failed to allocate 32744 bytes for Chunk::new
# Possible reasons:
#   The system is out of physical RAM or swap space
#   The process is running with CompressedOops enabled, and the Java Heap may be blocking the growth of the native heap
# Possible solutions:
#   Reduce memory load on the system
#   Increase physical memory or swap space
#   Check if swap backing store is full
#   Decrease Java heap size (-Xmx/-Xms)
#   Decrease number of Java threads
#   Decrease Java thread stack sizes (-Xss)
#   Set larger code cache with -XX:ReservedCodeCacheSize=
#   JVM is running with Zero Based Compressed Oops mode in which the Java heap is
#     placed in the first 32GB address space. The Java Heap base address is the
#     maximum limit for the native heap growth. Please use -XX:HeapBaseMinAddress
#     to set the Java Heap base and to place the Java Heap above 32GB virtual address.
# This output file may be truncated or incomplete.
#
#  Out of Memory Error (arena.cpp:168), pid=22268, tid=9924
#
# JRE version: OpenJDK Runtime Environment (21.0.1+12) (build 21.0.1+12-29)
# Java VM: OpenJDK 64-Bit Server VM (21.0.1+12-29, mixed mode, sharing, tiered, compressed oops, compressed class ptrs, g1 gc, windows-amd64)
# No core dump will be written. Minidumps are not enabled by default on client versions of Windows
#

---------------  S U M M A R Y ------------

Command Line: -javaagent:C:\Program Files\JetBrains\IntelliJ IDEA Community Edition 2023.3.4\lib\idea_rt.jar=51911:C:\Program Files\JetBrains\IntelliJ IDEA Community Edition 2023.3.4\bin -Dfile.encoding=UTF-8 -Dsun.stdout.encoding=UTF-8 -Dsun.stderr.encoding=UTF-8 MainApp

Host: AMD Ryzen 7 5800H with Radeon Graphics         , 16 cores, 15G,  Windows 11 , 64 bit Build 22621 (10.0.22621.5415)
Time: Sat Nov 29 22:47:29 2025 SE Asia Standard Time elapsed time: 90.066577 seconds (0d 0h 1m 30s)

---------------  T H R E A D  ---------------

Current thread (0x000001dc71d57050):  JavaThread "C2 CompilerThread0" daemon [_thread_in_native, id=9924, stack(0x000000d053800000,0x000000d053900000) (1024K)]


Current CompileTask:
C2:  90066 2179 %     4       sun.java2d.marlin.MarlinTileGenerator::getAlphaRLE @ 756 (1749 bytes)

Stack: [0x000000d053800000,0x000000d053900000]
Native frames: (J=compiled Java code, j=interpreted, Vv=VM code, C=native code)
V  [jvm.dll+0x6c9029]
V  [jvm.dll+0x854b81]
V  [jvm.dll+0x856e5e]
V  [jvm.dll+0x857543]
V  [jvm.dll+0x280c06]
V  [jvm.dll+0xc3ead]
V  [jvm.dll+0xc43c3]
V  [jvm.dll+0x6021c4]
V  [jvm.dll+0x5f106b]
V  [jvm.dll+0x5f0c95]
V  [jvm.dll+0x7ba6e5]
V  [jvm.dll+0x7b1cfc]
V  [jvm.dll+0x7bd70a]
V  [jvm.dll+0x5f4a41]
V  [jvm.dll+0x252bef]
V  [jvm.dll+0x252fbf]
V  [jvm.dll+0x24b734]
V  [jvm.dll+0x248fa3]
V  [jvm.dll+0x1c9ca1]
V  [jvm.dll+0x2586b9]
V  [jvm.dll+0x256c9a]
V  [jvm.dll+0x3ef1b6]
V  [jvm.dll+0x7fd728]
V  [jvm.dll+0x6c777d]
C  [ucrtbase.dll+0x29333]
C  [KERNEL32.DLL+0x1259d]
C  [ntdll.dll+0x5af78]


---------------  P R O C E S S  ---------------

Threads class SMR info:
_java_thread_list=0x000001dc7630dfb0, length=26, elements={
0x000001dc71d51230, 0x000001dc71d525b0, 0x000001dc71d553f0, 0x000001dc71d560b0,
0x000001dc71d59400, 0x000001dc71d59f90, 0x000001dc71d57050, 0x000001dc71d58570,
0x000001dc760e0010, 0x000001dc760e06a0, 0x000001dc760e20e0, 0x000001dc760e13c0,
0x000001dc760dec60, 0x000001dc760df2f0, 0x000001dc760e0d30, 0x000001dc760df980,
0x000001dc760e1a50, 0x000001dc7e40f850, 0x000001dc7e40fee0, 0x000001dc7e40d0f0,
0x000001dc7e40e4a0, 0x000001dc7e410570, 0x000001dc7e40b6b0, 0x000001dc7e40bd40,
0x000001dc7e40c3d0, 0x000001dc7e411290
}

Java Threads: ( => current thread )
  0x000001dc71d51230 JavaThread "Reference Handler"          daemon [_thread_blocked, id=17300, stack(0x000000d053200000,0x000000d053300000) (1024K)]
  0x000001dc71d525b0 JavaThread "Finalizer"                  daemon [_thread_blocked, id=16196, stack(0x000000d053300000,0x000000d053400000) (1024K)]
  0x000001dc71d553f0 JavaThread "Signal Dispatcher"          daemon [_thread_blocked, id=20500, stack(0x000000d053400000,0x000000d053500000) (1024K)]
  0x000001dc71d560b0 JavaThread "Attach Listener"            daemon [_thread_blocked, id=7992, stack(0x000000d053500000,0x000000d053600000) (1024K)]
  0x000001dc71d59400 JavaThread "Service Thread"             daemon [_thread_blocked, id=26036, stack(0x000000d053600000,0x000000d053700000) (1024K)]
  0x000001dc71d59f90 JavaThread "Monitor Deflation Thread"   daemon [_thread_blocked, id=2168, stack(0x000000d053700000,0x000000d053800000) (1024K)]
=>0x000001dc71d57050 JavaThread "C2 CompilerThread0"         daemon [_thread_in_native, id=9924, stack(0x000000d053800000,0x000000d053900000) (1024K)]
  0x000001dc71d58570 JavaThread "C1 CompilerThread0"         daemon [_thread_blocked, id=9704, stack(0x000000d053900000,0x000000d053a00000) (1024K)]
  0x000001dc760e0010 JavaThread "Common-Cleaner"             daemon [_thread_blocked, id=11988, stack(0x000000d053a00000,0x000000d053b00000) (1024K)]
  0x000001dc760e06a0 JavaThread "Monitor Ctrl-Break"         daemon [_thread_in_native, id=6012, stack(0x000000d053d00000,0x000000d053e00000) (1024K)]
  0x000001dc760e20e0 JavaThread "Notification Thread"        daemon [_thread_blocked, id=4872, stack(0x000000d053e00000,0x000000d053f00000) (1024K)]
  0x000001dc760e13c0 JavaThread "Java2D Disposer"            daemon [_thread_blocked, id=13844, stack(0x000000d053f00000,0x000000d054000000) (1024K)]
  0x000001dc760dec60 JavaThread "AWT-Shutdown"                      [_thread_blocked, id=4804, stack(0x000000d054000000,0x000000d054100000) (1024K)]
  0x000001dc760df2f0 JavaThread "AWT-Windows"                daemon [_thread_in_native, id=18068, stack(0x000000d054100000,0x000000d054200000) (1024K)]
  0x000001dc760e0d30 JavaThread "AWT-EventQueue-0"                  [_thread_blocked, id=10800, stack(0x000000d054200000,0x000000d054300000) (1024K)]
  0x000001dc760df980 JavaThread "DestroyJavaVM"                     [_thread_blocked, id=6768, stack(0x000000d052a00000,0x000000d052b00000) (1024K)]
  0x000001dc760e1a50 JavaThread "TimerQueue"                 daemon [_thread_blocked, id=7208, stack(0x000000d055300000,0x000000d055400000) (1024K)]
  0x000001dc7e40f850 JavaThread "D3D Screen Updater"         daemon [_thread_in_native, id=13524, stack(0x000000d056000000,0x000000d056100000) (1024K)]
  0x000001dc7e40fee0 JavaThread "Java Sound Event Dispatcher" daemon [_thread_blocked, id=1960, stack(0x000000d056300000,0x000000d056400000) (1024K)]
  0x000001dc7e40d0f0 JavaThread "Direct Clip"                daemon [_thread_blocked, id=26380, stack(0x000000d056600000,0x000000d056700000) (1024K)]
  0x000001dc7e40e4a0 JavaThread "Direct Clip"                daemon [_thread_blocked, id=26984, stack(0x000000d056800000,0x000000d056900000) (1024K)]
  0x000001dc7e410570 JavaThread "Direct Clip"                daemon [_thread_blocked, id=3080, stack(0x000000d056900000,0x000000d056a00000) (1024K)]
  0x000001dc7e40b6b0 JavaThread "Direct Clip"                daemon [_thread_blocked, id=13068, stack(0x000000d056d00000,0x000000d056e00000) (1024K)]
  0x000001dc7e40bd40 JavaThread "Direct Clip"                daemon [_thread_blocked, id=14468, stack(0x000000d056e00000,0x000000d056f00000) (1024K)]
  0x000001dc7e40c3d0 JavaThread "Direct Clip"                daemon [_thread_blocked, id=25416, stack(0x000000d056f00000,0x000000d057000000) (1024K)]
  0x000001dc7e411290 JavaThread "Direct Clip"                daemon [_thread_blocked, id=12248, stack(0x000000d057000000,0x000000d057100000) (1024K)]
Total: 26

Other Threads:
  0x000001dc71d30930 VMThread "VM Thread"                           [id=24020, stack(0x000000d053100000,0x000000d053200000) (1024K)]
  0x000001dc71d18930 WatcherThread "VM Periodic Task Thread"        [id=11660, stack(0x000000d053000000,0x000000d053100000) (1024K)]
  0x000001dc5047cca0 WorkerThread "GC Thread#0"                     [id=24712, stack(0x000000d052b00000,0x000000d052c00000) (1024K)]
  0x000001dc778dc740 WorkerThread "GC Thread#1"                     [id=7428, stack(0x000000d055400000,0x000000d055500000) (1024K)]
  0x000001dc7cac0350 WorkerThread "GC Thread#2"                     [id=16540, stack(0x000000d055500000,0x000000d055600000) (1024K)]
  0x000001dc7ca6fad0 WorkerThread "GC Thread#3"                     [id=22928, stack(0x000000d055600000,0x000000d055700000) (1024K)]
  0x000001dc7ca70690 WorkerThread "GC Thread#4"                     [id=22456, stack(0x000000d055700000,0x000000d055800000) (1024K)]
  0x000001dc7cb27e70 WorkerThread "GC Thread#5"                     [id=17600, stack(0x000000d055800000,0x000000d055900000) (1024K)]
  0x000001dc7cb285b0 WorkerThread "GC Thread#6"                     [id=24548, stack(0x000000d055900000,0x000000d055a00000) (1024K)]
  0x000001dc7cb28950 WorkerThread "GC Thread#7"                     [id=22572, stack(0x000000d055a00000,0x000000d055b00000) (1024K)]
  0x000001dc7cb28cf0 WorkerThread "GC Thread#8"                     [id=1924, stack(0x000000d055b00000,0x000000d055c00000) (1024K)]
  0x000001dc7cb29090 WorkerThread "GC Thread#9"                     [id=1556, stack(0x000000d055c00000,0x000000d055d00000) (1024K)]
  0x000001dc7cb29430 WorkerThread "GC Thread#10"                    [id=25772, stack(0x000000d055d00000,0x000000d055e00000) (1024K)]
  0x000001dc7cd88020 WorkerThread "GC Thread#11"                    [id=13380, stack(0x000000d055000000,0x000000d055100000) (1024K)]
  0x000001dc7cd89d20 WorkerThread "GC Thread#12"                    [id=25408, stack(0x000000d055100000,0x000000d055200000) (1024K)]
  0x000001dc5048d4b0 ConcurrentGCThread "G1 Main Marker"            [id=11420, stack(0x000000d052c00000,0x000000d052d00000) (1024K)]
  0x000001dc5048e750 WorkerThread "G1 Conc#0"                       [id=24700, stack(0x000000d052d00000,0x000000d052e00000) (1024K)]
  0x000001dc71be7980 ConcurrentGCThread "G1 Refine#0"               [id=14520, stack(0x000000d052e00000,0x000000d052f00000) (1024K)]
  0x000001dc71be8300 ConcurrentGCThread "G1 Service"                [id=26696, stack(0x000000d052f00000,0x000000d053000000) (1024K)]
Total: 19

Threads with active compile tasks:
C2 CompilerThread0    90114 2179 %     4       sun.java2d.marlin.MarlinTileGenerator::getAlphaRLE @ 756 (1749 bytes)
Total: 1

VM state: not at safepoint (normal execution)

VM Mutex/Monitor currently owned by a thread: None

Heap address: 0x0000000709800000, size: 3944 MB, Compressed Oops mode: Zero based, Oop shift amount: 3

CDS archive(s) mapped at: [0x000001dc00000000-0x000001dc00c90000-0x000001dc00c90000), size 13172736, SharedBaseAddress: 0x000001dc00000000, ArchiveRelocationMode: 1.
Compressed class space mapped at: 0x000001dc01000000-0x000001dc41000000, reserved size: 1073741824
Narrow klass base: 0x000001dc00000000, Narrow klass shift: 0, Narrow klass range: 0x100000000

GC Precious Log:
 CardTable entry size: 512
 Card Set container configuration: InlinePtr #cards 4 size 8 Array Of Cards #cards 16 size 48 Howl #buckets 8 coarsen threshold 3686 Howl Bitmap #cards 512 size 80 coarsen threshold 460 Card regions per heap region 1 cards per card region 4096
 CPUs: 16 total, 16 available
 Memory: 15773M
 Large Page Support: Disabled
 NUMA Support: Disabled
 Compressed Oops: Enabled (Zero based)
 Heap Region Size: 2M
 Heap Min Capacity: 8M
 Heap Initial Capacity: 248M
 Heap Max Capacity: 3944M
 Pre-touch: Disabled
 Parallel Workers: 13
 Concurrent Workers: 3
 Concurrent Refinement Workers: 13
 Periodic GC: Disabled

Heap:
 garbage-first heap   total 253952K, used 84942K [0x0000000709800000, 0x0000000800000000)
  region size 2048K, 23 young (47104K), 3 survivors (6144K)
 Metaspace       used 12813K, committed 13056K, reserved 1114112K
  class space    used 1366K, committed 1472K, reserved 1048576K

Heap Regions: E=young(eden), S=young(survivor), O=old, HS=humongous(starts), HC=humongous(continues), CS=collection set, F=free, TAMS=top-at-mark-start, PB=parsable bottom
|   0|0x0000000709800000, 0x0000000709a00000, 0x0000000709a00000|100%|HS|  |TAMS 0x0000000709800000| PB 0x0000000709800000| Complete 
|   1|0x0000000709a00000, 0x0000000709c00000, 0x0000000709c00000|100%|HC|  |TAMS 0x0000000709a00000| PB 0x0000000709a00000| Complete 
|   2|0x0000000709c00000, 0x0000000709e00000, 0x0000000709e00000|100%| O|  |TAMS 0x0000000709c00000| PB 0x0000000709c00000| Untracked 
|   3|0x0000000709e00000, 0x000000070a000000, 0x000000070a000000|100%|HS|  |TAMS 0x0000000709e00000| PB 0x0000000709e00000| Complete 
|   4|0x000000070a000000, 0x000000070a200000, 0x000000070a200000|100%|HC|  |TAMS 0x000000070a000000| PB 0x000000070a000000| Complete 
|   5|0x000000070a200000, 0x000000070a400000, 0x000000070a400000|100%| O|  |TAMS 0x000000070a200000| PB 0x000000070a200000| Untracked 
|   6|0x000000070a400000, 0x000000070a600000, 0x000000070a600000|100%| O|  |TAMS 0x000000070a400000| PB 0x000000070a400000| Untracked 
|   7|0x000000070a600000, 0x000000070a800000, 0x000000070a800000|100%| O|  |TAMS 0x000000070a600000| PB 0x000000070a600000| Untracked 
|   8|0x000000070a800000, 0x000000070aa00000, 0x000000070aa00000|100%| O|  |TAMS 0x000000070a800000| PB 0x000000070a800000| Untracked 
|   9|0x000000070aa00000, 0x000000070ac00000, 0x000000070ac00000|100%| O|  |TAMS 0x000000070aa00000| PB 0x000000070aa00000| Untracked 
|  10|0x000000070ac00000, 0x000000070ae00000, 0x000000070ae00000|100%| O|  |TAMS 0x000000070ac00000| PB 0x000000070ac00000| Untracked 
|  11|0x000000070ae00000, 0x000000070aef3b10, 0x000000070b000000| 47%| O|  |TAMS 0x000000070ae00000| PB 0x000000070ae00000| Untracked 
|  12|0x000000070b000000, 0x000000070b200000, 0x000000070b200000|100%|HS|  |TAMS 0x000000070b000000| PB 0x000000070b000000| Complete 
|  13|0x000000070b200000, 0x000000070b400000, 0x000000070b400000|100%|HC|  |TAMS 0x000000070b200000| PB 0x000000070b200000| Complete 
|  14|0x000000070b400000, 0x000000070b600000, 0x000000070b600000|100%|HC|  |TAMS 0x000000070b400000| PB 0x000000070b400000| Complete 
|  15|0x000000070b600000, 0x000000070b800000, 0x000000070b800000|100%|HS|  |TAMS 0x000000070b600000| PB 0x000000070b600000| Complete 
|  16|0x000000070b800000, 0x000000070ba00000, 0x000000070ba00000|100%|HC|  |TAMS 0x000000070b800000| PB 0x000000070b800000| Complete 
|  17|0x000000070ba00000, 0x000000070bc00000, 0x000000070bc00000|100%|HC|  |TAMS 0x000000070ba00000| PB 0x000000070ba00000| Complete 
|  18|0x000000070bc00000, 0x000000070be00000, 0x000000070be00000|100%|HS|  |TAMS 0x000000070bc00000| PB 0x000000070bc00000| Complete 
|  19|0x000000070be00000, 0x000000070c000000, 0x000000070c000000|100%|HC|  |TAMS 0x000000070be00000| PB 0x000000070be00000| Complete 
|  20|0x000000070c000000, 0x000000070c200000, 0x000000070c200000|100%|HC|  |TAMS 0x000000070c000000| PB 0x000000070c000000| Complete 
|  21|0x000000070c200000, 0x000000070c200000, 0x000000070c400000|  0%| F|  |TAMS 0x000000070c200000| PB 0x000000070c200000| Untracked 
|  22|0x000000070c400000, 0x000000070c400000, 0x000000070c600000|  0%| F|  |TAMS 0x000000070c400000| PB 0x000000070c400000| Untracked 
|  23|0x000000070c600000, 0x000000070c600000, 0x000000070c800000|  0%| F|  |TAMS 0x000000070c600000| PB 0x000000070c600000| Untracked 
|  24|0x000000070c800000, 0x000000070c800000, 0x000000070ca00000|  0%| F|  |TAMS 0x000000070c800000| PB 0x000000070c800000| Untracked 
|  25|0x000000070ca00000, 0x000000070ca00000, 0x000000070cc00000|  0%| F|  |TAMS 0x000000070ca00000| PB 0x000000070ca00000| Untracked 
|  26|0x000000070cc00000, 0x000000070cc00000, 0x000000070ce00000|  0%| F|  |TAMS 0x000000070cc00000| PB 0x000000070cc00000| Untracked 
|  27|0x000000070ce00000, 0x000000070ce00000, 0x000000070d000000|  0%| F|  |TAMS 0x000000070ce00000| PB 0x000000070ce00000| Untracked 
|  28|0x000000070d000000, 0x000000070d000000, 0x000000070d200000|  0%| F|  |TAMS 0x000000070d000000| PB 0x000000070d000000| Untracked 
|  29|0x000000070d200000, 0x000000070d200000, 0x000000070d400000|  0%| F|  |TAMS 0x000000070d200000| PB 0x000000070d200000| Untracked 
|  30|0x000000070d400000, 0x000000070d400000, 0x000000070d600000|  0%| F|  |TAMS 0x000000070d400000| PB 0x000000070d400000| Untracked 
|  31|0x000000070d600000, 0x000000070d600000, 0x000000070d800000|  0%| F|  |TAMS 0x000000070d600000| PB 0x000000070d600000| Untracked 
|  32|0x000000070d800000, 0x000000070d800000, 0x000000070da00000|  0%| F|  |TAMS 0x000000070d800000| PB 0x000000070d800000| Untracked 
|  33|0x000000070da00000, 0x000000070da00000, 0x000000070dc00000|  0%| F|  |TAMS 0x000000070da00000| PB 0x000000070da00000| Untracked 
|  34|0x000000070dc00000, 0x000000070dc00000, 0x000000070de00000|  0%| F|  |TAMS 0x000000070dc00000| PB 0x000000070dc00000| Untracked 
|  35|0x000000070de00000, 0x000000070de00000, 0x000000070e000000|  0%| F|  |TAMS 0x000000070de00000| PB 0x000000070de00000| Untracked 
|  36|0x000000070e000000, 0x000000070e000000, 0x000000070e200000|  0%| F|  |TAMS 0x000000070e000000| PB 0x000000070e000000| Untracked 
|  37|0x000000070e200000, 0x000000070e200000, 0x000000070e400000|  0%| F|  |TAMS 0x000000070e200000| PB 0x000000070e200000| Untracked 
|  38|0x000000070e400000, 0x000000070e400000, 0x000000070e600000|  0%| F|  |TAMS 0x000000070e400000| PB 0x000000070e400000| Untracked 
|  39|0x000000070e600000, 0x000000070e600000, 0x000000070e800000|  0%| F|  |TAMS 0x000000070e600000| PB 0x000000070e600000| Untracked 
|  40|0x000000070e800000, 0x000000070e800000, 0x000000070ea00000|  0%| F|  |TAMS 0x000000070e800000| PB 0x000000070e800000| Untracked 
|  41|0x000000070ea00000, 0x000000070ea00000, 0x000000070ec00000|  0%| F|  |TAMS 0x000000070ea00000| PB 0x000000070ea00000| Untracked 
|  42|0x000000070ec00000, 0x000000070ec00000, 0x000000070ee00000|  0%| F|  |TAMS 0x000000070ec00000| PB 0x000000070ec00000| Untracked 
|  43|0x000000070ee00000, 0x000000070ee00000, 0x000000070f000000|  0%| F|  |TAMS 0x000000070ee00000| PB 0x000000070ee00000| Untracked 
|  44|0x000000070f000000, 0x000000070f000000, 0x000000070f200000|  0%| F|  |TAMS 0x000000070f000000| PB 0x000000070f000000| Untracked 
|  45|0x000000070f200000, 0x000000070f200000, 0x000000070f400000|  0%| F|  |TAMS 0x000000070f200000| PB 0x000000070f200000| Untracked 
|  46|0x000000070f400000, 0x000000070f400000, 0x000000070f600000|  0%| F|  |TAMS 0x000000070f400000| PB 0x000000070f400000| Untracked 
|  47|0x000000070f600000, 0x000000070f600000, 0x000000070f800000|  0%| F|  |TAMS 0x000000070f600000| PB 0x000000070f600000| Untracked 
|  48|0x000000070f800000, 0x000000070f800000, 0x000000070fa00000|  0%| F|  |TAMS 0x000000070f800000| PB 0x000000070f800000| Untracked 
|  49|0x000000070fa00000, 0x000000070fa00000, 0x000000070fc00000|  0%| F|  |TAMS 0x000000070fa00000| PB 0x000000070fa00000| Untracked 
|  50|0x000000070fc00000, 0x000000070fc00000, 0x000000070fe00000|  0%| F|  |TAMS 0x000000070fc00000| PB 0x000000070fc00000| Untracked 
|  51|0x000000070fe00000, 0x000000070fe00000, 0x0000000710000000|  0%| F|  |TAMS 0x000000070fe00000| PB 0x000000070fe00000| Untracked 
|  52|0x0000000710000000, 0x0000000710000000, 0x0000000710200000|  0%| F|  |TAMS 0x0000000710000000| PB 0x0000000710000000| Untracked 
|  53|0x0000000710200000, 0x0000000710200000, 0x0000000710400000|  0%| F|  |TAMS 0x0000000710200000| PB 0x0000000710200000| Untracked 
|  54|0x0000000710400000, 0x0000000710400000, 0x0000000710600000|  0%| F|  |TAMS 0x0000000710400000| PB 0x0000000710400000| Untracked 
|  55|0x0000000710600000, 0x0000000710600000, 0x0000000710800000|  0%| F|  |TAMS 0x0000000710600000| PB 0x0000000710600000| Untracked 
|  56|0x0000000710800000, 0x0000000710800000, 0x0000000710a00000|  0%| F|  |TAMS 0x0000000710800000| PB 0x0000000710800000| Untracked 
|  57|0x0000000710a00000, 0x0000000710a00000, 0x0000000710c00000|  0%| F|  |TAMS 0x0000000710a00000| PB 0x0000000710a00000| Untracked 
|  58|0x0000000710c00000, 0x0000000710c00000, 0x0000000710e00000|  0%| F|  |TAMS 0x0000000710c00000| PB 0x0000000710c00000| Untracked 
|  59|0x0000000710e00000, 0x0000000710e00000, 0x0000000711000000|  0%| F|  |TAMS 0x0000000710e00000| PB 0x0000000710e00000| Untracked 
|  60|0x0000000711000000, 0x0000000711000000, 0x0000000711200000|  0%| F|  |TAMS 0x0000000711000000| PB 0x0000000711000000| Untracked 
|  61|0x0000000711200000, 0x0000000711200000, 0x0000000711400000|  0%| F|  |TAMS 0x0000000711200000| PB 0x0000000711200000| Untracked 
|  62|0x0000000711400000, 0x0000000711400000, 0x0000000711600000|  0%| F|  |TAMS 0x0000000711400000| PB 0x0000000711400000| Untracked 
|  63|0x0000000711600000, 0x0000000711600000, 0x0000000711800000|  0%| F|  |TAMS 0x0000000711600000| PB 0x0000000711600000| Untracked 
|  64|0x0000000711800000, 0x0000000711800000, 0x0000000711a00000|  0%| F|  |TAMS 0x0000000711800000| PB 0x0000000711800000| Untracked 
|  65|0x0000000711a00000, 0x0000000711a00000, 0x0000000711c00000|  0%| F|  |TAMS 0x0000000711a00000| PB 0x0000000711a00000| Untracked 
|  66|0x0000000711c00000, 0x0000000711c00000, 0x0000000711e00000|  0%| F|  |TAMS 0x0000000711c00000| PB 0x0000000711c00000| Untracked 
|  67|0x0000000711e00000, 0x0000000711e00000, 0x0000000712000000|  0%| F|  |TAMS 0x0000000711e00000| PB 0x0000000711e00000| Untracked 
|  68|0x0000000712000000, 0x0000000712000000, 0x0000000712200000|  0%| F|  |TAMS 0x0000000712000000| PB 0x0000000712000000| Untracked 
|  69|0x0000000712200000, 0x0000000712200000, 0x0000000712400000|  0%| F|  |TAMS 0x0000000712200000| PB 0x0000000712200000| Untracked 
|  70|0x0000000712400000, 0x0000000712400000, 0x0000000712600000|  0%| F|  |TAMS 0x0000000712400000| PB 0x0000000712400000| Untracked 
|  71|0x0000000712600000, 0x0000000712600000, 0x0000000712800000|  0%| F|  |TAMS 0x0000000712600000| PB 0x0000000712600000| Untracked 
|  72|0x0000000712800000, 0x0000000712800000, 0x0000000712a00000|  0%| F|  |TAMS 0x0000000712800000| PB 0x0000000712800000| Untracked 
|  73|0x0000000712a00000, 0x0000000712a00000, 0x0000000712c00000|  0%| F|  |TAMS 0x0000000712a00000| PB 0x0000000712a00000| Untracked 
|  74|0x0000000712c00000, 0x0000000712c00000, 0x0000000712e00000|  0%| F|  |TAMS 0x0000000712c00000| PB 0x0000000712c00000| Untracked 
|  75|0x0000000712e00000, 0x0000000712e00000, 0x0000000713000000|  0%| F|  |TAMS 0x0000000712e00000| PB 0x0000000712e00000| Untracked 
|  76|0x0000000713000000, 0x0000000713000000, 0x0000000713200000|  0%| F|  |TAMS 0x0000000713000000| PB 0x0000000713000000| Untracked 
|  77|0x0000000713200000, 0x0000000713200000, 0x0000000713400000|  0%| F|  |TAMS 0x0000000713200000| PB 0x0000000713200000| Untracked 
|  78|0x0000000713400000, 0x0000000713400000, 0x0000000713600000|  0%| F|  |TAMS 0x0000000713400000| PB 0x0000000713400000| Untracked 
|  79|0x0000000713600000, 0x0000000713600000, 0x0000000713800000|  0%| F|  |TAMS 0x0000000713600000| PB 0x0000000713600000| Untracked 
|  80|0x0000000713800000, 0x0000000713800000, 0x0000000713a00000|  0%| F|  |TAMS 0x0000000713800000| PB 0x0000000713800000| Untracked 
|  81|0x0000000713a00000, 0x0000000713a00000, 0x0000000713c00000|  0%| F|  |TAMS 0x0000000713a00000| PB 0x0000000713a00000| Untracked 
|  82|0x0000000713c00000, 0x0000000713c00000, 0x0000000713e00000|  0%| F|  |TAMS 0x0000000713c00000| PB 0x0000000713c00000| Untracked 
|  83|0x0000000713e00000, 0x0000000713e00000, 0x0000000714000000|  0%| F|  |TAMS 0x0000000713e00000| PB 0x0000000713e00000| Untracked 
|  84|0x0000000714000000, 0x0000000714000000, 0x0000000714200000|  0%| F|  |TAMS 0x0000000714000000| PB 0x0000000714000000| Untracked 
|  85|0x0000000714200000, 0x0000000714200000, 0x0000000714400000|  0%| F|  |TAMS 0x0000000714200000| PB 0x0000000714200000| Untracked 
|  86|0x0000000714400000, 0x0000000714400000, 0x0000000714600000|  0%| F|  |TAMS 0x0000000714400000| PB 0x0000000714400000| Untracked 
|  87|0x0000000714600000, 0x0000000714600000, 0x0000000714800000|  0%| F|  |TAMS 0x0000000714600000| PB 0x0000000714600000| Untracked 
|  88|0x0000000714800000, 0x0000000714800000, 0x0000000714a00000|  0%| F|  |TAMS 0x0000000714800000| PB 0x0000000714800000| Untracked 
|  89|0x0000000714a00000, 0x0000000714a00000, 0x0000000714c00000|  0%| F|  |TAMS 0x0000000714a00000| PB 0x0000000714a00000| Untracked 
|  90|0x0000000714c00000, 0x0000000714c00000, 0x0000000714e00000|  0%| F|  |TAMS 0x0000000714c00000| PB 0x0000000714c00000| Untracked 
|  91|0x0000000714e00000, 0x0000000714e00000, 0x0000000715000000|  0%| F|  |TAMS 0x0000000714e00000| PB 0x0000000714e00000| Untracked 
|  92|0x0000000715000000, 0x0000000715000000, 0x0000000715200000|  0%| F|  |TAMS 0x0000000715000000| PB 0x0000000715000000| Untracked 
|  93|0x0000000715200000, 0x0000000715200000, 0x0000000715400000|  0%| F|  |TAMS 0x0000000715200000| PB 0x0000000715200000| Untracked 
|  94|0x0000000715400000, 0x0000000715400000, 0x0000000715600000|  0%| F|  |TAMS 0x0000000715400000| PB 0x0000000715400000| Untracked 
|  95|0x0000000715600000, 0x0000000715600000, 0x0000000715800000|  0%| F|  |TAMS 0x0000000715600000| PB 0x0000000715600000| Untracked 
|  96|0x0000000715800000, 0x0000000715800000, 0x0000000715a00000|  0%| F|  |TAMS 0x0000000715800000| PB 0x0000000715800000| Untracked 
|  97|0x0000000715a00000, 0x0000000715a00000, 0x0000000715c00000|  0%| F|  |TAMS 0x0000000715a00000| PB 0x0000000715a00000| Untracked 
|  98|0x0000000715c00000, 0x0000000715c00000, 0x0000000715e00000|  0%| F|  |TAMS 0x0000000715c00000| PB 0x0000000715c00000| Untracked 
|  99|0x0000000715e00000, 0x0000000715e00000, 0x0000000716000000|  0%| F|  |TAMS 0x0000000715e00000| PB 0x0000000715e00000| Untracked 
| 100|0x0000000716000000, 0x0000000716000000, 0x0000000716200000|  0%| F|  |TAMS 0x0000000716000000| PB 0x0000000716000000| Untracked 
| 101|0x0000000716200000, 0x00000007163e7ae0, 0x0000000716400000| 95%| E|  |TAMS 0x0000000716200000| PB 0x0000000716200000| Complete 
| 102|0x0000000716400000, 0x00000007165e7150, 0x0000000716600000| 95%| E|  |TAMS 0x0000000716400000| PB 0x0000000716400000| Complete 
| 103|0x0000000716600000, 0x0000000716800000, 0x0000000716800000|100%| S|CS|TAMS 0x0000000716600000| PB 0x0000000716600000| Complete 
| 104|0x0000000716800000, 0x0000000716a00000, 0x0000000716a00000|100%| S|CS|TAMS 0x0000000716800000| PB 0x0000000716800000| Complete 
| 105|0x0000000716a00000, 0x0000000716c00000, 0x0000000716c00000|100%| S|CS|TAMS 0x0000000716a00000| PB 0x0000000716a00000| Complete 
| 106|0x0000000716c00000, 0x0000000716e00000, 0x0000000716e00000|100%| E|CS|TAMS 0x0000000716c00000| PB 0x0000000716c00000| Complete 
| 107|0x0000000716e00000, 0x0000000717000000, 0x0000000717000000|100%| E|CS|TAMS 0x0000000716e00000| PB 0x0000000716e00000| Complete 
| 108|0x0000000717000000, 0x0000000717200000, 0x0000000717200000|100%| E|CS|TAMS 0x0000000717000000| PB 0x0000000717000000| Complete 
| 109|0x0000000717200000, 0x0000000717400000, 0x0000000717400000|100%| E|CS|TAMS 0x0000000717200000| PB 0x0000000717200000| Complete 
| 110|0x0000000717400000, 0x0000000717600000, 0x0000000717600000|100%| E|CS|TAMS 0x0000000717400000| PB 0x0000000717400000| Complete 
| 111|0x0000000717600000, 0x0000000717800000, 0x0000000717800000|100%| E|CS|TAMS 0x0000000717600000| PB 0x0000000717600000| Complete 
| 112|0x0000000717800000, 0x0000000717a00000, 0x0000000717a00000|100%| E|CS|TAMS 0x0000000717800000| PB 0x0000000717800000| Complete 
| 113|0x0000000717a00000, 0x0000000717c00000, 0x0000000717c00000|100%| E|CS|TAMS 0x0000000717a00000| PB 0x0000000717a00000| Complete 
| 114|0x0000000717c00000, 0x0000000717e00000, 0x0000000717e00000|100%| E|CS|TAMS 0x0000000717c00000| PB 0x0000000717c00000| Complete 
| 115|0x0000000717e00000, 0x0000000718000000, 0x0000000718000000|100%| E|CS|TAMS 0x0000000717e00000| PB 0x0000000717e00000| Complete 
| 116|0x0000000718000000, 0x0000000718200000, 0x0000000718200000|100%| E|CS|TAMS 0x0000000718000000| PB 0x0000000718000000| Complete 
| 117|0x0000000718200000, 0x0000000718400000, 0x0000000718400000|100%| E|CS|TAMS 0x0000000718200000| PB 0x0000000718200000| Complete 
| 118|0x0000000718400000, 0x0000000718600000, 0x0000000718600000|100%| E|CS|TAMS 0x0000000718400000| PB 0x0000000718400000| Complete 
| 119|0x0000000718600000, 0x0000000718800000, 0x0000000718800000|100%| E|CS|TAMS 0x0000000718600000| PB 0x0000000718600000| Complete 
| 120|0x0000000718800000, 0x0000000718a00000, 0x0000000718a00000|100%| E|CS|TAMS 0x0000000718800000| PB 0x0000000718800000| Complete 
| 121|0x0000000718a00000, 0x0000000718c00000, 0x0000000718c00000|100%| E|CS|TAMS 0x0000000718a00000| PB 0x0000000718a00000| Complete 
| 122|0x0000000718c00000, 0x0000000718e00000, 0x0000000718e00000|100%| E|CS|TAMS 0x0000000718c00000| PB 0x0000000718c00000| Complete 
| 123|0x0000000718e00000, 0x0000000719000000, 0x0000000719000000|100%| E|CS|TAMS 0x0000000718e00000| PB 0x0000000718e00000| Complete 

Card table byte_map: [0x000001dc6a7a0000,0x000001dc6af60000] _byte_map_base: 0x000001dc66f54000

Marking Bits: (CMBitMap*) 0x000001dc5047d3a0
 Bits: [0x000001dc6af60000, 0x000001dc6ed00000)

Polling page: 0x000001dc50190000

Metaspace:

Usage:
  Non-class:     11.18 MB used.
      Class:      1.33 MB used.
       Both:     12.52 MB used.

Virtual space:
  Non-class space:       64.00 MB reserved,      11.31 MB ( 18%) committed,  1 nodes.
      Class space:        1.00 GB reserved,       1.44 MB ( <1%) committed,  1 nodes.
             Both:        1.06 GB reserved,      12.75 MB (  1%) committed. 

Chunk freelists:
   Non-Class:  4.50 MB
       Class:  14.59 MB
        Both:  19.09 MB

MaxMetaspaceSize: unlimited
CompressedClassSpaceSize: 1.00 GB
Initial GC threshold: 21.00 MB
Current GC threshold: 21.00 MB
CDS: on
 - commit_granule_bytes: 65536.
 - commit_granule_words: 8192.
 - virtual_space_node_default_size: 8388608.
 - enlarge_chunks_in_place: 1.
 - use_allocation_guard: 0.


Internal statistics:

num_allocs_failed_limit: 0.
num_arena_births: 168.
num_arena_deaths: 0.
num_vsnodes_births: 2.
num_vsnodes_deaths: 0.
num_space_committed: 204.
num_space_uncommitted: 0.
num_chunks_returned_to_freelist: 0.
num_chunks_taken_from_freelist: 244.
num_chunk_merges: 0.
num_chunk_splits: 136.
num_chunks_enlarged: 57.
num_inconsistent_stats: 0.

CodeHeap 'non-profiled nmethods': size=119168Kb used=1033Kb max_used=1033Kb free=118134Kb
 bounds [0x000001dc61bc0000, 0x000001dc61e30000, 0x000001dc69020000]
CodeHeap 'profiled nmethods': size=119104Kb used=4105Kb max_used=4105Kb free=114998Kb
 bounds [0x000001dc5a020000, 0x000001dc5a430000, 0x000001dc61470000]
CodeHeap 'non-nmethods': size=7488Kb used=1684Kb max_used=3385Kb free=5804Kb
 bounds [0x000001dc61470000, 0x000001dc617d0000, 0x000001dc61bc0000]
 total_blobs=2909 nmethods=2186 adapters=627
 compilation: enabled
              stopped_count=0, restarted_count=0
 full_count=0

Compilation events (20 events):
Event: 90.027 Thread 0x000001dc71d57050 2178       4       java.lang.StrictMath::floorOrCeil (128 bytes)
Event: 90.028 Thread 0x000001dc71d58570 nmethod 2171 0x000001dc5a41ac90 code [0x000001dc5a41af20, 0x000001dc5a41bc00]
Event: 90.028 Thread 0x000001dc71d58570 2174       3       sun.java2d.SunGraphics2D::getClipBounds (21 bytes)
Event: 90.029 Thread 0x000001dc71d58570 nmethod 2174 0x000001dc5a41c090 code [0x000001dc5a41c260, 0x000001dc5a41c4b8]
Event: 90.029 Thread 0x000001dc71d57050 nmethod 2178 0x000001dc61cc2190 code [0x000001dc61cc2340, 0x000001dc61cc2448]
Event: 90.029 Thread 0x000001dc71d58570 2175       3       sun.java2d.SunGraphics2D::getClipBounds (102 bytes)
Event: 90.030 Thread 0x000001dc71d58570 nmethod 2175 0x000001dc5a41c590 code [0x000001dc5a41c7e0, 0x000001dc5a41d260]
Event: 90.030 Thread 0x000001dc71d58570 2176       3       java.awt.geom.Rectangle2D$Double::getBounds2D (24 bytes)
Event: 90.030 Thread 0x000001dc71d58570 nmethod 2176 0x000001dc5a41d510 code [0x000001dc5a41d6c0, 0x000001dc5a41d888]
Event: 90.030 Thread 0x000001dc71d58570 2177       3       java.awt.geom.RectangularShape::setFrame (21 bytes)
Event: 90.030 Thread 0x000001dc71d58570 nmethod 2177 0x000001dc5a41d990 code [0x000001dc5a41db80, 0x000001dc5a41e098]
Event: 90.030 Thread 0x000001dc71d58570 2173       3       java.util.ArrayList::fastRemove (44 bytes)
Event: 90.031 Thread 0x000001dc71d58570 nmethod 2173 0x000001dc5a41e210 code [0x000001dc5a41e3e0, 0x000001dc5a41e7e8]
Event: 90.031 Thread 0x000001dc71d58570 2172       3       java.awt.Color::getTransparency (22 bytes)
Event: 90.031 Thread 0x000001dc71d58570 nmethod 2172 0x000001dc5a41e910 code [0x000001dc5a41eac0, 0x000001dc5a41ee20]
Event: 90.032 Thread 0x000001dc71d57050 2179 %     4       sun.java2d.marlin.MarlinTileGenerator::getAlphaRLE @ 756 (1749 bytes)
Event: 90.032 Thread 0x000001dc71d58570 2180       3       sun.java2d.marlin.Helpers::withinD (19 bytes)
Event: 90.032 Thread 0x000001dc71d58570 nmethod 2180 0x000001dc5a41ef10 code [0x000001dc5a41f0c0, 0x000001dc5a41f298]
Event: 90.032 Thread 0x000001dc71d58570 2181       3       sun.java2d.marlin.Stroker::computeOffset (60 bytes)
Event: 90.033 Thread 0x000001dc71d58570 nmethod 2181 0x000001dc5a41f310 code [0x000001dc5a41f4e0, 0x000001dc5a41f760]

GC Heap History (4 events):
Event: 1.004 GC heap before
{Heap before GC invocations=0 (full 0):
 garbage-first heap   total 253952K, used 26624K [0x0000000709800000, 0x0000000800000000)
  region size 2048K, 11 young (22528K), 0 survivors (0K)
 Metaspace       used 9287K, committed 9536K, reserved 1114112K
  class space    used 1016K, committed 1152K, reserved 1048576K
}
Event: 1.009 GC heap after
{Heap after GC invocations=1 (full 0):
 garbage-first heap   total 253952K, used 8806K [0x0000000709800000, 0x0000000800000000)
  region size 2048K, 2 young (4096K), 2 survivors (4096K)
 Metaspace       used 9287K, committed 9536K, reserved 1114112K
  class space    used 1016K, committed 1152K, reserved 1048576K
}
Event: 2.296 GC heap before
{Heap before GC invocations=1 (full 0):
 garbage-first heap   total 253952K, used 43622K [0x0000000709800000, 0x0000000800000000)
  region size 2048K, 18 young (36864K), 2 survivors (4096K)
 Metaspace       used 11402K, committed 11648K, reserved 1114112K
  class space    used 1263K, committed 1408K, reserved 1048576K
}
Event: 2.302 GC heap after
{Heap after GC invocations=2 (full 0):
 garbage-first heap   total 253952K, used 29646K [0x0000000709800000, 0x0000000800000000)
  region size 2048K, 3 young (6144K), 3 survivors (6144K)
 Metaspace       used 11402K, committed 11648K, reserved 1114112K
  class space    used 1263K, committed 1408K, reserved 1048576K
}

Dll operation events (14 events):
Event: 0.013 Loaded shared library C:\Program Files\Java\jdk-21.0.1\bin\java.dll
Event: 0.058 Loaded shared library C:\Program Files\Java\jdk-21.0.1\bin\jsvml.dll
Event: 0.114 Loaded shared library C:\Program Files\Java\jdk-21.0.1\bin\zip.dll
Event: 0.119 Loaded shared library C:\Program Files\Java\jdk-21.0.1\bin\instrument.dll
Event: 0.129 Loaded shared library C:\Program Files\Java\jdk-21.0.1\bin\net.dll
Event: 0.132 Loaded shared library C:\Program Files\Java\jdk-21.0.1\bin\nio.dll
Event: 0.138 Loaded shared library C:\Program Files\Java\jdk-21.0.1\bin\zip.dll
Event: 0.153 Loaded shared library C:\Program Files\JetBrains\IntelliJ IDEA Community Edition 2023.3.4\bin\breakgen64.dll
Event: 0.166 Loaded shared library C:\Program Files\Java\jdk-21.0.1\bin\extnet.dll
Event: 0.180 Loaded shared library C:\Program Files\Java\jdk-21.0.1\bin\jimage.dll
Event: 0.208 Loaded shared library C:\Program Files\Java\jdk-21.0.1\bin\awt.dll
Event: 0.851 Loaded shared library C:\Program Files\Java\jdk-21.0.1\bin\freetype.dll
Event: 0.853 Loaded shared library C:\Program Files\Java\jdk-21.0.1\bin\fontmanager.dll
Event: 8.764 Loaded shared library C:\Program Files\Java\jdk-21.0.1\bin\jsound.dll

Deoptimization events (20 events):
Event: 10.127 Thread 0x000001dc760e0d30 DEOPT PACKING pc=0x000001dc5a39add6 sp=0x000000d0542fd6b0
Event: 10.127 Thread 0x000001dc760e0d30 DEOPT UNPACKING pc=0x000001dc614c4e42 sp=0x000000d0542fcaa8 mode 0
Event: 10.209 Thread 0x000001dc760e0d30 DEOPT PACKING pc=0x000001dc5a3a5a5e sp=0x000000d0542fd7c0
Event: 10.209 Thread 0x000001dc760e0d30 DEOPT UNPACKING pc=0x000001dc614c4e42 sp=0x000000d0542fcb70 mode 0
Event: 10.210 Thread 0x000001dc760e0d30 DEOPT PACKING pc=0x000001dc5a39add6 sp=0x000000d0542fd6b0
Event: 10.210 Thread 0x000001dc760e0d30 DEOPT UNPACKING pc=0x000001dc614c4e42 sp=0x000000d0542fcaa8 mode 0
Event: 41.266 Thread 0x000001dc760df2f0 Uncommon trap: trap_request=0xffffff45 fr.pc=0x000001dc61cbcd58 relative=0x0000000000000af8
Event: 41.266 Thread 0x000001dc760df2f0 Uncommon trap: reason=unstable_if action=reinterpret pc=0x000001dc61cbcd58 method=sun.awt.SunToolkit.postEvent(Lsun/awt/AppContext;Ljava/awt/AWTEvent;)V @ 27 c2
Event: 41.266 Thread 0x000001dc760df2f0 DEOPT PACKING pc=0x000001dc61cbcd58 sp=0x000000d0541fe270
Event: 41.267 Thread 0x000001dc760df2f0 DEOPT UNPACKING pc=0x000001dc614c46a2 sp=0x000000d0541fe228 mode 2
Event: 89.208 Thread 0x000001dc760df2f0 Uncommon trap: trap_request=0xffffff45 fr.pc=0x000001dc61c83fcc relative=0x0000000000003c8c
Event: 89.208 Thread 0x000001dc760df2f0 Uncommon trap: reason=unstable_if action=reinterpret pc=0x000001dc61c83fcc method=java.awt.EventQueue.coalesceEvent(Ljava/awt/AWTEvent;I)Z @ 16 c2
Event: 89.208 Thread 0x000001dc760df2f0 DEOPT PACKING pc=0x000001dc61c83fcc sp=0x000000d0541fdfd0
Event: 89.208 Thread 0x000001dc760df2f0 DEOPT UNPACKING pc=0x000001dc614c46a2 sp=0x000000d0541fde38 mode 2
Event: 89.387 Thread 0x000001dc760df2f0 Uncommon trap: trap_request=0xffffff3d fr.pc=0x000001dc61c7e22c relative=0x000000000000008c
Event: 89.387 Thread 0x000001dc760df2f0 Uncommon trap: reason=unstable_fused_if action=reinterpret pc=0x000001dc61c7e22c method=java.awt.EventQueue.eventToCacheIndex(Ljava/awt/AWTEvent;)I @ 4 c2
Event: 89.387 Thread 0x000001dc760df2f0 DEOPT PACKING pc=0x000001dc61c7e22c sp=0x000000d0541fe470
Event: 89.387 Thread 0x000001dc760df2f0 DEOPT UNPACKING pc=0x000001dc614c46a2 sp=0x000000d0541fe410 mode 2
Event: 89.802 Thread 0x000001dc760e0d30 DEOPT PACKING pc=0x000001dc5a3dcf4b sp=0x000000d0542fce80
Event: 89.802 Thread 0x000001dc760e0d30 DEOPT UNPACKING pc=0x000001dc614c4e42 sp=0x000000d0542fc2a0 mode 0

Classes loaded (20 events):
Event: 8.816 Loading class com/sun/media/sound/DirectAudioDevice$DirectDL$Pan
Event: 8.816 Loading class com/sun/media/sound/DirectAudioDevice$DirectDL$Pan done
Event: 8.817 Loading class javax/sound/sampled/LineEvent
Event: 8.817 Loading class javax/sound/sampled/LineEvent done
Event: 8.817 Loading class javax/sound/sampled/LineEvent$Type
Event: 8.817 Loading class javax/sound/sampled/LineEvent$Type done
Event: 8.817 Loading class com/sun/media/sound/EventDispatcher
Event: 8.817 Loading class com/sun/media/sound/EventDispatcher done
Event: 39.679 Loading class java/security/DomainCombiner
Event: 39.679 Loading class java/security/DomainCombiner done
Event: 88.950 Loading class java/util/WeakHashMap$KeyIterator
Event: 88.950 Loading class java/util/WeakHashMap$HashIterator
Event: 88.950 Loading class java/util/WeakHashMap$HashIterator done
Event: 88.950 Loading class java/util/WeakHashMap$KeyIterator done
Event: 89.590 Loading class javax/swing/RepaintManager$DisplayChangedRunnable
Event: 89.590 Loading class javax/swing/RepaintManager$DisplayChangedRunnable done
Event: 89.876 Loading class sun/awt/image/BufferedImageDevice
Event: 89.876 Loading class sun/awt/image/BufferedImageDevice done
Event: 90.056 Loading class sun/java2d/SurfaceDataProxy$CountdownTracker
Event: 90.056 Loading class sun/java2d/SurfaceDataProxy$CountdownTracker done

Classes unloaded (0 events):
No events

Classes redefined (0 events):
No events

Internal exceptions (18 events):
Event: 0.140 Thread 0x000001dc501d33f0 Exception <a 'java/lang/NoSuchMethodError'{0x0000000718cfaa30}: 'void java.lang.invoke.DirectMethodHandle$Holder.invokeStatic(java.lang.Object, java.lang.Object, java.lang.Object)'> (0x0000000718cfaa30) 
thrown [s\open\src\hotspot\share\interpreter\linkResolver.cpp, line 773]
Event: 0.147 Thread 0x000001dc501d33f0 Exception <a 'java/lang/NoSuchMethodError'{0x0000000718d11f38}: 'java.lang.Object java.lang.invoke.Invokers$Holder.invokeExact_MT(java.lang.Object, java.lang.Object, java.lang.Object, java.lang.Object, java.lang.Object)'> (0x0000000718d11f38) 
thrown [s\open\src\hotspot\share\interpreter\linkResolver.cpp, line 773]
Event: 0.168 Thread 0x000001dc760e06a0 Exception <a 'java/lang/NoSuchMethodError'{0x0000000718dcb6a0}: 'void java.lang.invoke.DirectMethodHandle$Holder.invokeStatic(java.lang.Object, java.lang.Object)'> (0x0000000718dcb6a0) 
thrown [s\open\src\hotspot\share\interpreter\linkResolver.cpp, line 773]
Event: 0.190 Thread 0x000001dc501d33f0 Exception <a 'java/lang/ClassNotFoundException'{0x0000000718d46dc8}: sun/awt/resources/spi/awtProvider> (0x0000000718d46dc8) 
thrown [s\open\src\hotspot\share\classfile\systemDictionary.cpp, line 312]
Event: 0.226 Thread 0x000001dc501d33f0 Exception <a 'java/io/FileNotFoundException'{0x0000000718a47180}> (0x0000000718a47180) 
thrown [s\open\src\hotspot\share\prims\jni.cpp, line 520]
Event: 0.236 Thread 0x000001dc501d33f0 Exception <a 'java/io/FileNotFoundException'{0x0000000718a70f90}> (0x0000000718a70f90) 
thrown [s\open\src\hotspot\share\prims\jni.cpp, line 520]
Event: 0.421 Thread 0x000001dc760e0d30 Exception <a 'java/lang/NoSuchMethodError'{0x00000007188a3f20}: 'void java.lang.invoke.DirectMethodHandle$Holder.invokeSpecial(java.lang.Object, java.lang.Object, java.lang.Object)'> (0x00000007188a3f20) 
thrown [s\open\src\hotspot\share\interpreter\linkResolver.cpp, line 773]
Event: 0.433 Thread 0x000001dc760e0d30 Exception <a 'java/lang/NoSuchMethodError'{0x00000007188c93c8}: 'java.lang.Object java.lang.invoke.DirectMethodHandle$Holder.newInvokeSpecial(java.lang.Object, java.lang.Object, java.lang.Object, java.lang.Object, java.lang.Object)'> (0x00000007188c93c8) 
thrown [s\open\src\hotspot\share\interpreter\linkResolver.cpp, line 773]
Event: 0.441 Thread 0x000001dc760e0d30 Exception <a 'java/lang/NoSuchMethodError'{0x00000007188f4fb8}: 'java.lang.Object java.lang.invoke.DirectMethodHandle$Holder.invokeStatic(java.lang.Object, int, java.lang.Object)'> (0x00000007188f4fb8) 
thrown [s\open\src\hotspot\share\interpreter\linkResolver.cpp, line 773]
Event: 0.473 Thread 0x000001dc760e0d30 Exception <a 'java/lang/ClassNotFoundException'{0x0000000718994670}: com/sun/swing/internal/plaf/metal/resources/spi/metalProvider> (0x0000000718994670) 
thrown [s\open\src\hotspot\share\classfile\systemDictionary.cpp, line 312]
Event: 0.474 Thread 0x000001dc760e0d30 Exception <a 'java/lang/ClassNotFoundException'{0x00000007189985d0}: com/sun/swing/internal/plaf/basic/resources/spi/basicProvider> (0x00000007189985d0) 
thrown [s\open\src\hotspot\share\classfile\systemDictionary.cpp, line 312]
Event: 0.489 Thread 0x000001dc760e0d30 Exception <a 'java/lang/NoSuchMethodError'{0x00000007189b4680}: 'int java.lang.invoke.Invokers$Holder.invokeExact_MT(java.lang.Object, java.lang.Object)'> (0x00000007189b4680) 
thrown [s\open\src\hotspot\share\interpreter\linkResolver.cpp, line 773]
Event: 0.906 Thread 0x000001dc760e0d30 Exception <a 'java/lang/NoSuchMethodError'{0x0000000718053530}: 'void java.lang.invoke.DirectMethodHandle$Holder.invokeSpecial(java.lang.Object, java.lang.Object, java.lang.Object, java.lang.Object, java.lang.Object)'> (0x0000000718053530) 
thrown [s\open\src\hotspot\share\interpreter\linkResolver.cpp, line 773]
Event: 1.087 Thread 0x000001dc760df2f0 Exception <a 'java/lang/NoSuchMethodError'{0x00000007184b0e98}: 'void java.lang.invoke.DirectMethodHandle$Holder.invokeVirtual(java.lang.Object, java.lang.Object)'> (0x00000007184b0e98) 
thrown [s\open\src\hotspot\share\interpreter\linkResolver.cpp, line 773]
Event: 1.114 Thread 0x000001dc760e0d30 Exception <a 'java/lang/NoSuchMethodError'{0x000000071848f640}: 'void java.lang.invoke.DirectMethodHandle$Holder.invokeStaticInit(java.lang.Object)'> (0x000000071848f640) 
thrown [s\open\src\hotspot\share\interpreter\linkResolver.cpp, line 773]
Event: 1.159 Thread 0x000001dc71d560b0 Exception <a 'java/lang/NoSuchMethodError'{0x000000071822e248}: 'java.lang.Object java.lang.invoke.Invokers$Holder.invokeExact_MT(java.lang.Object, java.lang.Object, java.lang.Object, java.lang.Object, java.lang.Object, java.lang.Object)'> (0x000000071822e248) 
thrown [s\open\src\hotspot\share\interpreter\linkResolver.cpp, line 773]
Event: 8.838 Thread 0x000001dc760e0d30 Exception <a 'java/lang/NoSuchMethodError'{0x0000000718080600}: 'void java.lang.invoke.DirectMethodHandle$Holder.invokeSpecial(java.lang.Object, java.lang.Object, int)'> (0x0000000718080600) 
thrown [s\open\src\hotspot\share\interpreter\linkResolver.cpp, line 773]
Event: 8.838 Thread 0x000001dc760e0d30 Exception <a 'java/lang/NoSuchMethodError'{0x0000000718085828}: 'java.lang.Object java.lang.invoke.DirectMethodHandle$Holder.newInvokeSpecial(java.lang.Object, java.lang.Object, int)'> (0x0000000718085828) 
thrown [s\open\src\hotspot\share\interpreter\linkResolver.cpp, line 773]

ZGC Phase Switch (0 events):
No events

VM Operations (20 events):
Event: 8.358 Executing VM operation: Cleanup
Event: 8.358 Executing VM operation: Cleanup done
Event: 9.372 Executing VM operation: Cleanup
Event: 9.372 Executing VM operation: Cleanup done
Event: 10.372 Executing VM operation: Cleanup
Event: 10.372 Executing VM operation: Cleanup done
Event: 12.372 Executing VM operation: Cleanup
Event: 12.372 Executing VM operation: Cleanup done
Event: 40.385 Executing VM operation: Cleanup
Event: 40.385 Executing VM operation: Cleanup done
Event: 41.385 Executing VM operation: Cleanup
Event: 41.385 Executing VM operation: Cleanup done
Event: 60.134 Executing VM operation: HandshakeAllThreads (HandshakeForDeflation)
Event: 60.134 Executing VM operation: HandshakeAllThreads (HandshakeForDeflation) done
Event: 60.134 Executing VM operation: RendezvousGCThreads
Event: 60.134 Executing VM operation: RendezvousGCThreads done
Event: 89.382 Executing VM operation: Cleanup
Event: 89.382 Executing VM operation: Cleanup done
Event: 89.876 Executing VM operation: HandshakeAllThreads (Deoptimize)
Event: 89.876 Executing VM operation: HandshakeAllThreads (Deoptimize) done

Events (20 events):
Event: 1.581 Thread 0x000001dc775a4f50 Thread exited: 0x000001dc775a4f50
Event: 1.581 Thread 0x000001dc775a48a0 Thread exited: 0x000001dc775a48a0
Event: 1.584 Thread 0x000001dc775c8c40 Thread exited: 0x000001dc775c8c40
Event: 4.388 Thread 0x000001dc77432090 Thread exited: 0x000001dc77432090
Event: 4.584 Thread 0x000001dc760ec170 Thread exited: 0x000001dc760ec170
Event: 7.709 Thread 0x000001dc760e8c80 Thread exited: 0x000001dc760e8c80
Event: 8.817 Thread 0x000001dc7e40fee0 Thread added: 0x000001dc7e40fee0
Event: 8.836 Thread 0x000001dc7e40d0f0 Thread added: 0x000001dc7e40d0f0
Event: 10.511 Thread 0x000001dc7e40e4a0 Thread added: 0x000001dc7e40e4a0
Event: 10.811 Thread 0x000001dc7e410570 Thread added: 0x000001dc7e410570
Event: 10.817 Thread 0x000001dc762e2250 Thread added: 0x000001dc762e2250
Event: 10.818 Thread 0x000001dc7c955ed0 Thread added: 0x000001dc7c955ed0
Event: 10.819 Thread 0x000001dc7d119440 Thread added: 0x000001dc7d119440
Event: 11.111 Thread 0x000001dc7e40b6b0 Thread added: 0x000001dc7e40b6b0
Event: 11.412 Thread 0x000001dc7e40bd40 Thread added: 0x000001dc7e40bd40
Event: 11.713 Thread 0x000001dc7e40c3d0 Thread added: 0x000001dc7e40c3d0
Event: 12.014 Thread 0x000001dc7e411290 Thread added: 0x000001dc7e411290
Event: 13.003 Thread 0x000001dc7d119440 Thread exited: 0x000001dc7d119440
Event: 13.003 Thread 0x000001dc7c955ed0 Thread exited: 0x000001dc7c955ed0
Event: 13.003 Thread 0x000001dc762e2250 Thread exited: 0x000001dc762e2250


Dynamic libraries:
0x00007ff680a10000 - 0x00007ff680a1e000 	C:\Program Files\Java\jdk-21.0.1\bin\java.exe
0x00007ffb1e2b0000 - 0x00007ffb1e4c7000 	C:\WINDOWS\SYSTEM32\ntdll.dll
0x00007ffb1d910000 - 0x00007ffb1d9d4000 	C:\WINDOWS\System32\KERNEL32.DLL
0x00007ffb1b8e0000 - 0x00007ffb1bcb2000 	C:\WINDOWS\System32\KERNELBASE.dll
0x00007ffb1be20000 - 0x00007ffb1bf31000 	C:\WINDOWS\System32\ucrtbase.dll
0x00007ffb12e60000 - 0x00007ffb12e78000 	C:\Program Files\Java\jdk-21.0.1\bin\jli.dll
0x00007ffb0d400000 - 0x00007ffb0d41b000 	C:\Program Files\Java\jdk-21.0.1\bin\VCRUNTIME140.dll
0x00007ffb1de00000 - 0x00007ffb1dfb1000 	C:\WINDOWS\System32\USER32.dll
0x00007ffb1b5c0000 - 0x00007ffb1b5e6000 	C:\WINDOWS\System32\win32u.dll
0x00007ffb11cc0000 - 0x00007ffb11f5b000 	C:\WINDOWS\WinSxS\amd64_microsoft.windows.common-controls_6595b64144ccf1df_6.0.22621.5547_none_27104afb73855772\COMCTL32.dll
0x00007ffb1ca60000 - 0x00007ffb1ca89000 	C:\WINDOWS\System32\GDI32.dll
0x00007ffb1bf40000 - 0x00007ffb1bfe7000 	C:\WINDOWS\System32\msvcrt.dll
0x00007ffb1b7b0000 - 0x00007ffb1b8d3000 	C:\WINDOWS\System32\gdi32full.dll
0x00007ffb1bcc0000 - 0x00007ffb1bd5a000 	C:\WINDOWS\System32\msvcp_win.dll
0x00007ffb1e230000 - 0x00007ffb1e261000 	C:\WINDOWS\System32\IMM32.DLL
0x00007ffb16340000 - 0x00007ffb1634c000 	C:\Program Files\Java\jdk-21.0.1\bin\vcruntime140_1.dll
0x00007ffb0a470000 - 0x00007ffb0a4fe000 	C:\Program Files\Java\jdk-21.0.1\bin\msvcp140.dll
0x00007ffab7870000 - 0x00007ffab8585000 	C:\Program Files\Java\jdk-21.0.1\bin\server\jvm.dll
0x00007ffb1d9e0000 - 0x00007ffb1da91000 	C:\WINDOWS\System32\ADVAPI32.dll
0x00007ffb1e030000 - 0x00007ffb1e0d8000 	C:\WINDOWS\System32\sechost.dll
0x00007ffb1b420000 - 0x00007ffb1b448000 	C:\WINDOWS\System32\bcrypt.dll
0x00007ffb1e0f0000 - 0x00007ffb1e204000 	C:\WINDOWS\System32\RPCRT4.dll
0x00007ffb1bff0000 - 0x00007ffb1c061000 	C:\WINDOWS\System32\WS2_32.dll
0x00007ffb1b270000 - 0x00007ffb1b2bd000 	C:\WINDOWS\SYSTEM32\POWRPROF.dll
0x00007ffb166c0000 - 0x00007ffb166f4000 	C:\WINDOWS\SYSTEM32\WINMM.dll
0x00007ffb12770000 - 0x00007ffb1277a000 	C:\WINDOWS\SYSTEM32\VERSION.dll
0x00007ffb1b250000 - 0x00007ffb1b263000 	C:\WINDOWS\SYSTEM32\UMPDC.dll
0x00007ffb1a3d0000 - 0x00007ffb1a3e8000 	C:\WINDOWS\SYSTEM32\kernel.appcore.dll
0x00007ffb16260000 - 0x00007ffb1626a000 	C:\Program Files\Java\jdk-21.0.1\bin\jimage.dll
0x00007ffb18c80000 - 0x00007ffb18eb3000 	C:\WINDOWS\SYSTEM32\DBGHELP.DLL
0x00007ffb1c240000 - 0x00007ffb1c5d3000 	C:\WINDOWS\System32\combase.dll
0x00007ffb1dc50000 - 0x00007ffb1dd27000 	C:\WINDOWS\System32\OLEAUT32.dll
0x00007ffb0d970000 - 0x00007ffb0d9a2000 	C:\WINDOWS\SYSTEM32\dbgcore.DLL
0x00007ffb1b3a0000 - 0x00007ffb1b41b000 	C:\WINDOWS\System32\bcryptPrimitives.dll
0x00007ffb0d3f0000 - 0x00007ffb0d3ff000 	C:\Program Files\Java\jdk-21.0.1\bin\instrument.dll
0x00007ffb0d320000 - 0x00007ffb0d33f000 	C:\Program Files\Java\jdk-21.0.1\bin\java.dll
0x00007ffb1cee0000 - 0x00007ffb1d782000 	C:\WINDOWS\System32\SHELL32.dll
0x00007ffb1b670000 - 0x00007ffb1b7af000 	C:\WINDOWS\System32\wintypes.dll
0x00007ffb192d0000 - 0x00007ffb19bed000 	C:\WINDOWS\SYSTEM32\windows.storage.dll
0x00007ffb1caa0000 - 0x00007ffb1cbac000 	C:\WINDOWS\System32\SHCORE.dll
0x00007ffb1cbb0000 - 0x00007ffb1cc19000 	C:\WINDOWS\System32\shlwapi.dll
0x00007ffb1b2d0000 - 0x00007ffb1b2fb000 	C:\WINDOWS\SYSTEM32\profapi.dll
0x00007ffb04ad0000 - 0x00007ffb04ba7000 	C:\Program Files\Java\jdk-21.0.1\bin\jsvml.dll
0x00007ffb0b710000 - 0x00007ffb0b728000 	C:\Program Files\Java\jdk-21.0.1\bin\zip.dll
0x00007ffb0b980000 - 0x00007ffb0b990000 	C:\Program Files\Java\jdk-21.0.1\bin\net.dll
0x00007ffb17cb0000 - 0x00007ffb17ddc000 	C:\WINDOWS\SYSTEM32\WINHTTP.dll
0x00007ffb1a850000 - 0x00007ffb1a8b9000 	C:\WINDOWS\system32\mswsock.dll
0x00007ffb0b730000 - 0x00007ffb0b746000 	C:\Program Files\Java\jdk-21.0.1\bin\nio.dll
0x00007ffb04a90000 - 0x00007ffb04aaa000 	C:\Program Files\JetBrains\IntelliJ IDEA Community Edition 2023.3.4\bin\breakgen64.dll
0x00007ffb0b970000 - 0x00007ffb0b977000 	C:\Program Files\Java\jdk-21.0.1\bin\extnet.dll
0x00007ffabe1e0000 - 0x00007ffabe36e000 	C:\Program Files\Java\jdk-21.0.1\bin\awt.dll
0x00007ffb149e0000 - 0x00007ffb14a77000 	C:\WINDOWS\SYSTEM32\apphelp.dll
0x00007ffb18470000 - 0x00007ffb18524000 	C:\WINDOWS\system32\uxtheme.dll
0x00007ffb1cc40000 - 0x00007ffb1cda0000 	C:\WINDOWS\System32\MSCTF.dll
0x00007ffb1dab0000 - 0x00007ffb1dc50000 	C:\WINDOWS\System32\ole32.dll
0x00007ffb18710000 - 0x00007ffb1873e000 	C:\WINDOWS\system32\DWMAPI.DLL
0x00007ffa9ed10000 - 0x00007ffa9ee10000 	C:\WINDOWS\system32\opengl32.dll
0x00007ffa9ea40000 - 0x00007ffa9ea6d000 	C:\WINDOWS\SYSTEM32\GLU32.dll
0x00007ffb185a0000 - 0x00007ffb185d7000 	C:\WINDOWS\SYSTEM32\dxcore.dll
0x00007ffae5610000 - 0x00007ffae57b8000 	C:\WINDOWS\system32\d3d9.dll
0x00007ffb10a30000 - 0x00007ffb10beb000 	C:\WINDOWS\System32\DriverStore\FileRepository\u0405562.inf_amd64_833d6fa62fbc9b88\B405308\aticfx64.dll
0x00007ffae47e0000 - 0x00007ffae4814000 	C:\WINDOWS\System32\DriverStore\FileRepository\u0405562.inf_amd64_833d6fa62fbc9b88\B405308\atiu9p64.dll
0x00007ffae3490000 - 0x00007ffae41d7000 	C:\WINDOWS\System32\DriverStore\FileRepository\u0405562.inf_amd64_833d6fa62fbc9b88\B405308\atiumd64.dll
0x0000000052130000 - 0x0000000053043000 	C:\WINDOWS\System32\DriverStore\FileRepository\u0405562.inf_amd64_833d6fa62fbc9b88\B405308\atiumd6a.dll
0x00007ffb1c5e0000 - 0x00007ffb1ca54000 	C:\WINDOWS\System32\SETUPAPI.dll
0x00007ffb12160000 - 0x00007ffb12195000 	C:\WINDOWS\SYSTEM32\amdihk64.dll
0x00007ffb12da0000 - 0x00007ffb12dea000 	C:\WINDOWS\SYSTEM32\directxdatabasehelper.dll
0x00007ffabe150000 - 0x00007ffabe1d7000 	C:\Program Files\Java\jdk-21.0.1\bin\freetype.dll
0x00007ffabe070000 - 0x00007ffabe143000 	C:\Program Files\Java\jdk-21.0.1\bin\fontmanager.dll
0x00007ffaea0e0000 - 0x00007ffaea52c000 	C:\WINDOWS\SYSTEM32\UIAutomationCore.DLL
0x00007ffaeef30000 - 0x00007ffaeefaa000 	C:\WINDOWS\SYSTEM32\OLEACC.dll
0x00007ffb1ce30000 - 0x00007ffb1cee0000 	C:\WINDOWS\System32\clbcatq.dll
0x00007ffb181e0000 - 0x00007ffb18391000 	C:\WINDOWS\SYSTEM32\WindowsCodecs.dll
0x00007ffaeee40000 - 0x00007ffaeee9e000 	C:\WINDOWS\system32\dataexchange.dll
0x00007ffb112f0000 - 0x00007ffb11596000 	C:\WINDOWS\system32\twinapi.appcore.dll
0x00007ffb067b0000 - 0x00007ffb068f6000 	C:\WINDOWS\SYSTEM32\textinputframework.dll
0x00007ffaf9bd0000 - 0x00007ffaf9be5000 	C:\Windows\System32\threadpoolwinrt.dll
0x00007ffb14600000 - 0x00007ffb14733000 	C:\WINDOWS\SYSTEM32\CoreMessaging.dll
0x00007ffb12780000 - 0x00007ffb12aec000 	C:\WINDOWS\SYSTEM32\CoreUIComponents.dll
0x00007ffb1aaa0000 - 0x00007ffb1aaac000 	C:\WINDOWS\SYSTEM32\CRYPTBASE.DLL
0x00007ffaf7790000 - 0x00007ffaf77a2000 	C:\Program Files\Java\jdk-21.0.1\bin\jsound.dll
0x00007ffabdfc0000 - 0x00007ffabe062000 	C:\WINDOWS\SYSTEM32\DSOUND.dll
0x00007ffb09730000 - 0x00007ffb09759000 	C:\WINDOWS\SYSTEM32\winmmbase.dll
0x00007ffabdf00000 - 0x00007ffabdfb1000 	C:\WINDOWS\SYSTEM32\ResampleDmo.DLL
0x00007ffb12f40000 - 0x00007ffb12f4b000 	C:\WINDOWS\SYSTEM32\msdmo.dll
0x00007ffb0dc10000 - 0x00007ffb0dcac000 	C:\WINDOWS\System32\MMDevApi.dll
0x00007ffb1af70000 - 0x00007ffb1af9c000 	C:\WINDOWS\System32\DEVOBJ.dll
0x00007ffb1afa0000 - 0x00007ffb1afee000 	C:\WINDOWS\SYSTEM32\cfgmgr32.dll
0x00007ffadcdf0000 - 0x00007ffadce36000 	C:\WINDOWS\SYSTEM32\wdmaud.drv
0x00007ffb16c40000 - 0x00007ffb16c4b000 	C:\WINDOWS\SYSTEM32\AVRT.dll
0x00007ffadcde0000 - 0x00007ffadcde9000 	C:\WINDOWS\SYSTEM32\ksuser.dll
0x00007ffaffa00000 - 0x00007ffaffbee000 	C:\WINDOWS\SYSTEM32\AUDIOSES.DLL
0x00007ffadcdd0000 - 0x00007ffadcdde000 	C:\WINDOWS\SYSTEM32\msacm32.drv
0x00007ffadcdb0000 - 0x00007ffadcdce000 	C:\WINDOWS\SYSTEM32\MSACM32.dll
0x00007ffb00bb0000 - 0x00007ffb00bbb000 	C:\WINDOWS\SYSTEM32\midimap.dll
0x00007ffb04080000 - 0x00007ffb041fe000 	C:\Windows\System32\Windows.UI.dll
0x00007ffb18a70000 - 0x00007ffb18a85000 	C:\WINDOWS\SYSTEM32\resourcepolicyclient.dll

dbghelp: loaded successfully - version: 4.0.5 - missing functions: none
symbol engine: initialized successfully - sym options: 0x614 - pdb path: .;C:\Program Files\Java\jdk-21.0.1\bin;C:\WINDOWS\SYSTEM32;C:\WINDOWS\WinSxS\amd64_microsoft.windows.common-controls_6595b64144ccf1df_6.0.22621.5547_none_27104afb73855772;C:\Program Files\Java\jdk-21.0.1\bin\server;C:\Program Files\JetBrains\IntelliJ IDEA Community Edition 2023.3.4\bin;C:\WINDOWS\System32\DriverStore\FileRepository\u0405562.inf_amd64_833d6fa62fbc9b88\B405308

VM Arguments:
jvm_args: -javaagent:C:\Program Files\JetBrains\IntelliJ IDEA Community Edition 2023.3.4\lib\idea_rt.jar=51911:C:\Program Files\JetBrains\IntelliJ IDEA Community Edition 2023.3.4\bin -Dfile.encoding=UTF-8 -Dsun.stdout.encoding=UTF-8 -Dsun.stderr.encoding=UTF-8 
java_command: MainApp
java_class_path (initial): C:\Users\User-PC\IdeaProjects\UlarNode\out\production\UlarNode
Launcher Type: SUN_STANDARD

[Global flags]
     intx CICompilerCount                          = 12                                        {product} {ergonomic}
     uint ConcGCThreads                            = 3                                         {product} {ergonomic}
     uint G1ConcRefinementThreads                  = 13                                        {product} {ergonomic}
   size_t G1HeapRegionSize                         = 2097152                                   {product} {ergonomic}
    uintx GCDrainStackTargetSize                   = 64                                        {product} {ergonomic}
   size_t InitialHeapSize                          = 260046848                                 {product} {ergonomic}
   size_t MarkStackSize                            = 4194304                                   {product} {ergonomic}
   size_t MaxHeapSize                              = 4135583744                                {product} {ergonomic}
   size_t MaxNewSize                               = 2480930816                                {product} {ergonomic}
   size_t MinHeapDeltaBytes                        = 2097152                                   {product} {ergonomic}
   size_t MinHeapSize                              = 8388608                                   {product} {ergonomic}
    uintx NonNMethodCodeHeapSize                   = 7602480                                {pd product} {ergonomic}
    uintx NonProfiledCodeHeapSize                  = 122027880                              {pd product} {ergonomic}
    uintx ProfiledCodeHeapSize                     = 122027880                              {pd product} {ergonomic}
    uintx ReservedCodeCacheSize                    = 251658240                              {pd product} {ergonomic}
     bool SegmentedCodeCache                       = true                                      {product} {ergonomic}
   size_t SoftMaxHeapSize                          = 4135583744                             {manageable} {ergonomic}
     bool UseCompressedOops                        = true                           {product lp64_product} {ergonomic}
     bool UseG1GC                                  = true                                      {product} {ergonomic}
     bool UseLargePagesIndividualAllocation        = false                                  {pd product} {ergonomic}

Logging:
Log output configuration:
 #0: stdout all=warning uptime,level,tags foldmultilines=false
 #1: stderr all=off uptime,level,tags foldmultilines=false

Environment Variables:
PATH=C:\Ruby33-x64\bin;C:\Program Files\Common Files\Oracle\Java\javapath;C:\WINDOWS\system32;C:\WINDOWS;C:\WINDOWS\System32\Wbem;C:\WINDOWS\System32\WindowsPowerShell\v1.0\;C:\WINDOWS\System32\OpenSSH\;C:\Program Files\dotnet\;C:\Program Files\PostgreSQL\16\bin;C:\Program Files\Docker\Docker\resources\bin;C:\Program Files (x86)\Microsoft SQL Server\160\DTS\Binn\;C:\xampp\php;C:\ProgramData\ComposerSetup\bin;C:\Program Files\Git\cmd;C:\Users\User-PC\AppData\Local\Programs\Eclipse Adoptium\jdk-21.0.8.9-hotspot\bin;C:\Users\User-PC\AppData\Local\Programs\Python\Python311\Scripts\;C:\Users\User-PC\AppData\Local\Programs\Python\Python311\;C:\Users\User-PC\AppData\Local\Microsoft\WindowsApps;C:\Users\User-PC\AppData\Local\Programs\Microsoft VS Code\bin;C:\Users\User-PC\.dotnet\tools;C:\Users\User-PC\AppData\Roaming\Composer\vendor\bin;D:\flutter\bin
USERNAME=User-PC
OS=Windows_NT
PROCESSOR_IDENTIFIER=AMD64 Family 25 Model 80 Stepping 0, AuthenticAMD
TMP=C:\Users\User-PC\AppData\Local\Temp
TEMP=C:\Users\User-PC\AppData\Local\Temp




Periodic native trim disabled

---------------  S Y S T E M  ---------------

OS:
 Windows 11 , 64 bit Build 22621 (10.0.22621.5415)
OS uptime: 0 days 6:24 hours

CPU: total 16 (initial active 16) (16 cores per cpu, 2 threads per core) family 25 model 80 stepping 0 microcode 0x0, cx8, cmov, fxsr, ht, mmx, 3dnowpref, sse, sse2, sse3, ssse3, sse4a, sse4.1, sse4.2, popcnt, lzcnt, tsc, tscinvbit, avx, avx2, aes, erms, clmul, bmi1, bmi2, adx, sha, fma, vzeroupper, clflush, clflushopt, rdtscp, rdpid, fsrm, f16c, pku, cet_ss
Processor Information for processor 0
  Max Mhz: 3201, Current Mhz: 1882, Mhz Limit: 3201
Processor Information for processor 1
  Max Mhz: 3201, Current Mhz: 1802, Mhz Limit: 3201
Processor Information for processor 2
  Max Mhz: 3201, Current Mhz: 1882, Mhz Limit: 3201
Processor Information for processor 3
  Max Mhz: 3201, Current Mhz: 1882, Mhz Limit: 3201
Processor Information for processor 4
  Max Mhz: 3201, Current Mhz: 1802, Mhz Limit: 3201
Processor Information for processor 5
  Max Mhz: 3201, Current Mhz: 1882, Mhz Limit: 3201
Processor Information for processor 6
  Max Mhz: 3201, Current Mhz: 1882, Mhz Limit: 3201
Processor Information for processor 7
  Max Mhz: 3201, Current Mhz: 1882, Mhz Limit: 3201
Processor Information for processor 8
  Max Mhz: 3201, Current Mhz: 1882, Mhz Limit: 3201
Processor Information for processor 9
  Max Mhz: 3201, Current Mhz: 1882, Mhz Limit: 3201
Processor Information for processor 10
  Max Mhz: 3201, Current Mhz: 1882, Mhz Limit: 3201
Processor Information for processor 11
  Max Mhz: 3201, Current Mhz: 1882, Mhz Limit: 3201
Processor Information for processor 12
  Max Mhz: 3201, Current Mhz: 1882, Mhz Limit: 3201
Processor Information for processor 13
  Max Mhz: 3201, Current Mhz: 1802, Mhz Limit: 3201
Processor Information for processor 14
  Max Mhz: 3201, Current Mhz: 1882, Mhz Limit: 3201
Processor Information for processor 15
  Max Mhz: 3201, Current Mhz: 1882, Mhz Limit: 3201

Memory: 4k page, system-wide physical 15773M (4631M free)
TotalPageFile size 15773M (AvailPageFile size 17M)
current process WorkingSet (physical memory assigned to process): 225M, peak: 225M
current process commit charge ("private bytes"): 455M, peak: 465M

vm_info: OpenJDK 64-Bit Server VM (21.0.1+12-29) for windows-amd64 JRE (21.0.1+12-29), built on 2023-10-05T13:27:09Z by "mach5one" with MS VC++ 17.1 (VS2022)

END.
