#
# There is insufficient memory for the Java Runtime Environment to continue.
# Native memory allocation (malloc) failed to allocate 962912 bytes for Chunk::new
# Possible reasons:
#   The system is out of physical RAM or swap space
#   The process is running with CompressedOops enabled, and the Java Heap may be blocking the growth of the native heap
# Possible solutions:
#   Reduce memory load on the system
#   Increase physical memory or swap space
#   Check if swap backing store is full
#   Decrease Java heap size (-Xmx/-Xms)
#   Decrease number of Java threads
#   Decrease Java thread stack sizes (-Xss)
#   Set larger code cache with -XX:ReservedCodeCacheSize=
#   JVM is running with Zero Based Compressed Oops mode in which the Java heap is
#     placed in the first 32GB address space. The Java Heap base address is the
#     maximum limit for the native heap growth. Please use -XX:HeapBaseMinAddress
#     to set the Java Heap base and to place the Java Heap above 32GB virtual address.
# This output file may be truncated or incomplete.
#
#  Out of Memory Error (arena.cpp:168), pid=11116, tid=25384
#
# JRE version: OpenJDK Runtime Environment (21.0.1+12) (build 21.0.1+12-29)
# Java VM: OpenJDK 64-Bit Server VM (21.0.1+12-29, mixed mode, sharing, tiered, compressed oops, compressed class ptrs, g1 gc, windows-amd64)
# No core dump will be written. Minidumps are not enabled by default on client versions of Windows
#

---------------  S U M M A R Y ------------

Command Line: -javaagent:C:\Program Files\JetBrains\IntelliJ IDEA Community Edition 2023.3.4\lib\idea_rt.jar=57530:C:\Program Files\JetBrains\IntelliJ IDEA Community Edition 2023.3.4\bin -Dfile.encoding=UTF-8 -Dsun.stdout.encoding=UTF-8 -Dsun.stderr.encoding=UTF-8 MazeProjectFinal

Host: AMD Ryzen 7 5800H with Radeon Graphics         , 16 cores, 15G,  Windows 11 , 64 bit Build 22621 (10.0.22621.5415)
Time: Wed Dec  3 22:05:10 2025 SE Asia Standard Time elapsed time: 1.111655 seconds (0d 0h 0m 1s)

---------------  T H R E A D  ---------------

Current thread (0x000002202d2ded40):  JavaThread "C2 CompilerThread4" daemon [_thread_in_native, id=25384, stack(0x0000007a7bb00000,0x0000007a7bc00000) (1024K)]


Current CompileTask:
C2:   1111 1268   !   4       java.io.BufferedInputStream::read (69 bytes)

Stack: [0x0000007a7bb00000,0x0000007a7bc00000]
Native frames: (J=compiled Java code, j=interpreted, Vv=VM code, C=native code)
V  [jvm.dll+0x6c9029]
V  [jvm.dll+0x854b81]
V  [jvm.dll+0x856e5e]
V  [jvm.dll+0x857543]
V  [jvm.dll+0x280c06]
V  [jvm.dll+0xc3ead]
V  [jvm.dll+0xc43c3]
V  [jvm.dll+0x3b576c]
V  [jvm.dll+0x382475]
V  [jvm.dll+0x3818ea]
V  [jvm.dll+0x249ad0]
V  [jvm.dll+0x2490b1]
V  [jvm.dll+0x1c9ca1]
V  [jvm.dll+0x2586b9]
V  [jvm.dll+0x256c9a]
V  [jvm.dll+0x3ef1b6]
V  [jvm.dll+0x7fd728]
V  [jvm.dll+0x6c777d]
C  [ucrtbase.dll+0x29333]
C  [KERNEL32.DLL+0x1259d]
C  [ntdll.dll+0x5af78]


---------------  P R O C E S S  ---------------

Threads class SMR info:
_java_thread_list=0x000002202ce7f6e0, length=25, elements={
0x0000021fde0ff7c0, 0x0000021fde1004e0, 0x0000021fde1035e0, 0x0000021fde1044d0,
0x0000021fde1056d0, 0x0000021fde106260, 0x0000021fde113110, 0x0000021fde114bc0,
0x0000021fde2df1f0, 0x0000021fde0c89a0, 0x0000021fde33c140, 0x0000021fde4f1060,
0x0000021fde4f16d0, 0x0000021fde5af810, 0x0000021fde5b2310, 0x0000021fde5b65b0,
0x0000021fde5c3040, 0x0000021fbe7559a0, 0x0000022024cf94c0, 0x0000022024f0b570,
0x000002202505b440, 0x000002202cd6b9d0, 0x000002202518f6a0, 0x000002202cffac10,
0x000002202d2ded40
}

Java Threads: ( => current thread )
  0x0000021fde0ff7c0 JavaThread "Reference Handler"          daemon [_thread_blocked, id=7616, stack(0x0000007a78d00000,0x0000007a78e00000) (1024K)]
  0x0000021fde1004e0 JavaThread "Finalizer"                  daemon [_thread_blocked, id=24196, stack(0x0000007a78e00000,0x0000007a78f00000) (1024K)]
  0x0000021fde1035e0 JavaThread "Signal Dispatcher"          daemon [_thread_blocked, id=17616, stack(0x0000007a78f00000,0x0000007a79000000) (1024K)]
  0x0000021fde1044d0 JavaThread "Attach Listener"            daemon [_thread_blocked, id=10932, stack(0x0000007a79000000,0x0000007a79100000) (1024K)]
  0x0000021fde1056d0 JavaThread "Service Thread"             daemon [_thread_blocked, id=7240, stack(0x0000007a79100000,0x0000007a79200000) (1024K)]
  0x0000021fde106260 JavaThread "Monitor Deflation Thread"   daemon [_thread_blocked, id=14264, stack(0x0000007a79200000,0x0000007a79300000) (1024K)]
  0x0000021fde113110 JavaThread "C2 CompilerThread0"         daemon [_thread_blocked, id=15168, stack(0x0000007a79300000,0x0000007a79400000) (1024K)]
  0x0000021fde114bc0 JavaThread "C1 CompilerThread0"         daemon [_thread_in_native, id=25620, stack(0x0000007a79400000,0x0000007a79500000) (1024K)]
  0x0000021fde2df1f0 JavaThread "C1 CompilerThread1"         daemon [_thread_blocked, id=11056, stack(0x0000007a79500000,0x0000007a79600000) (1024K)]
  0x0000021fde0c89a0 JavaThread "Common-Cleaner"             daemon [_thread_blocked, id=4376, stack(0x0000007a79600000,0x0000007a79700000) (1024K)]
  0x0000021fde33c140 JavaThread "C1 CompilerThread2"         daemon [_thread_blocked, id=25364, stack(0x0000007a79700000,0x0000007a79800000) (1024K)]
  0x0000021fde4f1060 JavaThread "Monitor Ctrl-Break"         daemon [_thread_in_native, id=1272, stack(0x0000007a79800000,0x0000007a79900000) (1024K)]
  0x0000021fde4f16d0 JavaThread "Notification Thread"        daemon [_thread_blocked, id=20272, stack(0x0000007a79900000,0x0000007a79a00000) (1024K)]
  0x0000021fde5af810 JavaThread "Java2D Disposer"            daemon [_thread_blocked, id=12660, stack(0x0000007a79a00000,0x0000007a79b00000) (1024K)]
  0x0000021fde5b2310 JavaThread "AWT-Shutdown"                      [_thread_blocked, id=21416, stack(0x0000007a79b00000,0x0000007a79c00000) (1024K)]
  0x0000021fde5b65b0 JavaThread "AWT-Windows"                daemon [_thread_in_native, id=17724, stack(0x0000007a79c00000,0x0000007a79d00000) (1024K)]
  0x0000021fde5c3040 JavaThread "AWT-EventQueue-0"                  [_thread_in_vm, id=12884, stack(0x0000007a79d00000,0x0000007a79e00000) (1024K)]
  0x0000021fbe7559a0 JavaThread "DestroyJavaVM"                     [_thread_blocked, id=10716, stack(0x0000007a78500000,0x0000007a78600000) (1024K)]
  0x0000022024cf94c0 JavaThread "C2 CompilerThread1"         daemon [_thread_blocked, id=19416, stack(0x0000007a7aa00000,0x0000007a7ab00000) (1024K)]
  0x0000022024f0b570 JavaThread "TimerQueue"                 daemon [_thread_blocked, id=19528, stack(0x0000007a7b100000,0x0000007a7b200000) (1024K)]
  0x000002202505b440 JavaThread "D3D Screen Updater"         daemon [_thread_blocked, id=16380, stack(0x0000007a7b400000,0x0000007a7b500000) (1024K)]
  0x000002202cd6b9d0 JavaThread "C1 CompilerThread3"         daemon [_thread_blocked, id=21252, stack(0x0000007a7b800000,0x0000007a7b900000) (1024K)]
  0x000002202518f6a0 JavaThread "C2 CompilerThread2"         daemon [_thread_blocked, id=26404, stack(0x0000007a7b900000,0x0000007a7ba00000) (1024K)]
  0x000002202cffac10 JavaThread "C2 CompilerThread3"         daemon [_thread_blocked, id=17780, stack(0x0000007a7ba00000,0x0000007a7bb00000) (1024K)]
=>0x000002202d2ded40 JavaThread "C2 CompilerThread4"         daemon [_thread_in_native, id=25384, stack(0x0000007a7bb00000,0x0000007a7bc00000) (1024K)]
Total: 25

Other Threads:
  0x0000021fde0e1350 VMThread "VM Thread"                           [id=25780, stack(0x0000007a78c00000,0x0000007a78d00000) (1024K)]
  0x0000021fde0c7a80 WatcherThread "VM Periodic Task Thread"        [id=3180, stack(0x0000007a78b00000,0x0000007a78c00000) (1024K)]
  0x0000021fbe7bbf20 WorkerThread "GC Thread#0"                     [id=14220, stack(0x0000007a78600000,0x0000007a78700000) (1024K)]
  0x0000022024a08140 WorkerThread "GC Thread#1"                     [id=12328, stack(0x0000007a7ab00000,0x0000007a7ac00000) (1024K)]
  0x0000022024a084e0 WorkerThread "GC Thread#2"                     [id=9496, stack(0x0000007a7ac00000,0x0000007a7ad00000) (1024K)]
  0x0000022024a07da0 WorkerThread "GC Thread#3"                     [id=9948, stack(0x0000007a7ad00000,0x0000007a7ae00000) (1024K)]
  0x0000022024a08c20 WorkerThread "GC Thread#4"                     [id=22100, stack(0x0000007a7ae00000,0x0000007a7af00000) (1024K)]
  0x0000022024a07a00 WorkerThread "GC Thread#5"                     [id=14544, stack(0x0000007a7af00000,0x0000007a7b000000) (1024K)]
  0x0000022024eb4f30 WorkerThread "GC Thread#6"                     [id=18072, stack(0x0000007a7b000000,0x0000007a7b100000) (1024K)]
  0x0000022024eb7370 WorkerThread "GC Thread#7"                     [id=25992, stack(0x0000007a7b700000,0x0000007a7b800000) (1024K)]
  0x0000021fbe7cc640 ConcurrentGCThread "G1 Main Marker"            [id=2016, stack(0x0000007a78700000,0x0000007a78800000) (1024K)]
  0x0000021fbe7cd7f0 WorkerThread "G1 Conc#0"                       [id=19496, stack(0x0000007a78800000,0x0000007a78900000) (1024K)]
  0x0000021fddf97f60 ConcurrentGCThread "G1 Refine#0"               [id=20832, stack(0x0000007a78900000,0x0000007a78a00000) (1024K)]
  0x0000021fddf989e0 ConcurrentGCThread "G1 Service"                [id=10488, stack(0x0000007a78a00000,0x0000007a78b00000) (1024K)]
Total: 14

Threads with active compile tasks:
C2 CompilerThread4     1132 1268   !   4       java.io.BufferedInputStream::read (69 bytes)
Total: 1

VM state: not at safepoint (normal execution)

VM Mutex/Monitor currently owned by a thread: None

Heap address: 0x0000000709800000, size: 3944 MB, Compressed Oops mode: Zero based, Oop shift amount: 3

CDS archive(s) mapped at: [0x0000021fdf000000-0x0000021fdfc90000-0x0000021fdfc90000), size 13172736, SharedBaseAddress: 0x0000021fdf000000, ArchiveRelocationMode: 1.
Compressed class space mapped at: 0x0000021fe0000000-0x0000022020000000, reserved size: 1073741824
Narrow klass base: 0x0000021fdf000000, Narrow klass shift: 0, Narrow klass range: 0x100000000

GC Precious Log:
 CardTable entry size: 512
 Card Set container configuration: InlinePtr #cards 4 size 8 Array Of Cards #cards 16 size 48 Howl #buckets 8 coarsen threshold 3686 Howl Bitmap #cards 512 size 80 coarsen threshold 460 Card regions per heap region 1 cards per card region 4096
 CPUs: 16 total, 16 available
 Memory: 15773M
 Large Page Support: Disabled
 NUMA Support: Disabled
 Compressed Oops: Enabled (Zero based)
 Heap Region Size: 2M
 Heap Min Capacity: 8M
 Heap Initial Capacity: 248M
 Heap Max Capacity: 3944M
 Pre-touch: Disabled
 Parallel Workers: 13
 Concurrent Workers: 3
 Concurrent Refinement Workers: 13
 Periodic GC: Disabled

Heap:
 garbage-first heap   total 253952K, used 162066K [0x0000000709800000, 0x0000000800000000)
  region size 2048K, 61 young (124928K), 8 survivors (16384K)
 Metaspace       used 10070K, committed 10304K, reserved 1114112K
  class space    used 1097K, committed 1216K, reserved 1048576K

Heap Regions: E=young(eden), S=young(survivor), O=old, HS=humongous(starts), HC=humongous(continues), CS=collection set, F=free, TAMS=top-at-mark-start, PB=parsable bottom
|   0|0x0000000709800000, 0x0000000709a00000, 0x0000000709a00000|100%|HS|  |TAMS 0x0000000709800000| PB 0x0000000709800000| Complete 
|   1|0x0000000709a00000, 0x0000000709c00000, 0x0000000709c00000|100%|HC|  |TAMS 0x0000000709a00000| PB 0x0000000709a00000| Complete 
|   2|0x0000000709c00000, 0x0000000709e00000, 0x0000000709e00000|100%|HC|  |TAMS 0x0000000709c00000| PB 0x0000000709c00000| Complete 
|   3|0x0000000709e00000, 0x000000070a000000, 0x000000070a000000|100%|HS|  |TAMS 0x0000000709e00000| PB 0x0000000709e00000| Complete 
|   4|0x000000070a000000, 0x000000070a200000, 0x000000070a200000|100%|HC|  |TAMS 0x000000070a000000| PB 0x000000070a000000| Complete 
|   5|0x000000070a200000, 0x000000070a400000, 0x000000070a400000|100%|HC|  |TAMS 0x000000070a200000| PB 0x000000070a200000| Complete 
|   6|0x000000070a400000, 0x000000070a550d10, 0x000000070a600000| 65%| O|  |TAMS 0x000000070a400000| PB 0x000000070a400000| Untracked 
|   7|0x000000070a600000, 0x000000070a800000, 0x000000070a800000|100%|HS|  |TAMS 0x000000070a600000| PB 0x000000070a600000| Complete 
|   8|0x000000070a800000, 0x000000070aa00000, 0x000000070aa00000|100%|HC|  |TAMS 0x000000070a800000| PB 0x000000070a800000| Complete 
|   9|0x000000070aa00000, 0x000000070ac00000, 0x000000070ac00000|100%|HC|  |TAMS 0x000000070aa00000| PB 0x000000070aa00000| Complete 
|  10|0x000000070ac00000, 0x000000070ae00000, 0x000000070ae00000|100%|HC|  |TAMS 0x000000070ac00000| PB 0x000000070ac00000| Complete 
|  11|0x000000070ae00000, 0x000000070b000000, 0x000000070b000000|100%|HC|  |TAMS 0x000000070ae00000| PB 0x000000070ae00000| Complete 
|  12|0x000000070b000000, 0x000000070b200000, 0x000000070b200000|100%|HC|  |TAMS 0x000000070b000000| PB 0x000000070b000000| Complete 
|  13|0x000000070b200000, 0x000000070b400000, 0x000000070b400000|100%|HC|  |TAMS 0x000000070b200000| PB 0x000000070b200000| Complete 
|  14|0x000000070b400000, 0x000000070b600000, 0x000000070b600000|100%|HS|  |TAMS 0x000000070b400000| PB 0x000000070b400000| Complete 
|  15|0x000000070b600000, 0x000000070b800000, 0x000000070b800000|100%|HC|  |TAMS 0x000000070b600000| PB 0x000000070b600000| Complete 
|  16|0x000000070b800000, 0x000000070ba00000, 0x000000070ba00000|100%|HC|  |TAMS 0x000000070b800000| PB 0x000000070b800000| Complete 
|  17|0x000000070ba00000, 0x000000070bc00000, 0x000000070bc00000|100%|HS|  |TAMS 0x000000070ba00000| PB 0x000000070ba00000| Complete 
|  18|0x000000070bc00000, 0x000000070be00000, 0x000000070be00000|100%|HC|  |TAMS 0x000000070bc00000| PB 0x000000070bc00000| Complete 
|  19|0x000000070be00000, 0x000000070c000000, 0x000000070c000000|100%|HC|  |TAMS 0x000000070be00000| PB 0x000000070be00000| Complete 
|  20|0x000000070c000000, 0x000000070c000000, 0x000000070c200000|  0%| F|  |TAMS 0x000000070c000000| PB 0x000000070c000000| Untracked 
|  21|0x000000070c200000, 0x000000070c200000, 0x000000070c400000|  0%| F|  |TAMS 0x000000070c200000| PB 0x000000070c200000| Untracked 
|  22|0x000000070c400000, 0x000000070c400000, 0x000000070c600000|  0%| F|  |TAMS 0x000000070c400000| PB 0x000000070c400000| Untracked 
|  23|0x000000070c600000, 0x000000070c600000, 0x000000070c800000|  0%| F|  |TAMS 0x000000070c600000| PB 0x000000070c600000| Untracked 
|  24|0x000000070c800000, 0x000000070c800000, 0x000000070ca00000|  0%| F|  |TAMS 0x000000070c800000| PB 0x000000070c800000| Untracked 
|  25|0x000000070ca00000, 0x000000070ca00000, 0x000000070cc00000|  0%| F|  |TAMS 0x000000070ca00000| PB 0x000000070ca00000| Untracked 
|  26|0x000000070cc00000, 0x000000070cc00000, 0x000000070ce00000|  0%| F|  |TAMS 0x000000070cc00000| PB 0x000000070cc00000| Untracked 
|  27|0x000000070ce00000, 0x000000070ce00000, 0x000000070d000000|  0%| F|  |TAMS 0x000000070ce00000| PB 0x000000070ce00000| Untracked 
|  28|0x000000070d000000, 0x000000070d000000, 0x000000070d200000|  0%| F|  |TAMS 0x000000070d000000| PB 0x000000070d000000| Untracked 
|  29|0x000000070d200000, 0x000000070d200000, 0x000000070d400000|  0%| F|  |TAMS 0x000000070d200000| PB 0x000000070d200000| Untracked 
|  30|0x000000070d400000, 0x000000070d400000, 0x000000070d600000|  0%| F|  |TAMS 0x000000070d400000| PB 0x000000070d400000| Untracked 
|  31|0x000000070d600000, 0x000000070d600000, 0x000000070d800000|  0%| F|  |TAMS 0x000000070d600000| PB 0x000000070d600000| Untracked 
|  32|0x000000070d800000, 0x000000070d800000, 0x000000070da00000|  0%| F|  |TAMS 0x000000070d800000| PB 0x000000070d800000| Untracked 
|  33|0x000000070da00000, 0x000000070da00000, 0x000000070dc00000|  0%| F|  |TAMS 0x000000070da00000| PB 0x000000070da00000| Untracked 
|  34|0x000000070dc00000, 0x000000070dc00000, 0x000000070de00000|  0%| F|  |TAMS 0x000000070dc00000| PB 0x000000070dc00000| Untracked 
|  35|0x000000070de00000, 0x000000070de00000, 0x000000070e000000|  0%| F|  |TAMS 0x000000070de00000| PB 0x000000070de00000| Untracked 
|  36|0x000000070e000000, 0x000000070e000000, 0x000000070e200000|  0%| F|  |TAMS 0x000000070e000000| PB 0x000000070e000000| Untracked 
|  37|0x000000070e200000, 0x000000070e200000, 0x000000070e400000|  0%| F|  |TAMS 0x000000070e200000| PB 0x000000070e200000| Untracked 
|  38|0x000000070e400000, 0x000000070e400000, 0x000000070e600000|  0%| F|  |TAMS 0x000000070e400000| PB 0x000000070e400000| Untracked 
|  39|0x000000070e600000, 0x000000070e600000, 0x000000070e800000|  0%| F|  |TAMS 0x000000070e600000| PB 0x000000070e600000| Untracked 
|  40|0x000000070e800000, 0x000000070e800000, 0x000000070ea00000|  0%| F|  |TAMS 0x000000070e800000| PB 0x000000070e800000| Untracked 
|  41|0x000000070ea00000, 0x000000070ea00000, 0x000000070ec00000|  0%| F|  |TAMS 0x000000070ea00000| PB 0x000000070ea00000| Untracked 
|  42|0x000000070ec00000, 0x000000070ecf3ed0, 0x000000070ee00000| 47%| S|CS|TAMS 0x000000070ec00000| PB 0x000000070ec00000| Complete 
|  43|0x000000070ee00000, 0x000000070f000000, 0x000000070f000000|100%| S|CS|TAMS 0x000000070ee00000| PB 0x000000070ee00000| Complete 
|  44|0x000000070f000000, 0x000000070f200000, 0x000000070f200000|100%| S|CS|TAMS 0x000000070f000000| PB 0x000000070f000000| Complete 
|  45|0x000000070f200000, 0x000000070f400000, 0x000000070f400000|100%| S|CS|TAMS 0x000000070f200000| PB 0x000000070f200000| Complete 
|  46|0x000000070f400000, 0x000000070f600000, 0x000000070f600000|100%| S|CS|TAMS 0x000000070f400000| PB 0x000000070f400000| Complete 
|  47|0x000000070f600000, 0x000000070f800000, 0x000000070f800000|100%| S|CS|TAMS 0x000000070f600000| PB 0x000000070f600000| Complete 
|  48|0x000000070f800000, 0x000000070fa00000, 0x000000070fa00000|100%| S|CS|TAMS 0x000000070f800000| PB 0x000000070f800000| Complete 
|  49|0x000000070fa00000, 0x000000070fc00000, 0x000000070fc00000|100%| S|CS|TAMS 0x000000070fa00000| PB 0x000000070fa00000| Complete 
|  50|0x000000070fc00000, 0x000000070fc00000, 0x000000070fe00000|  0%| F|  |TAMS 0x000000070fc00000| PB 0x000000070fc00000| Untracked 
|  51|0x000000070fe00000, 0x000000070fe00000, 0x0000000710000000|  0%| F|  |TAMS 0x000000070fe00000| PB 0x000000070fe00000| Untracked 
|  52|0x0000000710000000, 0x0000000710000000, 0x0000000710200000|  0%| F|  |TAMS 0x0000000710000000| PB 0x0000000710000000| Untracked 
|  53|0x0000000710200000, 0x0000000710200000, 0x0000000710400000|  0%| F|  |TAMS 0x0000000710200000| PB 0x0000000710200000| Untracked 
|  54|0x0000000710400000, 0x0000000710400000, 0x0000000710600000|  0%| F|  |TAMS 0x0000000710400000| PB 0x0000000710400000| Untracked 
|  55|0x0000000710600000, 0x0000000710600000, 0x0000000710800000|  0%| F|  |TAMS 0x0000000710600000| PB 0x0000000710600000| Untracked 
|  56|0x0000000710800000, 0x0000000710800000, 0x0000000710a00000|  0%| F|  |TAMS 0x0000000710800000| PB 0x0000000710800000| Untracked 
|  57|0x0000000710a00000, 0x0000000710a00000, 0x0000000710c00000|  0%| F|  |TAMS 0x0000000710a00000| PB 0x0000000710a00000| Untracked 
|  58|0x0000000710c00000, 0x0000000710c00000, 0x0000000710e00000|  0%| F|  |TAMS 0x0000000710c00000| PB 0x0000000710c00000| Untracked 
|  59|0x0000000710e00000, 0x0000000710e00000, 0x0000000711000000|  0%| F|  |TAMS 0x0000000710e00000| PB 0x0000000710e00000| Untracked 
|  60|0x0000000711000000, 0x0000000711000000, 0x0000000711200000|  0%| F|  |TAMS 0x0000000711000000| PB 0x0000000711000000| Untracked 
|  61|0x0000000711200000, 0x0000000711200000, 0x0000000711400000|  0%| F|  |TAMS 0x0000000711200000| PB 0x0000000711200000| Untracked 
|  62|0x0000000711400000, 0x0000000711400000, 0x0000000711600000|  0%| F|  |TAMS 0x0000000711400000| PB 0x0000000711400000| Untracked 
|  63|0x0000000711600000, 0x0000000711600000, 0x0000000711800000|  0%| F|  |TAMS 0x0000000711600000| PB 0x0000000711600000| Untracked 
|  64|0x0000000711800000, 0x0000000711800000, 0x0000000711a00000|  0%| F|  |TAMS 0x0000000711800000| PB 0x0000000711800000| Untracked 
|  65|0x0000000711a00000, 0x0000000711a00000, 0x0000000711c00000|  0%| F|  |TAMS 0x0000000711a00000| PB 0x0000000711a00000| Untracked 
|  66|0x0000000711c00000, 0x0000000711c00000, 0x0000000711e00000|  0%| F|  |TAMS 0x0000000711c00000| PB 0x0000000711c00000| Untracked 
|  67|0x0000000711e00000, 0x0000000711e00000, 0x0000000712000000|  0%| F|  |TAMS 0x0000000711e00000| PB 0x0000000711e00000| Untracked 
|  68|0x0000000712000000, 0x0000000712000000, 0x0000000712200000|  0%| F|  |TAMS 0x0000000712000000| PB 0x0000000712000000| Untracked 
|  69|0x0000000712200000, 0x0000000712200000, 0x0000000712400000|  0%| F|  |TAMS 0x0000000712200000| PB 0x0000000712200000| Untracked 
|  70|0x0000000712400000, 0x0000000712400000, 0x0000000712600000|  0%| F|  |TAMS 0x0000000712400000| PB 0x0000000712400000| Untracked 
|  71|0x0000000712600000, 0x00000007127dc268, 0x0000000712800000| 92%| E|  |TAMS 0x0000000712600000| PB 0x0000000712600000| Complete 
|  72|0x0000000712800000, 0x0000000712a00000, 0x0000000712a00000|100%| E|CS|TAMS 0x0000000712800000| PB 0x0000000712800000| Complete 
|  73|0x0000000712a00000, 0x0000000712c00000, 0x0000000712c00000|100%| E|CS|TAMS 0x0000000712a00000| PB 0x0000000712a00000| Complete 
|  74|0x0000000712c00000, 0x0000000712e00000, 0x0000000712e00000|100%| E|CS|TAMS 0x0000000712c00000| PB 0x0000000712c00000| Complete 
|  75|0x0000000712e00000, 0x0000000713000000, 0x0000000713000000|100%| E|CS|TAMS 0x0000000712e00000| PB 0x0000000712e00000| Complete 
|  76|0x0000000713000000, 0x0000000713200000, 0x0000000713200000|100%| E|CS|TAMS 0x0000000713000000| PB 0x0000000713000000| Complete 
|  77|0x0000000713200000, 0x0000000713400000, 0x0000000713400000|100%| E|CS|TAMS 0x0000000713200000| PB 0x0000000713200000| Complete 
|  78|0x0000000713400000, 0x0000000713600000, 0x0000000713600000|100%| E|CS|TAMS 0x0000000713400000| PB 0x0000000713400000| Complete 
|  79|0x0000000713600000, 0x0000000713800000, 0x0000000713800000|100%| E|CS|TAMS 0x0000000713600000| PB 0x0000000713600000| Complete 
|  80|0x0000000713800000, 0x0000000713a00000, 0x0000000713a00000|100%| E|CS|TAMS 0x0000000713800000| PB 0x0000000713800000| Complete 
|  81|0x0000000713a00000, 0x0000000713c00000, 0x0000000713c00000|100%| E|CS|TAMS 0x0000000713a00000| PB 0x0000000713a00000| Complete 
|  82|0x0000000713c00000, 0x0000000713e00000, 0x0000000713e00000|100%| E|CS|TAMS 0x0000000713c00000| PB 0x0000000713c00000| Complete 
|  83|0x0000000713e00000, 0x0000000714000000, 0x0000000714000000|100%| E|CS|TAMS 0x0000000713e00000| PB 0x0000000713e00000| Complete 
|  84|0x0000000714000000, 0x0000000714200000, 0x0000000714200000|100%| E|CS|TAMS 0x0000000714000000| PB 0x0000000714000000| Complete 
|  85|0x0000000714200000, 0x0000000714400000, 0x0000000714400000|100%| E|CS|TAMS 0x0000000714200000| PB 0x0000000714200000| Complete 
|  86|0x0000000714400000, 0x0000000714600000, 0x0000000714600000|100%| E|CS|TAMS 0x0000000714400000| PB 0x0000000714400000| Complete 
|  87|0x0000000714600000, 0x0000000714800000, 0x0000000714800000|100%| E|CS|TAMS 0x0000000714600000| PB 0x0000000714600000| Complete 
|  88|0x0000000714800000, 0x0000000714a00000, 0x0000000714a00000|100%| E|CS|TAMS 0x0000000714800000| PB 0x0000000714800000| Complete 
|  89|0x0000000714a00000, 0x0000000714c00000, 0x0000000714c00000|100%| E|CS|TAMS 0x0000000714a00000| PB 0x0000000714a00000| Complete 
|  90|0x0000000714c00000, 0x0000000714e00000, 0x0000000714e00000|100%| E|CS|TAMS 0x0000000714c00000| PB 0x0000000714c00000| Complete 
|  91|0x0000000714e00000, 0x0000000715000000, 0x0000000715000000|100%| E|CS|TAMS 0x0000000714e00000| PB 0x0000000714e00000| Complete 
|  92|0x0000000715000000, 0x0000000715200000, 0x0000000715200000|100%| E|CS|TAMS 0x0000000715000000| PB 0x0000000715000000| Complete 
|  93|0x0000000715200000, 0x0000000715400000, 0x0000000715400000|100%| E|CS|TAMS 0x0000000715200000| PB 0x0000000715200000| Complete 
|  94|0x0000000715400000, 0x0000000715600000, 0x0000000715600000|100%| E|CS|TAMS 0x0000000715400000| PB 0x0000000715400000| Complete 
|  95|0x0000000715600000, 0x0000000715800000, 0x0000000715800000|100%| E|CS|TAMS 0x0000000715600000| PB 0x0000000715600000| Complete 
|  96|0x0000000715800000, 0x0000000715a00000, 0x0000000715a00000|100%| E|CS|TAMS 0x0000000715800000| PB 0x0000000715800000| Complete 
|  97|0x0000000715a00000, 0x0000000715c00000, 0x0000000715c00000|100%| E|CS|TAMS 0x0000000715a00000| PB 0x0000000715a00000| Complete 
|  98|0x0000000715c00000, 0x0000000715e00000, 0x0000000715e00000|100%| E|CS|TAMS 0x0000000715c00000| PB 0x0000000715c00000| Complete 
|  99|0x0000000715e00000, 0x0000000716000000, 0x0000000716000000|100%| E|CS|TAMS 0x0000000715e00000| PB 0x0000000715e00000| Complete 
| 100|0x0000000716000000, 0x0000000716200000, 0x0000000716200000|100%| E|CS|TAMS 0x0000000716000000| PB 0x0000000716000000| Complete 
| 101|0x0000000716200000, 0x0000000716400000, 0x0000000716400000|100%| E|CS|TAMS 0x0000000716200000| PB 0x0000000716200000| Complete 
| 102|0x0000000716400000, 0x0000000716600000, 0x0000000716600000|100%| E|CS|TAMS 0x0000000716400000| PB 0x0000000716400000| Complete 
| 103|0x0000000716600000, 0x0000000716800000, 0x0000000716800000|100%| E|CS|TAMS 0x0000000716600000| PB 0x0000000716600000| Complete 
| 104|0x0000000716800000, 0x0000000716a00000, 0x0000000716a00000|100%| E|CS|TAMS 0x0000000716800000| PB 0x0000000716800000| Complete 
| 105|0x0000000716a00000, 0x0000000716c00000, 0x0000000716c00000|100%| E|CS|TAMS 0x0000000716a00000| PB 0x0000000716a00000| Complete 
| 106|0x0000000716c00000, 0x0000000716e00000, 0x0000000716e00000|100%| E|CS|TAMS 0x0000000716c00000| PB 0x0000000716c00000| Complete 
| 107|0x0000000716e00000, 0x0000000717000000, 0x0000000717000000|100%| E|CS|TAMS 0x0000000716e00000| PB 0x0000000716e00000| Complete 
| 108|0x0000000717000000, 0x0000000717200000, 0x0000000717200000|100%| E|CS|TAMS 0x0000000717000000| PB 0x0000000717000000| Complete 
| 109|0x0000000717200000, 0x0000000717400000, 0x0000000717400000|100%| E|CS|TAMS 0x0000000717200000| PB 0x0000000717200000| Complete 
| 110|0x0000000717400000, 0x0000000717600000, 0x0000000717600000|100%| E|CS|TAMS 0x0000000717400000| PB 0x0000000717400000| Complete 
| 111|0x0000000717600000, 0x0000000717800000, 0x0000000717800000|100%| E|CS|TAMS 0x0000000717600000| PB 0x0000000717600000| Complete 
| 112|0x0000000717800000, 0x0000000717a00000, 0x0000000717a00000|100%| E|CS|TAMS 0x0000000717800000| PB 0x0000000717800000| Complete 
| 113|0x0000000717a00000, 0x0000000717c00000, 0x0000000717c00000|100%| E|CS|TAMS 0x0000000717a00000| PB 0x0000000717a00000| Complete 
| 114|0x0000000717c00000, 0x0000000717e00000, 0x0000000717e00000|100%| E|CS|TAMS 0x0000000717c00000| PB 0x0000000717c00000| Complete 
| 115|0x0000000717e00000, 0x0000000718000000, 0x0000000718000000|100%| E|CS|TAMS 0x0000000717e00000| PB 0x0000000717e00000| Complete 
| 116|0x0000000718000000, 0x0000000718200000, 0x0000000718200000|100%| E|CS|TAMS 0x0000000718000000| PB 0x0000000718000000| Complete 
| 117|0x0000000718200000, 0x0000000718400000, 0x0000000718400000|100%| E|CS|TAMS 0x0000000718200000| PB 0x0000000718200000| Complete 
| 118|0x0000000718400000, 0x0000000718600000, 0x0000000718600000|100%| E|CS|TAMS 0x0000000718400000| PB 0x0000000718400000| Complete 
| 119|0x0000000718600000, 0x0000000718800000, 0x0000000718800000|100%| E|CS|TAMS 0x0000000718600000| PB 0x0000000718600000| Complete 
| 120|0x0000000718800000, 0x0000000718a00000, 0x0000000718a00000|100%| E|CS|TAMS 0x0000000718800000| PB 0x0000000718800000| Complete 
| 121|0x0000000718a00000, 0x0000000718c00000, 0x0000000718c00000|100%| E|CS|TAMS 0x0000000718a00000| PB 0x0000000718a00000| Complete 
| 122|0x0000000718c00000, 0x0000000718e00000, 0x0000000718e00000|100%| E|CS|TAMS 0x0000000718c00000| PB 0x0000000718c00000| Complete 
| 123|0x0000000718e00000, 0x0000000719000000, 0x0000000719000000|100%| E|CS|TAMS 0x0000000718e00000| PB 0x0000000718e00000| Complete 

Card table byte_map: [0x0000021fd6be0000,0x0000021fd73a0000] _byte_map_base: 0x0000021fd3394000

Marking Bits: (CMBitMap*) 0x0000021fbe7bc530
 Bits: [0x0000021fd73a0000, 0x0000021fdb140000)

Polling page: 0x0000021fbc6e0000

Metaspace:

Usage:
  Non-class:      8.77 MB used.
      Class:      1.07 MB used.
       Both:      9.85 MB used.

Virtual space:
  Non-class space:       64.00 MB reserved,       8.88 MB ( 14%) committed,  1 nodes.
      Class space:        1.00 GB reserved,       1.19 MB ( <1%) committed,  1 nodes.
             Both:        1.06 GB reserved,      10.06 MB ( <1%) committed. 

Chunk freelists:
   Non-Class:  6.97 MB
       Class:  14.75 MB
        Both:  21.71 MB

MaxMetaspaceSize: unlimited
CompressedClassSpaceSize: 1.00 GB
Initial GC threshold: 21.00 MB
Current GC threshold: 21.00 MB
CDS: on
 - commit_granule_bytes: 65536.
 - commit_granule_words: 8192.
 - virtual_space_node_default_size: 8388608.
 - enlarge_chunks_in_place: 1.
 - use_allocation_guard: 0.


Internal statistics:

num_allocs_failed_limit: 0.
num_arena_births: 160.
num_arena_deaths: 0.
num_vsnodes_births: 2.
num_vsnodes_deaths: 0.
num_space_committed: 161.
num_space_uncommitted: 0.
num_chunks_returned_to_freelist: 0.
num_chunks_taken_from_freelist: 205.
num_chunk_merges: 0.
num_chunk_splits: 121.
num_chunks_enlarged: 58.
num_inconsistent_stats: 0.

CodeHeap 'non-profiled nmethods': size=119168Kb used=641Kb max_used=641Kb free=118527Kb
 bounds [0x0000021fce740000, 0x0000021fce9b0000, 0x0000021fd5ba0000]
CodeHeap 'profiled nmethods': size=119104Kb used=2196Kb max_used=2196Kb free=116907Kb
 bounds [0x0000021fc6ba0000, 0x0000021fc6e10000, 0x0000021fcdff0000]
CodeHeap 'non-nmethods': size=7488Kb used=3303Kb max_used=3354Kb free=4184Kb
 bounds [0x0000021fcdff0000, 0x0000021fce340000, 0x0000021fce740000]
 total_blobs=2041 nmethods=1368 adapters=575
 compilation: enabled
              stopped_count=0, restarted_count=0
 full_count=0

Compilation events (20 events):
Event: 1.080 Thread 0x000002202518f6a0 nmethod 1260 0x0000021fce7bb490 code [0x0000021fce7bb840, 0x0000021fce7be430]
Event: 1.081 Thread 0x000002202518f6a0 1293       4       java.util.HashMap$Node::<init> (26 bytes)
Event: 1.082 Thread 0x000002202518f6a0 nmethod 1293 0x0000021fce7bfb10 code [0x0000021fce7bfca0, 0x0000021fce7bfff8]
Event: 1.082 Thread 0x000002202518f6a0 1331       4       java.lang.AbstractStringBuilder::ensureCapacityInternal (39 bytes)
Event: 1.082 Thread 0x000002202cffac10 nmethod 1316% 0x0000021fce7c0090 code [0x0000021fce7c0360, 0x0000021fce7c1e40]
Event: 1.083 Thread 0x000002202cffac10 1332       4       java.awt.image.AreaAveragingScaleFilter::accumPixels (545 bytes)
Event: 1.084 Thread 0x0000021fde33c140 1333       3       java.util.IdentityHashMap::isEmpty (13 bytes)
Event: 1.084 Thread 0x0000021fde33c140 nmethod 1333 0x0000021fc6dbc810 code [0x0000021fc6dbc9a0, 0x0000021fc6dbcb10]
Event: 1.084 Thread 0x000002202cd6b9d0 1334       3       sun.awt.AWTAutoShutdown::isReadyToShutdown (37 bytes)
Event: 1.084 Thread 0x000002202cd6b9d0 nmethod 1334 0x0000021fc6dbcb90 code [0x0000021fc6dbcd60, 0x0000021fc6dbd0e8]
Event: 1.085 Thread 0x000002202518f6a0 nmethod 1331 0x0000021fce7c2b90 code [0x0000021fce7c2d40, 0x0000021fce7c32a0]
Event: 1.085 Thread 0x000002202518f6a0 1335       4       sun.java2d.pipe.RenderBuffer::putDouble (26 bytes)
Event: 1.085 Thread 0x0000021fde114bc0 1336   !   3       sun.awt.AWTAutoShutdown::setToolkitBusy (124 bytes)
Event: 1.086 Thread 0x000002202518f6a0 nmethod 1335 0x0000021fce7c3490 code [0x0000021fce7c3620, 0x0000021fce7c36e0]
Event: 1.086 Thread 0x000002202518f6a0 1306       4       jdk.internal.misc.Unsafe::putReferenceRelease (9 bytes)
Event: 1.086 Thread 0x0000021fde114bc0 nmethod 1336 0x0000021fc6dbd210 code [0x0000021fc6dbd420, 0x0000021fc6dbda38]
Event: 1.086 Thread 0x000002202518f6a0 nmethod 1306 0x0000021fce7c3790 code [0x0000021fce7c3920, 0x0000021fce7c3a80]
Event: 1.086 Thread 0x000002202518f6a0 1302       4       java.io.BufferedInputStream::ensureOpen (18 bytes)
Event: 1.087 Thread 0x000002202518f6a0 nmethod 1302 0x0000021fce7c3b10 code [0x0000021fce7c3ca0, 0x0000021fce7c3d48]
Event: 1.107 Thread 0x000002202cffac10 nmethod 1332 0x0000021fce7c3e10 code [0x0000021fce7c40a0, 0x0000021fce7c58b0]

GC Heap History (6 events):
Event: 0.307 GC heap before
{Heap before GC invocations=0 (full 0):
 garbage-first heap   total 253952K, used 32768K [0x0000000709800000, 0x0000000800000000)
  region size 2048K, 11 young (22528K), 0 survivors (0K)
 Metaspace       used 5771K, committed 5952K, reserved 1114112K
  class space    used 590K, committed 704K, reserved 1048576K
}
Event: 0.309 GC heap after
{Heap after GC invocations=1 (full 0):
 garbage-first heap   total 253952K, used 17731K [0x0000000709800000, 0x0000000800000000)
  region size 2048K, 2 young (4096K), 2 survivors (4096K)
 Metaspace       used 5771K, committed 5952K, reserved 1114112K
  class space    used 590K, committed 704K, reserved 1048576K
}
Event: 0.556 GC heap before
{Heap before GC invocations=1 (full 0):
 garbage-first heap   total 253952K, used 83267K [0x0000000709800000, 0x0000000800000000)
  region size 2048K, 21 young (43008K), 2 survivors (4096K)
 Metaspace       used 5775K, committed 5952K, reserved 1114112K
  class space    used 590K, committed 704K, reserved 1048576K
}
Event: 0.558 GC heap after
{Heap after GC invocations=2 (full 0):
 garbage-first heap   total 253952K, used 46305K [0x0000000709800000, 0x0000000800000000)
  region size 2048K, 3 young (6144K), 3 survivors (6144K)
 Metaspace       used 5775K, committed 5952K, reserved 1114112K
  class space    used 590K, committed 704K, reserved 1048576K
}
Event: 0.982 GC heap before
{Heap before GC invocations=2 (full 0):
 garbage-first heap   total 253952K, used 189665K [0x0000000709800000, 0x0000000800000000)
  region size 2048K, 74 young (151552K), 3 survivors (6144K)
 Metaspace       used 9617K, committed 9920K, reserved 1114112K
  class space    used 1063K, committed 1216K, reserved 1048576K
}
Event: 0.985 GC heap after
{Heap after GC invocations=3 (full 0):
 garbage-first heap   total 253952K, used 55570K [0x0000000709800000, 0x0000000800000000)
  region size 2048K, 8 young (16384K), 8 survivors (16384K)
 Metaspace       used 9617K, committed 9920K, reserved 1114112K
  class space    used 1063K, committed 1216K, reserved 1048576K
}

Dll operation events (13 events):
Event: 0.005 Loaded shared library C:\Program Files\Java\jdk-21.0.1\bin\java.dll
Event: 0.027 Loaded shared library C:\Program Files\Java\jdk-21.0.1\bin\jsvml.dll
Event: 0.051 Loaded shared library C:\Program Files\Java\jdk-21.0.1\bin\zip.dll
Event: 0.053 Loaded shared library C:\Program Files\Java\jdk-21.0.1\bin\instrument.dll
Event: 0.056 Loaded shared library C:\Program Files\Java\jdk-21.0.1\bin\net.dll
Event: 0.057 Loaded shared library C:\Program Files\Java\jdk-21.0.1\bin\nio.dll
Event: 0.061 Loaded shared library C:\Program Files\Java\jdk-21.0.1\bin\zip.dll
Event: 0.067 Loaded shared library C:\Program Files\JetBrains\IntelliJ IDEA Community Edition 2023.3.4\bin\breakgen64.dll
Event: 0.072 Loaded shared library C:\Program Files\Java\jdk-21.0.1\bin\extnet.dll
Event: 0.075 Loaded shared library C:\Program Files\Java\jdk-21.0.1\bin\jimage.dll
Event: 0.085 Loaded shared library C:\Program Files\Java\jdk-21.0.1\bin\awt.dll
Event: 0.634 Loaded shared library C:\Program Files\Java\jdk-21.0.1\bin\freetype.dll
Event: 0.635 Loaded shared library C:\Program Files\Java\jdk-21.0.1\bin\fontmanager.dll

Deoptimization events (20 events):
Event: 1.104 Thread 0x0000021fde5c3040 DEOPT PACKING pc=0x0000021fc6daced4 sp=0x0000007a79dfd4d0
Event: 1.104 Thread 0x0000021fde5c3040 DEOPT UNPACKING pc=0x0000021fce044e42 sp=0x0000007a79dfc948 mode 0
Event: 1.104 Thread 0x0000021fde5c3040 DEOPT PACKING pc=0x0000021fc6daced4 sp=0x0000007a79dfd4d0
Event: 1.104 Thread 0x0000021fde5c3040 DEOPT UNPACKING pc=0x0000021fce044e42 sp=0x0000007a79dfc948 mode 0
Event: 1.104 Thread 0x0000021fde5c3040 DEOPT PACKING pc=0x0000021fc6daced4 sp=0x0000007a79dfd4d0
Event: 1.104 Thread 0x0000021fde5c3040 DEOPT UNPACKING pc=0x0000021fce044e42 sp=0x0000007a79dfc948 mode 0
Event: 1.105 Thread 0x0000021fde5c3040 DEOPT PACKING pc=0x0000021fc6daced4 sp=0x0000007a79dfd4d0
Event: 1.105 Thread 0x0000021fde5c3040 DEOPT UNPACKING pc=0x0000021fce044e42 sp=0x0000007a79dfc948 mode 0
Event: 1.105 Thread 0x0000021fde5c3040 DEOPT PACKING pc=0x0000021fc6daced4 sp=0x0000007a79dfd4d0
Event: 1.105 Thread 0x0000021fde5c3040 DEOPT UNPACKING pc=0x0000021fce044e42 sp=0x0000007a79dfc948 mode 0
Event: 1.105 Thread 0x0000021fde5c3040 DEOPT PACKING pc=0x0000021fc6daced4 sp=0x0000007a79dfd4d0
Event: 1.105 Thread 0x0000021fde5c3040 DEOPT UNPACKING pc=0x0000021fce044e42 sp=0x0000007a79dfc948 mode 0
Event: 1.106 Thread 0x0000021fde5c3040 DEOPT PACKING pc=0x0000021fc6daced4 sp=0x0000007a79dfd4d0
Event: 1.106 Thread 0x0000021fde5c3040 DEOPT UNPACKING pc=0x0000021fce044e42 sp=0x0000007a79dfc948 mode 0
Event: 1.106 Thread 0x0000021fde5c3040 DEOPT PACKING pc=0x0000021fc6daced4 sp=0x0000007a79dfd4d0
Event: 1.106 Thread 0x0000021fde5c3040 DEOPT UNPACKING pc=0x0000021fce044e42 sp=0x0000007a79dfc948 mode 0
Event: 1.106 Thread 0x0000021fde5c3040 DEOPT PACKING pc=0x0000021fc6daced4 sp=0x0000007a79dfd4d0
Event: 1.106 Thread 0x0000021fde5c3040 DEOPT UNPACKING pc=0x0000021fce044e42 sp=0x0000007a79dfc948 mode 0
Event: 1.107 Thread 0x0000021fde5c3040 DEOPT PACKING pc=0x0000021fc6daced4 sp=0x0000007a79dfd4d0
Event: 1.107 Thread 0x0000021fde5c3040 DEOPT UNPACKING pc=0x0000021fce044e42 sp=0x0000007a79dfc948 mode 0

Classes loaded (20 events):
Event: 1.054 Loading class sun/util/resources/cldr/TimeZoneNames_en
Event: 1.054 Loading class sun/util/resources/cldr/TimeZoneNames_en done
Event: 1.054 Loading class sun/util/resources/cldr/TimeZoneNames_en_US
Event: 1.054 Loading class sun/util/resources/cldr/TimeZoneNames_en_US done
Event: 1.055 Loading class java/time/zone/ZoneRulesProvider
Event: 1.055 Loading class java/time/zone/ZoneRulesProvider done
Event: 1.055 Loading class java/time/zone/ZoneRulesProvider$1
Event: 1.055 Loading class java/time/zone/ZoneRulesProvider$1 done
Event: 1.055 Loading class java/time/zone/TzdbZoneRulesProvider
Event: 1.055 Loading class java/time/zone/TzdbZoneRulesProvider done
Event: 1.059 Loading class java/time/zone/Ser
Event: 1.059 Loading class java/time/zone/Ser done
Event: 1.060 Loading class java/time/zone/ZoneOffsetTransition
Event: 1.060 Loading class java/time/zone/ZoneOffsetTransition done
Event: 1.061 Loading class sun/util/cldr/CLDRBaseLocaleDataMetaInfo$TZCanonicalIDMapHolder
Event: 1.061 Loading class sun/util/cldr/CLDRBaseLocaleDataMetaInfo$TZCanonicalIDMapHolder done
Event: 1.062 Loading class sun/util/resources/TimeZoneNames
Event: 1.062 Loading class sun/util/resources/TimeZoneNames done
Event: 1.063 Loading class sun/util/resources/TimeZoneNames_en
Event: 1.063 Loading class sun/util/resources/TimeZoneNames_en done

Classes unloaded (0 events):
No events

Classes redefined (0 events):
No events

Internal exceptions (15 events):
Event: 0.061 Thread 0x0000021fbe7559a0 Exception <a 'java/lang/NoSuchMethodError'{0x0000000718d37970}: 'void java.lang.invoke.DirectMethodHandle$Holder.invokeStatic(java.lang.Object, java.lang.Object, java.lang.Object)'> (0x0000000718d37970) 
thrown [s\open\src\hotspot\share\interpreter\linkResolver.cpp, line 773]
Event: 0.064 Thread 0x0000021fbe7559a0 Exception <a 'java/lang/NoSuchMethodError'{0x0000000718d4ee78}: 'java.lang.Object java.lang.invoke.Invokers$Holder.invokeExact_MT(java.lang.Object, java.lang.Object, java.lang.Object, java.lang.Object, java.lang.Object)'> (0x0000000718d4ee78) 
thrown [s\open\src\hotspot\share\interpreter\linkResolver.cpp, line 773]
Event: 0.073 Thread 0x0000021fde4f1060 Exception <a 'java/lang/NoSuchMethodError'{0x0000000718a08760}: 'void java.lang.invoke.DirectMethodHandle$Holder.invokeStatic(java.lang.Object, java.lang.Object)'> (0x0000000718a08760) 
thrown [s\open\src\hotspot\share\interpreter\linkResolver.cpp, line 773]
Event: 0.078 Thread 0x0000021fbe7559a0 Exception <a 'java/lang/ClassNotFoundException'{0x0000000718defc20}: sun/awt/resources/spi/awtProvider> (0x0000000718defc20) 
thrown [s\open\src\hotspot\share\classfile\systemDictionary.cpp, line 312]
Event: 0.091 Thread 0x0000021fbe7559a0 Exception <a 'java/io/FileNotFoundException'{0x0000000718ab3700}> (0x0000000718ab3700) 
thrown [s\open\src\hotspot\share\prims\jni.cpp, line 520]
Event: 0.095 Thread 0x0000021fbe7559a0 Exception <a 'java/io/FileNotFoundException'{0x0000000718add510}> (0x0000000718add510) 
thrown [s\open\src\hotspot\share\prims\jni.cpp, line 520]
Event: 0.170 Thread 0x0000021fde5c3040 Exception <a 'java/lang/NoSuchMethodError'{0x00000007188a2910}: 'void java.lang.invoke.DirectMethodHandle$Holder.invokeSpecial(java.lang.Object, java.lang.Object, java.lang.Object)'> (0x00000007188a2910) 
thrown [s\open\src\hotspot\share\interpreter\linkResolver.cpp, line 773]
Event: 0.175 Thread 0x0000021fde5c3040 Exception <a 'java/lang/NoSuchMethodError'{0x00000007188c7df0}: 'java.lang.Object java.lang.invoke.DirectMethodHandle$Holder.newInvokeSpecial(java.lang.Object, java.lang.Object, java.lang.Object, java.lang.Object, java.lang.Object)'> (0x00000007188c7df0) 
thrown [s\open\src\hotspot\share\interpreter\linkResolver.cpp, line 773]
Event: 0.178 Thread 0x0000021fde5c3040 Exception <a 'java/lang/NoSuchMethodError'{0x00000007188f3a60}: 'java.lang.Object java.lang.invoke.DirectMethodHandle$Holder.invokeStatic(java.lang.Object, int, java.lang.Object)'> (0x00000007188f3a60) 
thrown [s\open\src\hotspot\share\interpreter\linkResolver.cpp, line 773]
Event: 0.191 Thread 0x0000021fde5c3040 Exception <a 'java/lang/ClassNotFoundException'{0x00000007189930b0}: com/sun/swing/internal/plaf/metal/resources/spi/metalProvider> (0x00000007189930b0) 
thrown [s\open\src\hotspot\share\classfile\systemDictionary.cpp, line 312]
Event: 0.192 Thread 0x0000021fde5c3040 Exception <a 'java/lang/ClassNotFoundException'{0x0000000718997010}: com/sun/swing/internal/plaf/basic/resources/spi/basicProvider> (0x0000000718997010) 
thrown [s\open\src\hotspot\share\classfile\systemDictionary.cpp, line 312]
Event: 0.199 Thread 0x0000021fde5c3040 Exception <a 'java/lang/NoSuchMethodError'{0x00000007189b30c0}: 'int java.lang.invoke.Invokers$Holder.invokeExact_MT(java.lang.Object, java.lang.Object)'> (0x00000007189b30c0) 
thrown [s\open\src\hotspot\share\interpreter\linkResolver.cpp, line 773]
Event: 0.668 Thread 0x0000021fde5b65b0 Exception <a 'java/lang/NoSuchMethodError'{0x0000000717ef6208}: 'void java.lang.invoke.DirectMethodHandle$Holder.invokeVirtual(java.lang.Object, java.lang.Object)'> (0x0000000717ef6208) 
thrown [s\open\src\hotspot\share\interpreter\linkResolver.cpp, line 773]
Event: 0.673 Thread 0x0000021fde5c3040 Exception <a 'java/lang/NoSuchMethodError'{0x0000000717f528e8}: 'void java.lang.invoke.DirectMethodHandle$Holder.invokeStaticInit(java.lang.Object)'> (0x0000000717f528e8) 
thrown [s\open\src\hotspot\share\interpreter\linkResolver.cpp, line 773]
Event: 1.064 Thread 0x0000021fde1044d0 Exception <a 'java/lang/NoSuchMethodError'{0x00000007159f30a8}: 'java.lang.Object java.lang.invoke.Invokers$Holder.invokeExact_MT(java.lang.Object, java.lang.Object, java.lang.Object, java.lang.Object, java.lang.Object, java.lang.Object)'> (0x00000007159f30a8) 
thrown [s\open\src\hotspot\share\interpreter\linkResolver.cpp, line 773]

ZGC Phase Switch (0 events):
No events

VM Operations (16 events):
Event: 0.043 Executing VM operation: HandshakeAllThreads (Deoptimize)
Event: 0.043 Executing VM operation: HandshakeAllThreads (Deoptimize) done
Event: 0.100 Executing VM operation: HandshakeAllThreads (Deoptimize)
Event: 0.100 Executing VM operation: HandshakeAllThreads (Deoptimize) done
Event: 0.201 Executing VM operation: HandshakeAllThreads (Deoptimize)
Event: 0.201 Executing VM operation: HandshakeAllThreads (Deoptimize) done
Event: 0.307 Executing VM operation: G1CollectForAllocation (G1 Evacuation Pause)
Event: 0.309 Executing VM operation: G1CollectForAllocation (G1 Evacuation Pause) done
Event: 0.556 Executing VM operation: G1CollectForAllocation (G1 Evacuation Pause)
Event: 0.558 Executing VM operation: G1CollectForAllocation (G1 Evacuation Pause) done
Event: 0.645 Executing VM operation: HandshakeAllThreads (Deoptimize)
Event: 0.645 Executing VM operation: HandshakeAllThreads (Deoptimize) done
Event: 0.982 Executing VM operation: G1CollectForAllocation (G1 Evacuation Pause)
Event: 0.985 Executing VM operation: G1CollectForAllocation (G1 Evacuation Pause) done
Event: 1.053 Executing VM operation: HandshakeAllThreads (Deoptimize)
Event: 1.053 Executing VM operation: HandshakeAllThreads (Deoptimize) done

Events (20 events):
Event: 0.030 Thread 0x0000021fde2df1f0 Thread added: 0x0000021fde2df1f0
Event: 0.038 Thread 0x0000021fde0c89a0 Thread added: 0x0000021fde0c89a0
Event: 0.044 Thread 0x0000021fde33c140 Thread added: 0x0000021fde33c140
Event: 0.067 Thread 0x0000021fde4f1060 Thread added: 0x0000021fde4f1060
Event: 0.067 Thread 0x0000021fde4f16d0 Thread added: 0x0000021fde4f16d0
Event: 0.117 Thread 0x0000021fde5af810 Thread added: 0x0000021fde5af810
Event: 0.118 Thread 0x0000021fde5b2310 Thread added: 0x0000021fde5b2310
Event: 0.119 Thread 0x0000021fde5b65b0 Thread added: 0x0000021fde5b65b0
Event: 0.127 Thread 0x0000021fde5c3040 Thread added: 0x0000021fde5c3040
Event: 0.127 Thread 0x0000021fbe7559a0 Thread exited: 0x0000021fbe7559a0
Event: 0.127 Thread 0x0000021fbe7559a0 Thread added: 0x0000021fbe7559a0
Event: 0.300 Thread 0x0000022024cf94c0 Thread added: 0x0000022024cf94c0
Event: 0.651 Thread 0x0000022024f0b570 Thread added: 0x0000022024f0b570
Event: 0.746 Thread 0x000002202505b440 Thread added: 0x000002202505b440
Event: 0.776 Thread 0x0000022025086d30 Thread added: 0x0000022025086d30
Event: 0.900 Thread 0x0000022025086d30 Thread exited: 0x0000022025086d30
Event: 1.042 Thread 0x000002202cd6b9d0 Thread added: 0x000002202cd6b9d0
Event: 1.052 Thread 0x000002202518f6a0 Thread added: 0x000002202518f6a0
Event: 1.057 Thread 0x000002202cffac10 Thread added: 0x000002202cffac10
Event: 1.066 Thread 0x000002202d2ded40 Thread added: 0x000002202d2ded40


Dynamic libraries:
0x00007ff7e8200000 - 0x00007ff7e820e000 	C:\Program Files\Java\jdk-21.0.1\bin\java.exe
0x00007ffda3170000 - 0x00007ffda3387000 	C:\WINDOWS\SYSTEM32\ntdll.dll
0x00007ffda1fc0000 - 0x00007ffda2084000 	C:\WINDOWS\System32\KERNEL32.DLL
0x00007ffda0310000 - 0x00007ffda06e2000 	C:\WINDOWS\System32\KERNELBASE.dll
0x00007ffda0b80000 - 0x00007ffda0c91000 	C:\WINDOWS\System32\ucrtbase.dll
0x00007ffd9b8c0000 - 0x00007ffd9b8d8000 	C:\Program Files\Java\jdk-21.0.1\bin\jli.dll
0x00007ffd99f00000 - 0x00007ffd99f1b000 	C:\Program Files\Java\jdk-21.0.1\bin\VCRUNTIME140.dll
0x00007ffda2120000 - 0x00007ffda22d1000 	C:\WINDOWS\System32\USER32.dll
0x00007ffd96450000 - 0x00007ffd966eb000 	C:\WINDOWS\WinSxS\amd64_microsoft.windows.common-controls_6595b64144ccf1df_6.0.22621.5547_none_27104afb73855772\COMCTL32.dll
0x00007ffda0820000 - 0x00007ffda0846000 	C:\WINDOWS\System32\win32u.dll
0x00007ffda1e00000 - 0x00007ffda1ea7000 	C:\WINDOWS\System32\msvcrt.dll
0x00007ffda1280000 - 0x00007ffda12a9000 	C:\WINDOWS\System32\GDI32.dll
0x00007ffda06f0000 - 0x00007ffda0813000 	C:\WINDOWS\System32\gdi32full.dll
0x00007ffda0d60000 - 0x00007ffda0dfa000 	C:\WINDOWS\System32\msvcp_win.dll
0x00007ffda2c70000 - 0x00007ffda2ca1000 	C:\WINDOWS\System32\IMM32.DLL
0x00007ffd9b8b0000 - 0x00007ffd9b8bc000 	C:\Program Files\Java\jdk-21.0.1\bin\vcruntime140_1.dll
0x00007ffd89000000 - 0x00007ffd8908e000 	C:\Program Files\Java\jdk-21.0.1\bin\msvcp140.dll
0x00007ffd3a360000 - 0x00007ffd3b075000 	C:\Program Files\Java\jdk-21.0.1\bin\server\jvm.dll
0x00007ffda2550000 - 0x00007ffda2601000 	C:\WINDOWS\System32\ADVAPI32.dll
0x00007ffda1f10000 - 0x00007ffda1fb8000 	C:\WINDOWS\System32\sechost.dll
0x00007ffda02e0000 - 0x00007ffda0308000 	C:\WINDOWS\System32\bcrypt.dll
0x00007ffda2610000 - 0x00007ffda2724000 	C:\WINDOWS\System32\RPCRT4.dll
0x00007ffda12b0000 - 0x00007ffda1321000 	C:\WINDOWS\System32\WS2_32.dll
0x00007ffda0130000 - 0x00007ffda017d000 	C:\WINDOWS\SYSTEM32\POWRPROF.dll
0x00007ffd97530000 - 0x00007ffd9753a000 	C:\WINDOWS\SYSTEM32\VERSION.dll
0x00007ffd9b650000 - 0x00007ffd9b684000 	C:\WINDOWS\SYSTEM32\WINMM.dll
0x00007ffda0110000 - 0x00007ffda0123000 	C:\WINDOWS\SYSTEM32\UMPDC.dll
0x00007ffd9f290000 - 0x00007ffd9f2a8000 	C:\WINDOWS\SYSTEM32\kernel.appcore.dll
0x00007ffd9b810000 - 0x00007ffd9b81a000 	C:\Program Files\Java\jdk-21.0.1\bin\jimage.dll
0x00007ffd9db60000 - 0x00007ffd9dd93000 	C:\WINDOWS\SYSTEM32\DBGHELP.DLL
0x00007ffda2d90000 - 0x00007ffda3123000 	C:\WINDOWS\System32\combase.dll
0x00007ffda2cb0000 - 0x00007ffda2d87000 	C:\WINDOWS\System32\OLEAUT32.dll
0x00007ffd92e90000 - 0x00007ffd92ec2000 	C:\WINDOWS\SYSTEM32\dbgcore.DLL
0x00007ffda0850000 - 0x00007ffda08cb000 	C:\WINDOWS\System32\bcryptPrimitives.dll
0x00007ffd98b60000 - 0x00007ffd98b6f000 	C:\Program Files\Java\jdk-21.0.1\bin\instrument.dll
0x00007ffd99ee0000 - 0x00007ffd99eff000 	C:\Program Files\Java\jdk-21.0.1\bin\java.dll
0x00007ffda1380000 - 0x00007ffda1c22000 	C:\WINDOWS\System32\SHELL32.dll
0x00007ffda08d0000 - 0x00007ffda0a0f000 	C:\WINDOWS\System32\wintypes.dll
0x00007ffd9e190000 - 0x00007ffd9eaad000 	C:\WINDOWS\SYSTEM32\windows.storage.dll
0x00007ffda2a50000 - 0x00007ffda2b5c000 	C:\WINDOWS\System32\SHCORE.dll
0x00007ffda20b0000 - 0x00007ffda2119000 	C:\WINDOWS\System32\shlwapi.dll
0x00007ffda0190000 - 0x00007ffda01bb000 	C:\WINDOWS\SYSTEM32\profapi.dll
0x00007ffd87310000 - 0x00007ffd873e7000 	C:\Program Files\Java\jdk-21.0.1\bin\jsvml.dll
0x00007ffd8fdb0000 - 0x00007ffd8fdc8000 	C:\Program Files\Java\jdk-21.0.1\bin\zip.dll
0x00007ffd986e0000 - 0x00007ffd986f0000 	C:\Program Files\Java\jdk-21.0.1\bin\net.dll
0x00007ffd9cad0000 - 0x00007ffd9cbfc000 	C:\WINDOWS\SYSTEM32\WINHTTP.dll
0x00007ffd9f710000 - 0x00007ffd9f779000 	C:\WINDOWS\system32\mswsock.dll
0x00007ffd984b0000 - 0x00007ffd984c6000 	C:\Program Files\Java\jdk-21.0.1\bin\nio.dll
0x00007ffd7d070000 - 0x00007ffd7d08a000 	C:\Program Files\JetBrains\IntelliJ IDEA Community Edition 2023.3.4\bin\breakgen64.dll
0x00007ffd986d0000 - 0x00007ffd986d7000 	C:\Program Files\Java\jdk-21.0.1\bin\extnet.dll
0x00007ffd601e0000 - 0x00007ffd6036e000 	C:\Program Files\Java\jdk-21.0.1\bin\awt.dll
0x00007ffd9b110000 - 0x00007ffd9b1a7000 	C:\WINDOWS\SYSTEM32\apphelp.dll
0x00007ffd9d390000 - 0x00007ffd9d444000 	C:\WINDOWS\system32\uxtheme.dll
0x00007ffda1ca0000 - 0x00007ffda1e00000 	C:\WINDOWS\System32\MSCTF.dll
0x00007ffda22e0000 - 0x00007ffda2480000 	C:\WINDOWS\System32\ole32.dll
0x00007ffd9d5d0000 - 0x00007ffd9d5fe000 	C:\WINDOWS\system32\DWMAPI.DLL
0x00007ffd1c0d0000 - 0x00007ffd1c1d0000 	C:\WINDOWS\system32\opengl32.dll
0x00007ffd138c0000 - 0x00007ffd138ed000 	C:\WINDOWS\SYSTEM32\GLU32.dll
0x00007ffd9d480000 - 0x00007ffd9d4b7000 	C:\WINDOWS\SYSTEM32\dxcore.dll
0x00007ffd66e00000 - 0x00007ffd66fa8000 	C:\WINDOWS\system32\d3d9.dll
0x00007ffd959b0000 - 0x00007ffd95b6b000 	C:\WINDOWS\System32\DriverStore\FileRepository\u0405562.inf_amd64_833d6fa62fbc9b88\B405308\aticfx64.dll
0x00007ffd67650000 - 0x00007ffd67684000 	C:\WINDOWS\System32\DriverStore\FileRepository\u0405562.inf_amd64_833d6fa62fbc9b88\B405308\atiu9p64.dll
0x00007ffd660b0000 - 0x00007ffd66df7000 	C:\WINDOWS\System32\DriverStore\FileRepository\u0405562.inf_amd64_833d6fa62fbc9b88\B405308\atiumd64.dll
0x0000000076ee0000 - 0x0000000077df3000 	C:\WINDOWS\System32\DriverStore\FileRepository\u0405562.inf_amd64_833d6fa62fbc9b88\B405308\atiumd6a.dll
0x00007ffda0e00000 - 0x00007ffda1274000 	C:\WINDOWS\System32\SETUPAPI.dll
0x00007ffd966f0000 - 0x00007ffd96725000 	C:\WINDOWS\SYSTEM32\amdihk64.dll
0x00007ffd98130000 - 0x00007ffd9817a000 	C:\WINDOWS\SYSTEM32\directxdatabasehelper.dll
0x00007ffd744a0000 - 0x00007ffd74527000 	C:\Program Files\Java\jdk-21.0.1\bin\freetype.dll
0x00007ffd5f7c0000 - 0x00007ffd5f893000 	C:\Program Files\Java\jdk-21.0.1\bin\fontmanager.dll
0x00007ffd6f350000 - 0x00007ffd6f79c000 	C:\WINDOWS\SYSTEM32\UIAutomationCore.DLL
0x00007ffd727c0000 - 0x00007ffd7283a000 	C:\WINDOWS\SYSTEM32\OLEACC.dll
0x00007ffda24a0000 - 0x00007ffda2550000 	C:\WINDOWS\System32\clbcatq.dll
0x00007ffd9d1d0000 - 0x00007ffd9d381000 	C:\WINDOWS\SYSTEM32\WindowsCodecs.dll
0x00007ffd72760000 - 0x00007ffd727be000 	C:\WINDOWS\system32\dataexchange.dll
0x00007ffd961a0000 - 0x00007ffd96446000 	C:\WINDOWS\system32\twinapi.appcore.dll
0x00007ffd90bc0000 - 0x00007ffd90d06000 	C:\WINDOWS\SYSTEM32\textinputframework.dll
0x00007ffd7d130000 - 0x00007ffd7d145000 	C:\Windows\System32\threadpoolwinrt.dll

dbghelp: loaded successfully - version: 4.0.5 - missing functions: none
symbol engine: initialized successfully - sym options: 0x614 - pdb path: .;C:\Program Files\Java\jdk-21.0.1\bin;C:\WINDOWS\SYSTEM32;C:\WINDOWS\WinSxS\amd64_microsoft.windows.common-controls_6595b64144ccf1df_6.0.22621.5547_none_27104afb73855772;C:\Program Files\Java\jdk-21.0.1\bin\server;C:\Program Files\JetBrains\IntelliJ IDEA Community Edition 2023.3.4\bin;C:\WINDOWS\System32\DriverStore\FileRepository\u0405562.inf_amd64_833d6fa62fbc9b88\B405308

VM Arguments:
jvm_args: -javaagent:C:\Program Files\JetBrains\IntelliJ IDEA Community Edition 2023.3.4\lib\idea_rt.jar=57530:C:\Program Files\JetBrains\IntelliJ IDEA Community Edition 2023.3.4\bin -Dfile.encoding=UTF-8 -Dsun.stdout.encoding=UTF-8 -Dsun.stderr.encoding=UTF-8 
java_command: MazeProjectFinal
java_class_path (initial): C:\Users\User-PC\IdeaProjects\Maze\out\production\Maze
Launcher Type: SUN_STANDARD

[Global flags]
     intx CICompilerCount                          = 12                                        {product} {ergonomic}
     uint ConcGCThreads                            = 3                                         {product} {ergonomic}
     uint G1ConcRefinementThreads                  = 13                                        {product} {ergonomic}
   size_t G1HeapRegionSize                         = 2097152                                   {product} {ergonomic}
    uintx GCDrainStackTargetSize                   = 64                                        {product} {ergonomic}
   size_t InitialHeapSize                          = 260046848                                 {product} {ergonomic}
   size_t MarkStackSize                            = 4194304                                   {product} {ergonomic}
   size_t MaxHeapSize                              = 4135583744                                {product} {ergonomic}
   size_t MaxNewSize                               = 2480930816                                {product} {ergonomic}
   size_t MinHeapDeltaBytes                        = 2097152                                   {product} {ergonomic}
   size_t MinHeapSize                              = 8388608                                   {product} {ergonomic}
    uintx NonNMethodCodeHeapSize                   = 7602480                                {pd product} {ergonomic}
    uintx NonProfiledCodeHeapSize                  = 122027880                              {pd product} {ergonomic}
    uintx ProfiledCodeHeapSize                     = 122027880                              {pd product} {ergonomic}
    uintx ReservedCodeCacheSize                    = 251658240                              {pd product} {ergonomic}
     bool SegmentedCodeCache                       = true                                      {product} {ergonomic}
   size_t SoftMaxHeapSize                          = 4135583744                             {manageable} {ergonomic}
     bool UseCompressedOops                        = true                           {product lp64_product} {ergonomic}
     bool UseG1GC                                  = true                                      {product} {ergonomic}
     bool UseLargePagesIndividualAllocation        = false                                  {pd product} {ergonomic}

Logging:
Log output configuration:
 #0: stdout all=warning uptime,level,tags foldmultilines=false
 #1: stderr all=off uptime,level,tags foldmultilines=false

Environment Variables:
PATH=C:\Ruby33-x64\bin;C:\Program Files\Common Files\Oracle\Java\javapath;C:\WINDOWS\system32;C:\WINDOWS;C:\WINDOWS\System32\Wbem;C:\WINDOWS\System32\WindowsPowerShell\v1.0\;C:\WINDOWS\System32\OpenSSH\;C:\Program Files\dotnet\;C:\Program Files\PostgreSQL\16\bin;C:\Program Files\Docker\Docker\resources\bin;C:\Program Files (x86)\Microsoft SQL Server\160\DTS\Binn\;C:\xampp\php;C:\ProgramData\ComposerSetup\bin;C:\Program Files\Git\cmd;C:\Users\User-PC\AppData\Local\Programs\Eclipse Adoptium\jdk-21.0.8.9-hotspot\bin;C:\Users\User-PC\AppData\Local\Programs\Python\Python311\Scripts\;C:\Users\User-PC\AppData\Local\Programs\Python\Python311\;C:\Users\User-PC\AppData\Local\Microsoft\WindowsApps;C:\Users\User-PC\AppData\Local\Programs\Microsoft VS Code\bin;C:\Users\User-PC\.dotnet\tools;C:\Users\User-PC\AppData\Roaming\Composer\vendor\bin;D:\flutter\bin
USERNAME=User-PC
OS=Windows_NT
PROCESSOR_IDENTIFIER=AMD64 Family 25 Model 80 Stepping 0, AuthenticAMD
TMP=C:\Users\User-PC\AppData\Local\Temp
TEMP=C:\Users\User-PC\AppData\Local\Temp




Periodic native trim disabled

---------------  S Y S T E M  ---------------

OS:
 Windows 11 , 64 bit Build 22621 (10.0.22621.5415)
OS uptime: 0 days 3:54 hours

CPU: total 16 (initial active 16) (16 cores per cpu, 2 threads per core) family 25 model 80 stepping 0 microcode 0x0, cx8, cmov, fxsr, ht, mmx, 3dnowpref, sse, sse2, sse3, ssse3, sse4a, sse4.1, sse4.2, popcnt, lzcnt, tsc, tscinvbit, avx, avx2, aes, erms, clmul, bmi1, bmi2, adx, sha, fma, vzeroupper, clflush, clflushopt, rdtscp, rdpid, fsrm, f16c, pku, cet_ss
Processor Information for processor 0
  Max Mhz: 3201, Current Mhz: 3201, Mhz Limit: 3201
Processor Information for processor 1
  Max Mhz: 3201, Current Mhz: 1990, Mhz Limit: 3201
Processor Information for processor 2
  Max Mhz: 3201, Current Mhz: 1990, Mhz Limit: 3201
Processor Information for processor 3
  Max Mhz: 3201, Current Mhz: 3201, Mhz Limit: 3201
Processor Information for processor 4
  Max Mhz: 3201, Current Mhz: 3201, Mhz Limit: 3201
Processor Information for processor 5
  Max Mhz: 3201, Current Mhz: 1990, Mhz Limit: 3201
Processor Information for processor 6
  Max Mhz: 3201, Current Mhz: 1990, Mhz Limit: 3201
Processor Information for processor 7
  Max Mhz: 3201, Current Mhz: 1990, Mhz Limit: 3201
Processor Information for processor 8
  Max Mhz: 3201, Current Mhz: 1990, Mhz Limit: 3201
Processor Information for processor 9
  Max Mhz: 3201, Current Mhz: 1990, Mhz Limit: 3201
Processor Information for processor 10
  Max Mhz: 3201, Current Mhz: 3201, Mhz Limit: 3201
Processor Information for processor 11
  Max Mhz: 3201, Current Mhz: 1990, Mhz Limit: 3201
Processor Information for processor 12
  Max Mhz: 3201, Current Mhz: 3201, Mhz Limit: 3201
Processor Information for processor 13
  Max Mhz: 3201, Current Mhz: 1990, Mhz Limit: 3201
Processor Information for processor 14
  Max Mhz: 3201, Current Mhz: 3201, Mhz Limit: 3201
Processor Information for processor 15
  Max Mhz: 3201, Current Mhz: 1990, Mhz Limit: 3201

Memory: 4k page, system-wide physical 15773M (5176M free)
TotalPageFile size 15773M (AvailPageFile size 6M)
current process WorkingSet (physical memory assigned to process): 314M, peak: 317M
current process commit charge ("private bytes"): 450M, peak: 454M

vm_info: OpenJDK 64-Bit Server VM (21.0.1+12-29) for windows-amd64 JRE (21.0.1+12-29), built on 2023-10-05T13:27:09Z by "mach5one" with MS VC++ 17.1 (VS2022)

END.
